[0.844s] Invoking command in '/home/krumsvik/workspaces/ros2_ws/src/gaussian_blur': PYTHONPATH=/home/krumsvik/workspaces/ros2_ws/build/gaussian_blur/prefix_override:/home/krumsvik/workspaces/ros2_ws/install/gaussian_blur/lib/python3.10/site-packages:${PYTHONPATH} /usr/bin/python3 -W ignore:setup.py install is deprecated setup.py egg_info --egg-base ../../build/gaussian_blur build --build-base /home/krumsvik/workspaces/ros2_ws/build/gaussian_blur/build install --record /home/krumsvik/workspaces/ros2_ws/build/gaussian_blur/install.log --single-version-externally-managed install_data
[0.982s] running egg_info
[0.983s] writing ../../build/gaussian_blur/gaussian_blur.egg-info/PKG-INFO
[0.983s] writing dependency_links to ../../build/gaussian_blur/gaussian_blur.egg-info/dependency_links.txt
[0.983s] writing entry points to ../../build/gaussian_blur/gaussian_blur.egg-info/entry_points.txt
[0.983s] writing requirements to ../../build/gaussian_blur/gaussian_blur.egg-info/requires.txt
[0.983s] writing top-level names to ../../build/gaussian_blur/gaussian_blur.egg-info/top_level.txt
[0.991s] reading manifest file '../../build/gaussian_blur/gaussian_blur.egg-info/SOURCES.txt'
[0.992s] writing manifest file '../../build/gaussian_blur/gaussian_blur.egg-info/SOURCES.txt'
[0.992s] running build
[0.992s] running build_py
[0.993s] running install
[0.993s] running install_lib
[0.993s] running install_data
[0.993s] running install_egg_info
[0.994s] removing '/home/krumsvik/workspaces/ros2_ws/install/gaussian_blur/lib/python3.10/site-packages/gaussian_blur-0.0.0-py3.10.egg-info' (and everything under it)
[0.994s] Copying ../../build/gaussian_blur/gaussian_blur.egg-info to /home/krumsvik/workspaces/ros2_ws/install/gaussian_blur/lib/python3.10/site-packages/gaussian_blur-0.0.0-py3.10.egg-info
[0.995s] running install_scripts
[1.009s] Installing gaussian_blur_node script to /home/krumsvik/workspaces/ros2_ws/install/gaussian_blur/lib/gaussian_blur
[1.009s] writing list of installed files to '/home/krumsvik/workspaces/ros2_ws/build/gaussian_blur/install.log'
[1.037s] Invoked command in '/home/krumsvik/workspaces/ros2_ws/src/gaussian_blur' returned '0': PYTHONPATH=/home/krumsvik/workspaces/ros2_ws/build/gaussian_blur/prefix_override:/home/krumsvik/workspaces/ros2_ws/install/gaussian_blur/lib/python3.10/site-packages:${PYTHONPATH} /usr/bin/python3 -W ignore:setup.py install is deprecated setup.py egg_info --egg-base ../../build/gaussian_blur build --build-base /home/krumsvik/workspaces/ros2_ws/build/gaussian_blur/build install --record /home/krumsvik/workspaces/ros2_ws/build/gaussian_blur/install.log --single-version-externally-managed install_data
