[0.879s] Invoking command in '/home/krumsvik/workspaces/ros2_ws/src/py_pubsub': PYTHONPATH=/home/krumsvik/workspaces/ros2_ws/build/py_pubsub/prefix_override:/home/krumsvik/workspaces/ros2_ws/install/py_pubsub/lib/python3.10/site-packages:${PYTHONPATH} /usr/bin/python3 -W ignore:setup.py install is deprecated setup.py egg_info --egg-base ../../build/py_pubsub build --build-base /home/krumsvik/workspaces/ros2_ws/build/py_pubsub/build install --record /home/krumsvik/workspaces/ros2_ws/build/py_pubsub/install.log --single-version-externally-managed install_data
[1.027s] running egg_info
[1.028s] writing ../../build/py_pubsub/py_pubsub.egg-info/PKG-INFO
[1.028s] writing dependency_links to ../../build/py_pubsub/py_pubsub.egg-info/dependency_links.txt
[1.028s] writing entry points to ../../build/py_pubsub/py_pubsub.egg-info/entry_points.txt
[1.028s] writing requirements to ../../build/py_pubsub/py_pubsub.egg-info/requires.txt
[1.028s] writing top-level names to ../../build/py_pubsub/py_pubsub.egg-info/top_level.txt
[1.029s] reading manifest file '../../build/py_pubsub/py_pubsub.egg-info/SOURCES.txt'
[1.030s] writing manifest file '../../build/py_pubsub/py_pubsub.egg-info/SOURCES.txt'
[1.030s] running build
[1.030s] running build_py
[1.031s] running install
[1.031s] running install_lib
[1.032s] running install_data
[1.032s] running install_egg_info
[1.033s] removing '/home/krumsvik/workspaces/ros2_ws/install/py_pubsub/lib/python3.10/site-packages/py_pubsub-0.0.0-py3.10.egg-info' (and everything under it)
[1.034s] Copying ../../build/py_pubsub/py_pubsub.egg-info to /home/krumsvik/workspaces/ros2_ws/install/py_pubsub/lib/python3.10/site-packages/py_pubsub-0.0.0-py3.10.egg-info
[1.035s] running install_scripts
[1.049s] Installing listener script to /home/krumsvik/workspaces/ros2_ws/install/py_pubsub/lib/py_pubsub
[1.049s] Installing talker script to /home/krumsvik/workspaces/ros2_ws/install/py_pubsub/lib/py_pubsub
[1.049s] writing list of installed files to '/home/krumsvik/workspaces/ros2_ws/build/py_pubsub/install.log'
[1.079s] Invoked command in '/home/krumsvik/workspaces/ros2_ws/src/py_pubsub' returned '0': PYTHONPATH=/home/krumsvik/workspaces/ros2_ws/build/py_pubsub/prefix_override:/home/krumsvik/workspaces/ros2_ws/install/py_pubsub/lib/python3.10/site-packages:${PYTHONPATH} /usr/bin/python3 -W ignore:setup.py install is deprecated setup.py egg_info --egg-base ../../build/py_pubsub build --build-base /home/krumsvik/workspaces/ros2_ws/build/py_pubsub/build install --record /home/krumsvik/workspaces/ros2_ws/build/py_pubsub/install.log --single-version-externally-managed install_data
