[0.494s] Invoking command in '/home/krumsvik/workspaces/ros2_ws/src/gaussian_blur': PYTHONPATH=/home/krumsvik/workspaces/ros2_ws/build/gaussian_blur/prefix_override:/home/krumsvik/workspaces/ros2_ws/install/gaussian_blur/lib/python3.10/site-packages:${PYTHONPATH} /usr/bin/python3 -W ignore:setup.py install is deprecated setup.py egg_info --egg-base ../../build/gaussian_blur build --build-base /home/krumsvik/workspaces/ros2_ws/build/gaussian_blur/build install --record /home/krumsvik/workspaces/ros2_ws/build/gaussian_blur/install.log --single-version-externally-managed install_data
[0.637s] running egg_info
[0.637s] creating ../../build/gaussian_blur/gaussian_blur.egg-info
[0.637s] writing ../../build/gaussian_blur/gaussian_blur.egg-info/PKG-INFO
[0.638s] writing dependency_links to ../../build/gaussian_blur/gaussian_blur.egg-info/dependency_links.txt
[0.638s] writing entry points to ../../build/gaussian_blur/gaussian_blur.egg-info/entry_points.txt
[0.638s] writing requirements to ../../build/gaussian_blur/gaussian_blur.egg-info/requires.txt
[0.638s] writing top-level names to ../../build/gaussian_blur/gaussian_blur.egg-info/top_level.txt
[0.638s] writing manifest file '../../build/gaussian_blur/gaussian_blur.egg-info/SOURCES.txt'
[0.639s] reading manifest file '../../build/gaussian_blur/gaussian_blur.egg-info/SOURCES.txt'
[0.639s] writing manifest file '../../build/gaussian_blur/gaussian_blur.egg-info/SOURCES.txt'
[0.639s] running build
[0.640s] running build_py
[0.640s] creating /home/krumsvik/workspaces/ros2_ws/build/gaussian_blur/build
[0.640s] creating /home/krumsvik/workspaces/ros2_ws/build/gaussian_blur/build/lib
[0.640s] creating /home/krumsvik/workspaces/ros2_ws/build/gaussian_blur/build/lib/gaussian_blur
[0.640s] copying gaussian_blur/__init__.py -> /home/krumsvik/workspaces/ros2_ws/build/gaussian_blur/build/lib/gaussian_blur
[0.640s] copying gaussian_blur/gaussian_blur_node.py -> /home/krumsvik/workspaces/ros2_ws/build/gaussian_blur/build/lib/gaussian_blur
[0.640s] running install
[0.640s] running install_lib
[0.640s] creating /home/krumsvik/workspaces/ros2_ws/install/gaussian_blur/lib/python3.10/site-packages/gaussian_blur
[0.640s] copying /home/krumsvik/workspaces/ros2_ws/build/gaussian_blur/build/lib/gaussian_blur/__init__.py -> /home/krumsvik/workspaces/ros2_ws/install/gaussian_blur/lib/python3.10/site-packages/gaussian_blur
[0.640s] copying /home/krumsvik/workspaces/ros2_ws/build/gaussian_blur/build/lib/gaussian_blur/gaussian_blur_node.py -> /home/krumsvik/workspaces/ros2_ws/install/gaussian_blur/lib/python3.10/site-packages/gaussian_blur
[0.641s] byte-compiling /home/krumsvik/workspaces/ros2_ws/install/gaussian_blur/lib/python3.10/site-packages/gaussian_blur/__init__.py to __init__.cpython-310.pyc
[0.641s] byte-compiling /home/krumsvik/workspaces/ros2_ws/install/gaussian_blur/lib/python3.10/site-packages/gaussian_blur/gaussian_blur_node.py to gaussian_blur_node.cpython-310.pyc
[0.641s] running install_data
[0.641s] creating /home/krumsvik/workspaces/ros2_ws/install/gaussian_blur/share/ament_index
[0.641s] creating /home/krumsvik/workspaces/ros2_ws/install/gaussian_blur/share/ament_index/resource_index
[0.641s] creating /home/krumsvik/workspaces/ros2_ws/install/gaussian_blur/share/ament_index/resource_index/packages
[0.641s] copying resource/gaussian_blur -> /home/krumsvik/workspaces/ros2_ws/install/gaussian_blur/share/ament_index/resource_index/packages
[0.641s] copying package.xml -> /home/krumsvik/workspaces/ros2_ws/install/gaussian_blur/share/gaussian_blur
[0.641s] running install_egg_info
[0.642s] Copying ../../build/gaussian_blur/gaussian_blur.egg-info to /home/krumsvik/workspaces/ros2_ws/install/gaussian_blur/lib/python3.10/site-packages/gaussian_blur-0.0.0-py3.10.egg-info
[0.643s] running install_scripts
[0.656s] Installing gaussian_blur_node script to /home/krumsvik/workspaces/ros2_ws/install/gaussian_blur/lib/gaussian_blur
[0.656s] writing list of installed files to '/home/krumsvik/workspaces/ros2_ws/build/gaussian_blur/install.log'
[0.671s] Invoked command in '/home/krumsvik/workspaces/ros2_ws/src/gaussian_blur' returned '0': PYTHONPATH=/home/krumsvik/workspaces/ros2_ws/build/gaussian_blur/prefix_override:/home/krumsvik/workspaces/ros2_ws/install/gaussian_blur/lib/python3.10/site-packages:${PYTHONPATH} /usr/bin/python3 -W ignore:setup.py install is deprecated setup.py egg_info --egg-base ../../build/gaussian_blur build --build-base /home/krumsvik/workspaces/ros2_ws/build/gaussian_blur/build install --record /home/krumsvik/workspaces/ros2_ws/build/gaussian_blur/install.log --single-version-externally-managed install_data
