[0.331s] Invoking command in '/home/krumsvik/workspaces/ros2_ws/src/py_pubsub': PYTHONPATH=/home/krumsvik/workspaces/ros2_ws/build/py_pubsub/prefix_override:/home/krumsvik/workspaces/ros2_ws/install/py_pubsub/lib/python3.10/site-packages:${PYTHONPATH} /usr/bin/python3 -W ignore:setup.py install is deprecated setup.py egg_info --egg-base ../../build/py_pubsub build --build-base /home/krumsvik/workspaces/ros2_ws/build/py_pubsub/build install --record /home/krumsvik/workspaces/ros2_ws/build/py_pubsub/install.log --single-version-externally-managed install_data
[0.462s] running egg_info
[0.462s] creating ../../build/py_pubsub/py_pubsub.egg-info
[0.462s] writing ../../build/py_pubsub/py_pubsub.egg-info/PKG-INFO
[0.462s] writing dependency_links to ../../build/py_pubsub/py_pubsub.egg-info/dependency_links.txt
[0.462s] writing entry points to ../../build/py_pubsub/py_pubsub.egg-info/entry_points.txt
[0.463s] writing requirements to ../../build/py_pubsub/py_pubsub.egg-info/requires.txt
[0.463s] writing top-level names to ../../build/py_pubsub/py_pubsub.egg-info/top_level.txt
[0.463s] writing manifest file '../../build/py_pubsub/py_pubsub.egg-info/SOURCES.txt'
[0.464s] reading manifest file '../../build/py_pubsub/py_pubsub.egg-info/SOURCES.txt'
[0.464s] writing manifest file '../../build/py_pubsub/py_pubsub.egg-info/SOURCES.txt'
[0.464s] running build
[0.464s] running build_py
[0.464s] creating /home/krumsvik/workspaces/ros2_ws/build/py_pubsub/build
[0.464s] creating /home/krumsvik/workspaces/ros2_ws/build/py_pubsub/build/lib
[0.464s] creating /home/krumsvik/workspaces/ros2_ws/build/py_pubsub/build/lib/py_pubsub
[0.464s] copying py_pubsub/subscriber_member_function.py -> /home/krumsvik/workspaces/ros2_ws/build/py_pubsub/build/lib/py_pubsub
[0.464s] copying py_pubsub/__init__.py -> /home/krumsvik/workspaces/ros2_ws/build/py_pubsub/build/lib/py_pubsub
[0.464s] copying py_pubsub/publisher_member_function.py -> /home/krumsvik/workspaces/ros2_ws/build/py_pubsub/build/lib/py_pubsub
[0.464s] running install
[0.464s] running install_lib
[0.465s] creating /home/krumsvik/workspaces/ros2_ws/install/py_pubsub/lib/python3.10/site-packages/py_pubsub
[0.465s] copying /home/krumsvik/workspaces/ros2_ws/build/py_pubsub/build/lib/py_pubsub/subscriber_member_function.py -> /home/krumsvik/workspaces/ros2_ws/install/py_pubsub/lib/python3.10/site-packages/py_pubsub
[0.465s] copying /home/krumsvik/workspaces/ros2_ws/build/py_pubsub/build/lib/py_pubsub/__init__.py -> /home/krumsvik/workspaces/ros2_ws/install/py_pubsub/lib/python3.10/site-packages/py_pubsub
[0.465s] copying /home/krumsvik/workspaces/ros2_ws/build/py_pubsub/build/lib/py_pubsub/publisher_member_function.py -> /home/krumsvik/workspaces/ros2_ws/install/py_pubsub/lib/python3.10/site-packages/py_pubsub
[0.465s] byte-compiling /home/krumsvik/workspaces/ros2_ws/install/py_pubsub/lib/python3.10/site-packages/py_pubsub/subscriber_member_function.py to subscriber_member_function.cpython-310.pyc
[0.466s] byte-compiling /home/krumsvik/workspaces/ros2_ws/install/py_pubsub/lib/python3.10/site-packages/py_pubsub/__init__.py to __init__.cpython-310.pyc
[0.466s] byte-compiling /home/krumsvik/workspaces/ros2_ws/install/py_pubsub/lib/python3.10/site-packages/py_pubsub/publisher_member_function.py to publisher_member_function.cpython-310.pyc
[0.466s] running install_data
[0.466s] creating /home/krumsvik/workspaces/ros2_ws/install/py_pubsub/share/ament_index
[0.466s] creating /home/krumsvik/workspaces/ros2_ws/install/py_pubsub/share/ament_index/resource_index
[0.466s] creating /home/krumsvik/workspaces/ros2_ws/install/py_pubsub/share/ament_index/resource_index/packages
[0.466s] copying resource/py_pubsub -> /home/krumsvik/workspaces/ros2_ws/install/py_pubsub/share/ament_index/resource_index/packages
[0.466s] copying package.xml -> /home/krumsvik/workspaces/ros2_ws/install/py_pubsub/share/py_pubsub
[0.466s] running install_egg_info
[0.467s] Copying ../../build/py_pubsub/py_pubsub.egg-info to /home/krumsvik/workspaces/ros2_ws/install/py_pubsub/lib/python3.10/site-packages/py_pubsub-0.0.0-py3.10.egg-info
[0.467s] running install_scripts
[0.480s] Installing listener script to /home/krumsvik/workspaces/ros2_ws/install/py_pubsub/lib/py_pubsub
[0.480s] Installing talker script to /home/krumsvik/workspaces/ros2_ws/install/py_pubsub/lib/py_pubsub
[0.480s] writing list of installed files to '/home/krumsvik/workspaces/ros2_ws/build/py_pubsub/install.log'
[0.494s] Invoked command in '/home/krumsvik/workspaces/ros2_ws/src/py_pubsub' returned '0': PYTHONPATH=/home/krumsvik/workspaces/ros2_ws/build/py_pubsub/prefix_override:/home/krumsvik/workspaces/ros2_ws/install/py_pubsub/lib/python3.10/site-packages:${PYTHONPATH} /usr/bin/python3 -W ignore:setup.py install is deprecated setup.py egg_info --egg-base ../../build/py_pubsub build --build-base /home/krumsvik/workspaces/ros2_ws/build/py_pubsub/build install --record /home/krumsvik/workspaces/ros2_ws/build/py_pubsub/install.log --single-version-externally-managed install_data
