[0.914s] Invoking command in '/home/krumsvik/workspaces/ros2_ws/src/cv2_contour': PYTHONPATH=/home/krumsvik/workspaces/ros2_ws/build/cv2_contour/prefix_override:/home/krumsvik/workspaces/ros2_ws/install/cv2_contour/lib/python3.10/site-packages:${PYTHONPATH} /usr/bin/python3 -W ignore:setup.py install is deprecated setup.py egg_info --egg-base ../../build/cv2_contour build --build-base /home/krumsvik/workspaces/ros2_ws/build/cv2_contour/build install --record /home/krumsvik/workspaces/ros2_ws/build/cv2_contour/install.log --single-version-externally-managed install_data
[1.088s] running egg_info
[1.088s] writing ../../build/cv2_contour/cv2_contour.egg-info/PKG-INFO
[1.089s] writing dependency_links to ../../build/cv2_contour/cv2_contour.egg-info/dependency_links.txt
[1.089s] writing entry points to ../../build/cv2_contour/cv2_contour.egg-info/entry_points.txt
[1.089s] writing requirements to ../../build/cv2_contour/cv2_contour.egg-info/requires.txt
[1.089s] writing top-level names to ../../build/cv2_contour/cv2_contour.egg-info/top_level.txt
[1.090s] reading manifest file '../../build/cv2_contour/cv2_contour.egg-info/SOURCES.txt'
[1.091s] writing manifest file '../../build/cv2_contour/cv2_contour.egg-info/SOURCES.txt'
[1.091s] running build
[1.091s] running build_py
[1.091s] copying cv2_contour/cv2_contour_node.py -> /home/krumsvik/workspaces/ros2_ws/build/cv2_contour/build/lib/cv2_contour
[1.092s] running install
[1.092s] running install_lib
[1.092s] copying /home/krumsvik/workspaces/ros2_ws/build/cv2_contour/build/lib/cv2_contour/cv2_contour_node.py -> /home/krumsvik/workspaces/ros2_ws/install/cv2_contour/lib/python3.10/site-packages/cv2_contour
[1.093s] byte-compiling /home/krumsvik/workspaces/ros2_ws/install/cv2_contour/lib/python3.10/site-packages/cv2_contour/cv2_contour_node.py to cv2_contour_node.cpython-310.pyc
[1.093s] running install_data
[1.093s] running install_egg_info
[1.094s] removing '/home/krumsvik/workspaces/ros2_ws/install/cv2_contour/lib/python3.10/site-packages/cv2_contour-0.0.0-py3.10.egg-info' (and everything under it)
[1.094s] Copying ../../build/cv2_contour/cv2_contour.egg-info to /home/krumsvik/workspaces/ros2_ws/install/cv2_contour/lib/python3.10/site-packages/cv2_contour-0.0.0-py3.10.egg-info
[1.095s] running install_scripts
[1.111s] Installing cv2_contour_node script to /home/krumsvik/workspaces/ros2_ws/install/cv2_contour/lib/cv2_contour
[1.111s] writing list of installed files to '/home/krumsvik/workspaces/ros2_ws/build/cv2_contour/install.log'
[1.138s] Invoked command in '/home/krumsvik/workspaces/ros2_ws/src/cv2_contour' returned '0': PYTHONPATH=/home/krumsvik/workspaces/ros2_ws/build/cv2_contour/prefix_override:/home/krumsvik/workspaces/ros2_ws/install/cv2_contour/lib/python3.10/site-packages:${PYTHONPATH} /usr/bin/python3 -W ignore:setup.py install is deprecated setup.py egg_info --egg-base ../../build/cv2_contour build --build-base /home/krumsvik/workspaces/ros2_ws/build/cv2_contour/build install --record /home/krumsvik/workspaces/ros2_ws/build/cv2_contour/install.log --single-version-externally-managed install_data
