[0.852s] Invoking command in '/home/krumsvik/workspaces/ros2_ws/src/canny_edge': PYTHONPATH=/home/krumsvik/workspaces/ros2_ws/build/canny_edge/prefix_override:/home/krumsvik/workspaces/ros2_ws/install/canny_edge/lib/python3.10/site-packages:${PYTHONPATH} /usr/bin/python3 -W ignore:setup.py install is deprecated setup.py egg_info --egg-base ../../build/canny_edge build --build-base /home/krumsvik/workspaces/ros2_ws/build/canny_edge/build install --record /home/krumsvik/workspaces/ros2_ws/build/canny_edge/install.log --single-version-externally-managed install_data
[0.996s] running egg_info
[0.997s] writing ../../build/canny_edge/canny_edge.egg-info/PKG-INFO
[0.997s] writing dependency_links to ../../build/canny_edge/canny_edge.egg-info/dependency_links.txt
[0.997s] writing entry points to ../../build/canny_edge/canny_edge.egg-info/entry_points.txt
[0.997s] writing requirements to ../../build/canny_edge/canny_edge.egg-info/requires.txt
[0.997s] writing top-level names to ../../build/canny_edge/canny_edge.egg-info/top_level.txt
[0.998s] reading manifest file '../../build/canny_edge/canny_edge.egg-info/SOURCES.txt'
[0.998s] writing manifest file '../../build/canny_edge/canny_edge.egg-info/SOURCES.txt'
[0.999s] running build
[0.999s] running build_py
[0.999s] copying canny_edge/canny_edge_node.py -> /home/krumsvik/workspaces/ros2_ws/build/canny_edge/build/lib/canny_edge
[0.999s] running install
[0.999s] running install_lib
[0.999s] copying /home/krumsvik/workspaces/ros2_ws/build/canny_edge/build/lib/canny_edge/canny_edge_node.py -> /home/krumsvik/workspaces/ros2_ws/install/canny_edge/lib/python3.10/site-packages/canny_edge
[1.000s] byte-compiling /home/krumsvik/workspaces/ros2_ws/install/canny_edge/lib/python3.10/site-packages/canny_edge/canny_edge_node.py to canny_edge_node.cpython-310.pyc
[1.000s] running install_data
[1.000s] running install_egg_info
[1.001s] removing '/home/krumsvik/workspaces/ros2_ws/install/canny_edge/lib/python3.10/site-packages/canny_edge-0.0.0-py3.10.egg-info' (and everything under it)
[1.002s] Copying ../../build/canny_edge/canny_edge.egg-info to /home/krumsvik/workspaces/ros2_ws/install/canny_edge/lib/python3.10/site-packages/canny_edge-0.0.0-py3.10.egg-info
[1.002s] running install_scripts
[1.016s] Installing canny_edge_node script to /home/krumsvik/workspaces/ros2_ws/install/canny_edge/lib/canny_edge
[1.016s] writing list of installed files to '/home/krumsvik/workspaces/ros2_ws/build/canny_edge/install.log'
[1.040s] Invoked command in '/home/krumsvik/workspaces/ros2_ws/src/canny_edge' returned '0': PYTHONPATH=/home/krumsvik/workspaces/ros2_ws/build/canny_edge/prefix_override:/home/krumsvik/workspaces/ros2_ws/install/canny_edge/lib/python3.10/site-packages:${PYTHONPATH} /usr/bin/python3 -W ignore:setup.py install is deprecated setup.py egg_info --egg-base ../../build/canny_edge build --build-base /home/krumsvik/workspaces/ros2_ws/build/canny_edge/build install --record /home/krumsvik/workspaces/ros2_ws/build/canny_edge/install.log --single-version-externally-managed install_data
