[1.005s] Invoking command in '/home/krumsvik/workspaces/ros2_ws/src/canny_edge': PYTHONPATH=/home/krumsvik/workspaces/ros2_ws/src/build/canny_edge/prefix_override:/home/krumsvik/workspaces/ros2_ws/src/install/canny_edge/lib/python3.10/site-packages:${PYTHONPATH} /usr/bin/python3 -W ignore:setup.py install is deprecated setup.py egg_info --egg-base ../build/canny_edge build --build-base /home/krumsvik/workspaces/ros2_ws/src/build/canny_edge/build install --record /home/krumsvik/workspaces/ros2_ws/src/build/canny_edge/install.log --single-version-externally-managed install_data
[1.179s] running egg_info
[1.179s] creating ../build/canny_edge/canny_edge.egg-info
[1.179s] writing ../build/canny_edge/canny_edge.egg-info/PKG-INFO
[1.180s] writing dependency_links to ../build/canny_edge/canny_edge.egg-info/dependency_links.txt
[1.180s] writing entry points to ../build/canny_edge/canny_edge.egg-info/entry_points.txt
[1.180s] writing requirements to ../build/canny_edge/canny_edge.egg-info/requires.txt
[1.180s] writing top-level names to ../build/canny_edge/canny_edge.egg-info/top_level.txt
[1.180s] writing manifest file '../build/canny_edge/canny_edge.egg-info/SOURCES.txt'
[1.181s] reading manifest file '../build/canny_edge/canny_edge.egg-info/SOURCES.txt'
[1.181s] writing manifest file '../build/canny_edge/canny_edge.egg-info/SOURCES.txt'
[1.182s] running build
[1.182s] running build_py
[1.182s] creating /home/krumsvik/workspaces/ros2_ws/src/build/canny_edge/build
[1.182s] creating /home/krumsvik/workspaces/ros2_ws/src/build/canny_edge/build/lib
[1.182s] creating /home/krumsvik/workspaces/ros2_ws/src/build/canny_edge/build/lib/canny_edge
[1.182s] copying canny_edge/canny_edge_node.py -> /home/krumsvik/workspaces/ros2_ws/src/build/canny_edge/build/lib/canny_edge
[1.182s] copying canny_edge/__init__.py -> /home/krumsvik/workspaces/ros2_ws/src/build/canny_edge/build/lib/canny_edge
[1.182s] running install
[1.182s] running install_lib
[1.183s] creating /home/krumsvik/workspaces/ros2_ws/src/install/canny_edge/lib/python3.10/site-packages/canny_edge
[1.183s] copying /home/krumsvik/workspaces/ros2_ws/src/build/canny_edge/build/lib/canny_edge/canny_edge_node.py -> /home/krumsvik/workspaces/ros2_ws/src/install/canny_edge/lib/python3.10/site-packages/canny_edge
[1.183s] copying /home/krumsvik/workspaces/ros2_ws/src/build/canny_edge/build/lib/canny_edge/__init__.py -> /home/krumsvik/workspaces/ros2_ws/src/install/canny_edge/lib/python3.10/site-packages/canny_edge
[1.183s] byte-compiling /home/krumsvik/workspaces/ros2_ws/src/install/canny_edge/lib/python3.10/site-packages/canny_edge/canny_edge_node.py to canny_edge_node.cpython-310.pyc
[1.184s] byte-compiling /home/krumsvik/workspaces/ros2_ws/src/install/canny_edge/lib/python3.10/site-packages/canny_edge/__init__.py to __init__.cpython-310.pyc
[1.184s] running install_data
[1.184s] creating /home/krumsvik/workspaces/ros2_ws/src/install/canny_edge/share/ament_index
[1.184s] creating /home/krumsvik/workspaces/ros2_ws/src/install/canny_edge/share/ament_index/resource_index
[1.184s] creating /home/krumsvik/workspaces/ros2_ws/src/install/canny_edge/share/ament_index/resource_index/packages
[1.184s] copying resource/canny_edge -> /home/krumsvik/workspaces/ros2_ws/src/install/canny_edge/share/ament_index/resource_index/packages
[1.184s] copying package.xml -> /home/krumsvik/workspaces/ros2_ws/src/install/canny_edge/share/canny_edge
[1.184s] running install_egg_info
[1.185s] Copying ../build/canny_edge/canny_edge.egg-info to /home/krumsvik/workspaces/ros2_ws/src/install/canny_edge/lib/python3.10/site-packages/canny_edge-0.0.0-py3.10.egg-info
[1.186s] running install_scripts
[1.200s] Installing canny_edge_node script to /home/krumsvik/workspaces/ros2_ws/src/install/canny_edge/lib/canny_edge
[1.200s] writing list of installed files to '/home/krumsvik/workspaces/ros2_ws/src/build/canny_edge/install.log'
[1.221s] Invoked command in '/home/krumsvik/workspaces/ros2_ws/src/canny_edge' returned '0': PYTHONPATH=/home/krumsvik/workspaces/ros2_ws/src/build/canny_edge/prefix_override:/home/krumsvik/workspaces/ros2_ws/src/install/canny_edge/lib/python3.10/site-packages:${PYTHONPATH} /usr/bin/python3 -W ignore:setup.py install is deprecated setup.py egg_info --egg-base ../build/canny_edge build --build-base /home/krumsvik/workspaces/ros2_ws/src/build/canny_edge/build install --record /home/krumsvik/workspaces/ros2_ws/src/build/canny_edge/install.log --single-version-externally-managed install_data
