[0.066s] DEBUG:colcon:Command line arguments: ['/usr/bin/colcon', 'build']
[0.066s] DEBUG:colcon:Parsed command line arguments: Namespace(log_base=None, log_level=None, verb_name='build', build_base='build', install_base='install', merge_install=False, symlink_install=False, test_result_base=None, continue_on_error=False, executor='parallel', parallel_workers=16, event_handlers=None, ignore_user_meta=False, metas=['./colcon.meta'], base_paths=['.'], packages_ignore=None, packages_ignore_regex=None, paths=None, packages_up_to=None, packages_up_to_regex=None, packages_above=None, packages_above_and_dependencies=None, packages_above_depth=None, packages_select_by_dep=None, packages_skip_by_dep=None, packages_skip_up_to=None, packages_select_build_failed=False, packages_skip_build_finished=False, packages_select_test_failures=False, packages_skip_test_passed=False, packages_select=None, packages_skip=None, packages_select_regex=None, packages_skip_regex=None, packages_start=None, packages_end=None, allow_overriding=[], cmake_args=None, cmake_target=None, cmake_target_skip_unavailable=False, cmake_clean_cache=False, cmake_clean_first=False, cmake_force_configure=False, ament_cmake_args=None, catkin_cmake_args=None, catkin_skip_building_tests=False, mixin_files=None, mixin=None, verb_parser=<colcon_mixin.mixin.mixin_argument.MixinArgumentDecorator object at 0x76562d545e10>, verb_extension=<colcon_core.verb.build.BuildVerb object at 0x76562d545480>, main=<bound method BuildVerb.main of <colcon_core.verb.build.BuildVerb object at 0x76562d545480>>, mixin_verb=('build',))
[0.165s] Level 1:colcon.colcon_core.package_discovery:discover_packages(colcon_meta) check parameters
[0.166s] Level 1:colcon.colcon_core.package_discovery:discover_packages(recursive) check parameters
[0.166s] Level 1:colcon.colcon_core.package_discovery:discover_packages(ignore) check parameters
[0.166s] Level 1:colcon.colcon_core.package_discovery:discover_packages(path) check parameters
[0.166s] Level 1:colcon.colcon_core.package_discovery:discover_packages(colcon_meta) discover
[0.166s] Level 1:colcon.colcon_core.package_discovery:discover_packages(recursive) discover
[0.166s] INFO:colcon.colcon_core.package_discovery:Crawling recursively for packages in '/home/krumsvik/workspaces/ros2_ws'
[0.166s] Level 1:colcon.colcon_core.package_identification:_identify(.) by extensions ['ignore', 'ignore_ament_install']
[0.166s] Level 1:colcon.colcon_core.package_identification:_identify(.) by extension 'ignore'
[0.166s] Level 1:colcon.colcon_core.package_identification:_identify(.) by extension 'ignore_ament_install'
[0.166s] Level 1:colcon.colcon_core.package_identification:_identify(.) by extensions ['colcon_pkg']
[0.166s] Level 1:colcon.colcon_core.package_identification:_identify(.) by extension 'colcon_pkg'
[0.166s] Level 1:colcon.colcon_core.package_identification:_identify(.) by extensions ['colcon_meta']
[0.166s] Level 1:colcon.colcon_core.package_identification:_identify(.) by extension 'colcon_meta'
[0.166s] Level 1:colcon.colcon_core.package_identification:_identify(.) by extensions ['ros']
[0.166s] Level 1:colcon.colcon_core.package_identification:_identify(.) by extension 'ros'
[0.173s] Level 1:colcon.colcon_core.package_identification:_identify(.) by extensions ['cmake', 'python']
[0.173s] Level 1:colcon.colcon_core.package_identification:_identify(.) by extension 'cmake'
[0.173s] Level 1:colcon.colcon_core.package_identification:_identify(.) by extension 'python'
[0.173s] Level 1:colcon.colcon_core.package_identification:_identify(.) by extensions ['python_setup_py']
[0.173s] Level 1:colcon.colcon_core.package_identification:_identify(.) by extension 'python_setup_py'
[0.173s] Level 1:colcon.colcon_core.package_identification:_identify(build) by extensions ['ignore', 'ignore_ament_install']
[0.173s] Level 1:colcon.colcon_core.package_identification:_identify(build) by extension 'ignore'
[0.173s] Level 1:colcon.colcon_core.package_identification:_identify(build) ignored
[0.173s] Level 1:colcon.colcon_core.package_identification:_identify(install) by extensions ['ignore', 'ignore_ament_install']
[0.173s] Level 1:colcon.colcon_core.package_identification:_identify(install) by extension 'ignore'
[0.173s] Level 1:colcon.colcon_core.package_identification:_identify(install) ignored
[0.173s] Level 1:colcon.colcon_core.package_identification:_identify(log) by extensions ['ignore', 'ignore_ament_install']
[0.173s] Level 1:colcon.colcon_core.package_identification:_identify(log) by extension 'ignore'
[0.174s] Level 1:colcon.colcon_core.package_identification:_identify(log) ignored
[0.174s] Level 1:colcon.colcon_core.package_identification:_identify(src) by extensions ['ignore', 'ignore_ament_install']
[0.174s] Level 1:colcon.colcon_core.package_identification:_identify(src) by extension 'ignore'
[0.174s] Level 1:colcon.colcon_core.package_identification:_identify(src) by extension 'ignore_ament_install'
[0.174s] Level 1:colcon.colcon_core.package_identification:_identify(src) by extensions ['colcon_pkg']
[0.174s] Level 1:colcon.colcon_core.package_identification:_identify(src) by extension 'colcon_pkg'
[0.174s] Level 1:colcon.colcon_core.package_identification:_identify(src) by extensions ['colcon_meta']
[0.174s] Level 1:colcon.colcon_core.package_identification:_identify(src) by extension 'colcon_meta'
[0.174s] Level 1:colcon.colcon_core.package_identification:_identify(src) by extensions ['ros']
[0.174s] Level 1:colcon.colcon_core.package_identification:_identify(src) by extension 'ros'
[0.174s] Level 1:colcon.colcon_core.package_identification:_identify(src) by extensions ['cmake', 'python']
[0.174s] Level 1:colcon.colcon_core.package_identification:_identify(src) by extension 'cmake'
[0.174s] Level 1:colcon.colcon_core.package_identification:_identify(src) by extension 'python'
[0.174s] Level 1:colcon.colcon_core.package_identification:_identify(src) by extensions ['python_setup_py']
[0.174s] Level 1:colcon.colcon_core.package_identification:_identify(src) by extension 'python_setup_py'
[0.174s] Level 1:colcon.colcon_core.package_identification:_identify(src/build) by extensions ['ignore', 'ignore_ament_install']
[0.174s] Level 1:colcon.colcon_core.package_identification:_identify(src/build) by extension 'ignore'
[0.174s] Level 1:colcon.colcon_core.package_identification:_identify(src/build) ignored
[0.174s] Level 1:colcon.colcon_core.package_identification:_identify(src/canny_edge) by extensions ['ignore', 'ignore_ament_install']
[0.174s] Level 1:colcon.colcon_core.package_identification:_identify(src/canny_edge) by extension 'ignore'
[0.174s] Level 1:colcon.colcon_core.package_identification:_identify(src/canny_edge) by extension 'ignore_ament_install'
[0.174s] Level 1:colcon.colcon_core.package_identification:_identify(src/canny_edge) by extensions ['colcon_pkg']
[0.174s] Level 1:colcon.colcon_core.package_identification:_identify(src/canny_edge) by extension 'colcon_pkg'
[0.174s] Level 1:colcon.colcon_core.package_identification:_identify(src/canny_edge) by extensions ['colcon_meta']
[0.174s] Level 1:colcon.colcon_core.package_identification:_identify(src/canny_edge) by extension 'colcon_meta'
[0.174s] Level 1:colcon.colcon_core.package_identification:_identify(src/canny_edge) by extensions ['ros']
[0.174s] Level 1:colcon.colcon_core.package_identification:_identify(src/canny_edge) by extension 'ros'
[0.176s] DEBUG:colcon.colcon_core.package_identification:Package 'src/canny_edge' with type 'ros.ament_python' and name 'canny_edge'
[0.176s] Level 1:colcon.colcon_core.package_identification:_identify(src/cv2_contour) by extensions ['ignore', 'ignore_ament_install']
[0.176s] Level 1:colcon.colcon_core.package_identification:_identify(src/cv2_contour) by extension 'ignore'
[0.176s] Level 1:colcon.colcon_core.package_identification:_identify(src/cv2_contour) by extension 'ignore_ament_install'
[0.176s] Level 1:colcon.colcon_core.package_identification:_identify(src/cv2_contour) by extensions ['colcon_pkg']
[0.176s] Level 1:colcon.colcon_core.package_identification:_identify(src/cv2_contour) by extension 'colcon_pkg'
[0.176s] Level 1:colcon.colcon_core.package_identification:_identify(src/cv2_contour) by extensions ['colcon_meta']
[0.176s] Level 1:colcon.colcon_core.package_identification:_identify(src/cv2_contour) by extension 'colcon_meta'
[0.176s] Level 1:colcon.colcon_core.package_identification:_identify(src/cv2_contour) by extensions ['ros']
[0.176s] Level 1:colcon.colcon_core.package_identification:_identify(src/cv2_contour) by extension 'ros'
[0.176s] DEBUG:colcon.colcon_core.package_identification:Package 'src/cv2_contour' with type 'ros.ament_python' and name 'cv2_contour'
[0.176s] Level 1:colcon.colcon_core.package_identification:_identify(src/gaussian_blur) by extensions ['ignore', 'ignore_ament_install']
[0.176s] Level 1:colcon.colcon_core.package_identification:_identify(src/gaussian_blur) by extension 'ignore'
[0.176s] Level 1:colcon.colcon_core.package_identification:_identify(src/gaussian_blur) by extension 'ignore_ament_install'
[0.176s] Level 1:colcon.colcon_core.package_identification:_identify(src/gaussian_blur) by extensions ['colcon_pkg']
[0.176s] Level 1:colcon.colcon_core.package_identification:_identify(src/gaussian_blur) by extension 'colcon_pkg'
[0.177s] Level 1:colcon.colcon_core.package_identification:_identify(src/gaussian_blur) by extensions ['colcon_meta']
[0.177s] Level 1:colcon.colcon_core.package_identification:_identify(src/gaussian_blur) by extension 'colcon_meta'
[0.177s] Level 1:colcon.colcon_core.package_identification:_identify(src/gaussian_blur) by extensions ['ros']
[0.177s] Level 1:colcon.colcon_core.package_identification:_identify(src/gaussian_blur) by extension 'ros'
[0.177s] DEBUG:colcon.colcon_core.package_identification:Package 'src/gaussian_blur' with type 'ros.ament_python' and name 'gaussian_blur'
[0.177s] Level 1:colcon.colcon_core.package_identification:_identify(src/install) by extensions ['ignore', 'ignore_ament_install']
[0.177s] Level 1:colcon.colcon_core.package_identification:_identify(src/install) by extension 'ignore'
[0.177s] Level 1:colcon.colcon_core.package_identification:_identify(src/install) ignored
[0.177s] Level 1:colcon.colcon_core.package_identification:_identify(src/log) by extensions ['ignore', 'ignore_ament_install']
[0.177s] Level 1:colcon.colcon_core.package_identification:_identify(src/log) by extension 'ignore'
[0.177s] Level 1:colcon.colcon_core.package_identification:_identify(src/log) ignored
[0.177s] Level 1:colcon.colcon_core.package_identification:_identify(src/py_pubsub) by extensions ['ignore', 'ignore_ament_install']
[0.177s] Level 1:colcon.colcon_core.package_identification:_identify(src/py_pubsub) by extension 'ignore'
[0.177s] Level 1:colcon.colcon_core.package_identification:_identify(src/py_pubsub) by extension 'ignore_ament_install'
[0.177s] Level 1:colcon.colcon_core.package_identification:_identify(src/py_pubsub) by extensions ['colcon_pkg']
[0.177s] Level 1:colcon.colcon_core.package_identification:_identify(src/py_pubsub) by extension 'colcon_pkg'
[0.177s] Level 1:colcon.colcon_core.package_identification:_identify(src/py_pubsub) by extensions ['colcon_meta']
[0.177s] Level 1:colcon.colcon_core.package_identification:_identify(src/py_pubsub) by extension 'colcon_meta'
[0.177s] Level 1:colcon.colcon_core.package_identification:_identify(src/py_pubsub) by extensions ['ros']
[0.177s] Level 1:colcon.colcon_core.package_identification:_identify(src/py_pubsub) by extension 'ros'
[0.178s] DEBUG:colcon.colcon_core.package_identification:Package 'src/py_pubsub' with type 'ros.ament_python' and name 'py_pubsub'
[0.178s] Level 1:colcon.colcon_core.package_discovery:discover_packages(recursive) using defaults
[0.178s] Level 1:colcon.colcon_core.package_discovery:discover_packages(ignore) discover
[0.178s] Level 1:colcon.colcon_core.package_discovery:discover_packages(ignore) using defaults
[0.178s] Level 1:colcon.colcon_core.package_discovery:discover_packages(path) discover
[0.178s] Level 1:colcon.colcon_core.package_discovery:discover_packages(path) using defaults
[0.191s] Level 1:colcon.colcon_core.package_discovery:discover_packages(prefix_path) check parameters
[0.191s] Level 1:colcon.colcon_core.package_discovery:discover_packages(prefix_path) discover
[0.192s] DEBUG:colcon.colcon_installed_package_information.package_discovery:Found 4 installed packages in /home/krumsvik/workspaces/ros2_ws/install
[0.192s] DEBUG:colcon.colcon_installed_package_information.package_discovery:Found 277 installed packages in /opt/ros/humble
[0.199s] Level 1:colcon.colcon_core.package_discovery:discover_packages(prefix_path) using defaults
[0.221s] Level 5:colcon.colcon_core.verb:set package 'canny_edge' build argument 'cmake_args' from command line to 'None'
[0.221s] Level 5:colcon.colcon_core.verb:set package 'canny_edge' build argument 'cmake_target' from command line to 'None'
[0.221s] Level 5:colcon.colcon_core.verb:set package 'canny_edge' build argument 'cmake_target_skip_unavailable' from command line to 'False'
[0.221s] Level 5:colcon.colcon_core.verb:set package 'canny_edge' build argument 'cmake_clean_cache' from command line to 'False'
[0.221s] Level 5:colcon.colcon_core.verb:set package 'canny_edge' build argument 'cmake_clean_first' from command line to 'False'
[0.221s] Level 5:colcon.colcon_core.verb:set package 'canny_edge' build argument 'cmake_force_configure' from command line to 'False'
[0.221s] Level 5:colcon.colcon_core.verb:set package 'canny_edge' build argument 'ament_cmake_args' from command line to 'None'
[0.221s] Level 5:colcon.colcon_core.verb:set package 'canny_edge' build argument 'catkin_cmake_args' from command line to 'None'
[0.221s] Level 5:colcon.colcon_core.verb:set package 'canny_edge' build argument 'catkin_skip_building_tests' from command line to 'False'
[0.221s] DEBUG:colcon.colcon_core.verb:Building package 'canny_edge' with the following arguments: {'ament_cmake_args': None, 'build_base': '/home/krumsvik/workspaces/ros2_ws/build/canny_edge', 'catkin_cmake_args': None, 'catkin_skip_building_tests': False, 'cmake_args': None, 'cmake_clean_cache': False, 'cmake_clean_first': False, 'cmake_force_configure': False, 'cmake_target': None, 'cmake_target_skip_unavailable': False, 'install_base': '/home/krumsvik/workspaces/ros2_ws/install/canny_edge', 'merge_install': False, 'path': '/home/krumsvik/workspaces/ros2_ws/src/canny_edge', 'symlink_install': False, 'test_result_base': None}
[0.221s] Level 5:colcon.colcon_core.verb:set package 'cv2_contour' build argument 'cmake_args' from command line to 'None'
[0.221s] Level 5:colcon.colcon_core.verb:set package 'cv2_contour' build argument 'cmake_target' from command line to 'None'
[0.221s] Level 5:colcon.colcon_core.verb:set package 'cv2_contour' build argument 'cmake_target_skip_unavailable' from command line to 'False'
[0.221s] Level 5:colcon.colcon_core.verb:set package 'cv2_contour' build argument 'cmake_clean_cache' from command line to 'False'
[0.221s] Level 5:colcon.colcon_core.verb:set package 'cv2_contour' build argument 'cmake_clean_first' from command line to 'False'
[0.221s] Level 5:colcon.colcon_core.verb:set package 'cv2_contour' build argument 'cmake_force_configure' from command line to 'False'
[0.221s] Level 5:colcon.colcon_core.verb:set package 'cv2_contour' build argument 'ament_cmake_args' from command line to 'None'
[0.221s] Level 5:colcon.colcon_core.verb:set package 'cv2_contour' build argument 'catkin_cmake_args' from command line to 'None'
[0.221s] Level 5:colcon.colcon_core.verb:set package 'cv2_contour' build argument 'catkin_skip_building_tests' from command line to 'False'
[0.221s] DEBUG:colcon.colcon_core.verb:Building package 'cv2_contour' with the following arguments: {'ament_cmake_args': None, 'build_base': '/home/krumsvik/workspaces/ros2_ws/build/cv2_contour', 'catkin_cmake_args': None, 'catkin_skip_building_tests': False, 'cmake_args': None, 'cmake_clean_cache': False, 'cmake_clean_first': False, 'cmake_force_configure': False, 'cmake_target': None, 'cmake_target_skip_unavailable': False, 'install_base': '/home/krumsvik/workspaces/ros2_ws/install/cv2_contour', 'merge_install': False, 'path': '/home/krumsvik/workspaces/ros2_ws/src/cv2_contour', 'symlink_install': False, 'test_result_base': None}
[0.222s] Level 5:colcon.colcon_core.verb:set package 'gaussian_blur' build argument 'cmake_args' from command line to 'None'
[0.222s] Level 5:colcon.colcon_core.verb:set package 'gaussian_blur' build argument 'cmake_target' from command line to 'None'
[0.222s] Level 5:colcon.colcon_core.verb:set package 'gaussian_blur' build argument 'cmake_target_skip_unavailable' from command line to 'False'
[0.222s] Level 5:colcon.colcon_core.verb:set package 'gaussian_blur' build argument 'cmake_clean_cache' from command line to 'False'
[0.222s] Level 5:colcon.colcon_core.verb:set package 'gaussian_blur' build argument 'cmake_clean_first' from command line to 'False'
[0.222s] Level 5:colcon.colcon_core.verb:set package 'gaussian_blur' build argument 'cmake_force_configure' from command line to 'False'
[0.222s] Level 5:colcon.colcon_core.verb:set package 'gaussian_blur' build argument 'ament_cmake_args' from command line to 'None'
[0.222s] Level 5:colcon.colcon_core.verb:set package 'gaussian_blur' build argument 'catkin_cmake_args' from command line to 'None'
[0.222s] Level 5:colcon.colcon_core.verb:set package 'gaussian_blur' build argument 'catkin_skip_building_tests' from command line to 'False'
[0.222s] DEBUG:colcon.colcon_core.verb:Building package 'gaussian_blur' with the following arguments: {'ament_cmake_args': None, 'build_base': '/home/krumsvik/workspaces/ros2_ws/build/gaussian_blur', 'catkin_cmake_args': None, 'catkin_skip_building_tests': False, 'cmake_args': None, 'cmake_clean_cache': False, 'cmake_clean_first': False, 'cmake_force_configure': False, 'cmake_target': None, 'cmake_target_skip_unavailable': False, 'install_base': '/home/krumsvik/workspaces/ros2_ws/install/gaussian_blur', 'merge_install': False, 'path': '/home/krumsvik/workspaces/ros2_ws/src/gaussian_blur', 'symlink_install': False, 'test_result_base': None}
[0.222s] Level 5:colcon.colcon_core.verb:set package 'py_pubsub' build argument 'cmake_args' from command line to 'None'
[0.222s] Level 5:colcon.colcon_core.verb:set package 'py_pubsub' build argument 'cmake_target' from command line to 'None'
[0.222s] Level 5:colcon.colcon_core.verb:set package 'py_pubsub' build argument 'cmake_target_skip_unavailable' from command line to 'False'
[0.222s] Level 5:colcon.colcon_core.verb:set package 'py_pubsub' build argument 'cmake_clean_cache' from command line to 'False'
[0.222s] Level 5:colcon.colcon_core.verb:set package 'py_pubsub' build argument 'cmake_clean_first' from command line to 'False'
[0.222s] Level 5:colcon.colcon_core.verb:set package 'py_pubsub' build argument 'cmake_force_configure' from command line to 'False'
[0.222s] Level 5:colcon.colcon_core.verb:set package 'py_pubsub' build argument 'ament_cmake_args' from command line to 'None'
[0.222s] Level 5:colcon.colcon_core.verb:set package 'py_pubsub' build argument 'catkin_cmake_args' from command line to 'None'
[0.222s] Level 5:colcon.colcon_core.verb:set package 'py_pubsub' build argument 'catkin_skip_building_tests' from command line to 'False'
[0.222s] DEBUG:colcon.colcon_core.verb:Building package 'py_pubsub' with the following arguments: {'ament_cmake_args': None, 'build_base': '/home/krumsvik/workspaces/ros2_ws/build/py_pubsub', 'catkin_cmake_args': None, 'catkin_skip_building_tests': False, 'cmake_args': None, 'cmake_clean_cache': False, 'cmake_clean_first': False, 'cmake_force_configure': False, 'cmake_target': None, 'cmake_target_skip_unavailable': False, 'install_base': '/home/krumsvik/workspaces/ros2_ws/install/py_pubsub', 'merge_install': False, 'path': '/home/krumsvik/workspaces/ros2_ws/src/py_pubsub', 'symlink_install': False, 'test_result_base': None}
[0.222s] INFO:colcon.colcon_core.executor:Executing jobs using 'parallel' executor
[0.223s] DEBUG:colcon.colcon_parallel_executor.executor.parallel:run_until_complete
[0.223s] INFO:colcon.colcon_ros.task.ament_python.build:Building ROS package in '/home/krumsvik/workspaces/ros2_ws/src/canny_edge' with build type 'ament_python'
[0.223s] Level 1:colcon.colcon_core.shell:create_environment_hook('canny_edge', 'ament_prefix_path')
[0.224s] INFO:colcon.colcon_core.plugin_system:Skipping extension 'colcon_core.shell.bat': Not used on non-Windows systems
[0.225s] INFO:colcon.colcon_core.shell:Creating environment hook '/home/krumsvik/workspaces/ros2_ws/install/canny_edge/share/canny_edge/hook/ament_prefix_path.ps1'
[0.225s] INFO:colcon.colcon_core.shell:Creating environment descriptor '/home/krumsvik/workspaces/ros2_ws/install/canny_edge/share/canny_edge/hook/ament_prefix_path.dsv'
[0.225s] INFO:colcon.colcon_core.shell:Creating environment hook '/home/krumsvik/workspaces/ros2_ws/install/canny_edge/share/canny_edge/hook/ament_prefix_path.sh'
[0.226s] INFO:colcon.colcon_core.shell:Skip shell extension 'powershell' for command environment: Not usable outside of PowerShell
[0.226s] DEBUG:colcon.colcon_core.shell:Skip shell extension 'dsv' for command environment
[0.228s] INFO:colcon.colcon_ros.task.ament_python.build:Building ROS package in '/home/krumsvik/workspaces/ros2_ws/src/cv2_contour' with build type 'ament_python'
[0.228s] Level 1:colcon.colcon_core.shell:create_environment_hook('cv2_contour', 'ament_prefix_path')
[0.228s] INFO:colcon.colcon_core.shell:Creating environment hook '/home/krumsvik/workspaces/ros2_ws/install/cv2_contour/share/cv2_contour/hook/ament_prefix_path.ps1'
[0.228s] INFO:colcon.colcon_core.shell:Creating environment descriptor '/home/krumsvik/workspaces/ros2_ws/install/cv2_contour/share/cv2_contour/hook/ament_prefix_path.dsv'
[0.229s] INFO:colcon.colcon_core.shell:Creating environment hook '/home/krumsvik/workspaces/ros2_ws/install/cv2_contour/share/cv2_contour/hook/ament_prefix_path.sh'
[0.229s] INFO:colcon.colcon_core.shell:Skip shell extension 'powershell' for command environment: Not usable outside of PowerShell
[0.229s] DEBUG:colcon.colcon_core.shell:Skip shell extension 'dsv' for command environment
[0.231s] INFO:colcon.colcon_ros.task.ament_python.build:Building ROS package in '/home/krumsvik/workspaces/ros2_ws/src/gaussian_blur' with build type 'ament_python'
[0.231s] Level 1:colcon.colcon_core.shell:create_environment_hook('gaussian_blur', 'ament_prefix_path')
[0.231s] INFO:colcon.colcon_core.shell:Creating environment hook '/home/krumsvik/workspaces/ros2_ws/install/gaussian_blur/share/gaussian_blur/hook/ament_prefix_path.ps1'
[0.233s] INFO:colcon.colcon_core.shell:Creating environment descriptor '/home/krumsvik/workspaces/ros2_ws/install/gaussian_blur/share/gaussian_blur/hook/ament_prefix_path.dsv'
[0.233s] INFO:colcon.colcon_core.shell:Creating environment hook '/home/krumsvik/workspaces/ros2_ws/install/gaussian_blur/share/gaussian_blur/hook/ament_prefix_path.sh'
[0.233s] INFO:colcon.colcon_core.shell:Skip shell extension 'powershell' for command environment: Not usable outside of PowerShell
[0.233s] DEBUG:colcon.colcon_core.shell:Skip shell extension 'dsv' for command environment
[0.235s] INFO:colcon.colcon_ros.task.ament_python.build:Building ROS package in '/home/krumsvik/workspaces/ros2_ws/src/py_pubsub' with build type 'ament_python'
[0.235s] Level 1:colcon.colcon_core.shell:create_environment_hook('py_pubsub', 'ament_prefix_path')
[0.235s] INFO:colcon.colcon_core.shell:Creating environment hook '/home/krumsvik/workspaces/ros2_ws/install/py_pubsub/share/py_pubsub/hook/ament_prefix_path.ps1'
[0.236s] INFO:colcon.colcon_core.shell:Creating environment descriptor '/home/krumsvik/workspaces/ros2_ws/install/py_pubsub/share/py_pubsub/hook/ament_prefix_path.dsv'
[0.236s] INFO:colcon.colcon_core.shell:Creating environment hook '/home/krumsvik/workspaces/ros2_ws/install/py_pubsub/share/py_pubsub/hook/ament_prefix_path.sh'
[0.236s] INFO:colcon.colcon_core.shell:Skip shell extension 'powershell' for command environment: Not usable outside of PowerShell
[0.236s] DEBUG:colcon.colcon_core.shell:Skip shell extension 'dsv' for command environment
[0.397s] INFO:colcon.colcon_core.task.python.build:Building Python package in '/home/krumsvik/workspaces/ros2_ws/src/canny_edge'
[0.397s] INFO:colcon.colcon_core.shell:Skip shell extension 'powershell' for command environment: Not usable outside of PowerShell
[0.397s] DEBUG:colcon.colcon_core.shell:Skip shell extension 'dsv' for command environment
[0.552s] INFO:colcon.colcon_core.task.python.build:Building Python package in '/home/krumsvik/workspaces/ros2_ws/src/cv2_contour'
[0.552s] INFO:colcon.colcon_core.shell:Skip shell extension 'powershell' for command environment: Not usable outside of PowerShell
[0.552s] DEBUG:colcon.colcon_core.shell:Skip shell extension 'dsv' for command environment
[0.710s] INFO:colcon.colcon_core.task.python.build:Building Python package in '/home/krumsvik/workspaces/ros2_ws/src/gaussian_blur'
[0.711s] INFO:colcon.colcon_core.shell:Skip shell extension 'powershell' for command environment: Not usable outside of PowerShell
[0.711s] DEBUG:colcon.colcon_core.shell:Skip shell extension 'dsv' for command environment
[0.868s] INFO:colcon.colcon_core.task.python.build:Building Python package in '/home/krumsvik/workspaces/ros2_ws/src/py_pubsub'
[0.868s] INFO:colcon.colcon_core.shell:Skip shell extension 'powershell' for command environment: Not usable outside of PowerShell
[0.869s] DEBUG:colcon.colcon_core.shell:Skip shell extension 'dsv' for command environment
[1.085s] DEBUG:colcon.colcon_core.event_handler.log_command:Invoking command in '/home/krumsvik/workspaces/ros2_ws/src/gaussian_blur': PYTHONPATH=/home/krumsvik/workspaces/ros2_ws/build/gaussian_blur/prefix_override:/home/krumsvik/workspaces/ros2_ws/install/gaussian_blur/lib/python3.10/site-packages:${PYTHONPATH} /usr/bin/python3 -W ignore:setup.py install is deprecated setup.py egg_info --egg-base ../../build/gaussian_blur build --build-base /home/krumsvik/workspaces/ros2_ws/build/gaussian_blur/build install --record /home/krumsvik/workspaces/ros2_ws/build/gaussian_blur/install.log --single-version-externally-managed install_data
[1.087s] DEBUG:colcon.colcon_core.event_handler.log_command:Invoking command in '/home/krumsvik/workspaces/ros2_ws/src/canny_edge': PYTHONPATH=/home/krumsvik/workspaces/ros2_ws/build/canny_edge/prefix_override:/home/krumsvik/workspaces/ros2_ws/install/canny_edge/lib/python3.10/site-packages:${PYTHONPATH} /usr/bin/python3 -W ignore:setup.py install is deprecated setup.py egg_info --egg-base ../../build/canny_edge build --build-base /home/krumsvik/workspaces/ros2_ws/build/canny_edge/build install --record /home/krumsvik/workspaces/ros2_ws/build/canny_edge/install.log --single-version-externally-managed install_data
[1.089s] DEBUG:colcon.colcon_core.event_handler.log_command:Invoking command in '/home/krumsvik/workspaces/ros2_ws/src/cv2_contour': PYTHONPATH=/home/krumsvik/workspaces/ros2_ws/build/cv2_contour/prefix_override:/home/krumsvik/workspaces/ros2_ws/install/cv2_contour/lib/python3.10/site-packages:${PYTHONPATH} /usr/bin/python3 -W ignore:setup.py install is deprecated setup.py egg_info --egg-base ../../build/cv2_contour build --build-base /home/krumsvik/workspaces/ros2_ws/build/cv2_contour/build install --record /home/krumsvik/workspaces/ros2_ws/build/cv2_contour/install.log --single-version-externally-managed install_data
[1.090s] DEBUG:colcon.colcon_core.event_handler.log_command:Invoking command in '/home/krumsvik/workspaces/ros2_ws/src/py_pubsub': PYTHONPATH=/home/krumsvik/workspaces/ros2_ws/build/py_pubsub/prefix_override:/home/krumsvik/workspaces/ros2_ws/install/py_pubsub/lib/python3.10/site-packages:${PYTHONPATH} /usr/bin/python3 -W ignore:setup.py install is deprecated setup.py egg_info --egg-base ../../build/py_pubsub build --build-base /home/krumsvik/workspaces/ros2_ws/build/py_pubsub/build install --record /home/krumsvik/workspaces/ros2_ws/build/py_pubsub/install.log --single-version-externally-managed install_data
[1.271s] DEBUG:colcon.colcon_core.event_handler.log_command:Invoked command in '/home/krumsvik/workspaces/ros2_ws/src/gaussian_blur' returned '0': PYTHONPATH=/home/krumsvik/workspaces/ros2_ws/build/gaussian_blur/prefix_override:/home/krumsvik/workspaces/ros2_ws/install/gaussian_blur/lib/python3.10/site-packages:${PYTHONPATH} /usr/bin/python3 -W ignore:setup.py install is deprecated setup.py egg_info --egg-base ../../build/gaussian_blur build --build-base /home/krumsvik/workspaces/ros2_ws/build/gaussian_blur/build install --record /home/krumsvik/workspaces/ros2_ws/build/gaussian_blur/install.log --single-version-externally-managed install_data
[1.273s] Level 1:colcon.colcon_core.environment:checking '/home/krumsvik/workspaces/ros2_ws/install/gaussian_blur' for CMake module files
[1.273s] Level 1:colcon.colcon_core.environment:checking '/home/krumsvik/workspaces/ros2_ws/install/gaussian_blur' for CMake config files
[1.274s] Level 1:colcon.colcon_core.environment:checking '/home/krumsvik/workspaces/ros2_ws/install/gaussian_blur/lib'
[1.274s] Level 1:colcon.colcon_core.environment:checking '/home/krumsvik/workspaces/ros2_ws/install/gaussian_blur/bin'
[1.274s] Level 1:colcon.colcon_core.environment:checking '/home/krumsvik/workspaces/ros2_ws/install/gaussian_blur/lib/pkgconfig/gaussian_blur.pc'
[1.274s] Level 1:colcon.colcon_core.environment:checking '/home/krumsvik/workspaces/ros2_ws/install/gaussian_blur/lib/python3.10/site-packages'
[1.274s] Level 1:colcon.colcon_core.shell:create_environment_hook('gaussian_blur', 'pythonpath')
[1.274s] INFO:colcon.colcon_core.shell:Creating environment hook '/home/krumsvik/workspaces/ros2_ws/install/gaussian_blur/share/gaussian_blur/hook/pythonpath.ps1'
[1.275s] INFO:colcon.colcon_core.shell:Creating environment descriptor '/home/krumsvik/workspaces/ros2_ws/install/gaussian_blur/share/gaussian_blur/hook/pythonpath.dsv'
[1.275s] INFO:colcon.colcon_core.shell:Creating environment hook '/home/krumsvik/workspaces/ros2_ws/install/gaussian_blur/share/gaussian_blur/hook/pythonpath.sh'
[1.275s] Level 1:colcon.colcon_core.environment:checking '/home/krumsvik/workspaces/ros2_ws/install/gaussian_blur/bin'
[1.275s] Level 1:colcon.colcon_core.environment:create_environment_scripts_only(gaussian_blur)
[1.275s] INFO:colcon.colcon_core.shell:Creating package script '/home/krumsvik/workspaces/ros2_ws/install/gaussian_blur/share/gaussian_blur/package.ps1'
[1.276s] INFO:colcon.colcon_core.shell:Creating package descriptor '/home/krumsvik/workspaces/ros2_ws/install/gaussian_blur/share/gaussian_blur/package.dsv'
[1.276s] INFO:colcon.colcon_core.shell:Creating package script '/home/krumsvik/workspaces/ros2_ws/install/gaussian_blur/share/gaussian_blur/package.sh'
[1.277s] INFO:colcon.colcon_core.shell:Creating package script '/home/krumsvik/workspaces/ros2_ws/install/gaussian_blur/share/gaussian_blur/package.bash'
[1.277s] INFO:colcon.colcon_core.shell:Creating package script '/home/krumsvik/workspaces/ros2_ws/install/gaussian_blur/share/gaussian_blur/package.zsh'
[1.278s] Level 1:colcon.colcon_core.environment:create_file_with_runtime_dependencies(/home/krumsvik/workspaces/ros2_ws/install/gaussian_blur/share/colcon-core/packages/gaussian_blur)
[1.279s] Level 1:colcon.colcon_core.environment:checking '/home/krumsvik/workspaces/ros2_ws/install/canny_edge' for CMake module files
[1.279s] DEBUG:colcon.colcon_core.event_handler.log_command:Invoked command in '/home/krumsvik/workspaces/ros2_ws/src/canny_edge' returned '0': PYTHONPATH=/home/krumsvik/workspaces/ros2_ws/build/canny_edge/prefix_override:/home/krumsvik/workspaces/ros2_ws/install/canny_edge/lib/python3.10/site-packages:${PYTHONPATH} /usr/bin/python3 -W ignore:setup.py install is deprecated setup.py egg_info --egg-base ../../build/canny_edge build --build-base /home/krumsvik/workspaces/ros2_ws/build/canny_edge/build install --record /home/krumsvik/workspaces/ros2_ws/build/canny_edge/install.log --single-version-externally-managed install_data
[1.279s] Level 1:colcon.colcon_core.environment:checking '/home/krumsvik/workspaces/ros2_ws/install/canny_edge' for CMake config files
[1.280s] Level 1:colcon.colcon_core.environment:checking '/home/krumsvik/workspaces/ros2_ws/install/canny_edge/lib'
[1.280s] Level 1:colcon.colcon_core.environment:checking '/home/krumsvik/workspaces/ros2_ws/install/canny_edge/bin'
[1.280s] Level 1:colcon.colcon_core.environment:checking '/home/krumsvik/workspaces/ros2_ws/install/canny_edge/lib/pkgconfig/canny_edge.pc'
[1.280s] Level 1:colcon.colcon_core.environment:checking '/home/krumsvik/workspaces/ros2_ws/install/canny_edge/lib/python3.10/site-packages'
[1.280s] Level 1:colcon.colcon_core.shell:create_environment_hook('canny_edge', 'pythonpath')
[1.280s] INFO:colcon.colcon_core.shell:Creating environment hook '/home/krumsvik/workspaces/ros2_ws/install/canny_edge/share/canny_edge/hook/pythonpath.ps1'
[1.280s] INFO:colcon.colcon_core.shell:Creating environment descriptor '/home/krumsvik/workspaces/ros2_ws/install/canny_edge/share/canny_edge/hook/pythonpath.dsv'
[1.281s] INFO:colcon.colcon_core.shell:Creating environment hook '/home/krumsvik/workspaces/ros2_ws/install/canny_edge/share/canny_edge/hook/pythonpath.sh'
[1.281s] Level 1:colcon.colcon_core.environment:checking '/home/krumsvik/workspaces/ros2_ws/install/canny_edge/bin'
[1.281s] Level 1:colcon.colcon_core.environment:create_environment_scripts_only(canny_edge)
[1.281s] INFO:colcon.colcon_core.shell:Creating package script '/home/krumsvik/workspaces/ros2_ws/install/canny_edge/share/canny_edge/package.ps1'
[1.281s] INFO:colcon.colcon_core.shell:Creating package descriptor '/home/krumsvik/workspaces/ros2_ws/install/canny_edge/share/canny_edge/package.dsv'
[1.282s] INFO:colcon.colcon_core.shell:Creating package script '/home/krumsvik/workspaces/ros2_ws/install/canny_edge/share/canny_edge/package.sh'
[1.282s] INFO:colcon.colcon_core.shell:Creating package script '/home/krumsvik/workspaces/ros2_ws/install/canny_edge/share/canny_edge/package.bash'
[1.282s] INFO:colcon.colcon_core.shell:Creating package script '/home/krumsvik/workspaces/ros2_ws/install/canny_edge/share/canny_edge/package.zsh'
[1.282s] Level 1:colcon.colcon_core.environment:create_file_with_runtime_dependencies(/home/krumsvik/workspaces/ros2_ws/install/canny_edge/share/colcon-core/packages/canny_edge)
[1.283s] Level 1:colcon.colcon_core.environment:checking '/home/krumsvik/workspaces/ros2_ws/install/py_pubsub' for CMake module files
[1.284s] DEBUG:colcon.colcon_core.event_handler.log_command:Invoked command in '/home/krumsvik/workspaces/ros2_ws/src/py_pubsub' returned '0': PYTHONPATH=/home/krumsvik/workspaces/ros2_ws/build/py_pubsub/prefix_override:/home/krumsvik/workspaces/ros2_ws/install/py_pubsub/lib/python3.10/site-packages:${PYTHONPATH} /usr/bin/python3 -W ignore:setup.py install is deprecated setup.py egg_info --egg-base ../../build/py_pubsub build --build-base /home/krumsvik/workspaces/ros2_ws/build/py_pubsub/build install --record /home/krumsvik/workspaces/ros2_ws/build/py_pubsub/install.log --single-version-externally-managed install_data
[1.284s] Level 1:colcon.colcon_core.environment:checking '/home/krumsvik/workspaces/ros2_ws/install/py_pubsub' for CMake config files
[1.284s] Level 1:colcon.colcon_core.environment:checking '/home/krumsvik/workspaces/ros2_ws/install/py_pubsub/lib'
[1.284s] Level 1:colcon.colcon_core.environment:checking '/home/krumsvik/workspaces/ros2_ws/install/py_pubsub/bin'
[1.284s] Level 1:colcon.colcon_core.environment:checking '/home/krumsvik/workspaces/ros2_ws/install/py_pubsub/lib/pkgconfig/py_pubsub.pc'
[1.285s] Level 1:colcon.colcon_core.environment:checking '/home/krumsvik/workspaces/ros2_ws/install/py_pubsub/lib/python3.10/site-packages'
[1.285s] Level 1:colcon.colcon_core.shell:create_environment_hook('py_pubsub', 'pythonpath')
[1.285s] INFO:colcon.colcon_core.shell:Creating environment hook '/home/krumsvik/workspaces/ros2_ws/install/py_pubsub/share/py_pubsub/hook/pythonpath.ps1'
[1.285s] INFO:colcon.colcon_core.shell:Creating environment descriptor '/home/krumsvik/workspaces/ros2_ws/install/py_pubsub/share/py_pubsub/hook/pythonpath.dsv'
[1.285s] INFO:colcon.colcon_core.shell:Creating environment hook '/home/krumsvik/workspaces/ros2_ws/install/py_pubsub/share/py_pubsub/hook/pythonpath.sh'
[1.286s] Level 1:colcon.colcon_core.environment:checking '/home/krumsvik/workspaces/ros2_ws/install/py_pubsub/bin'
[1.286s] Level 1:colcon.colcon_core.environment:create_environment_scripts_only(py_pubsub)
[1.286s] INFO:colcon.colcon_core.shell:Creating package script '/home/krumsvik/workspaces/ros2_ws/install/py_pubsub/share/py_pubsub/package.ps1'
[1.286s] INFO:colcon.colcon_core.shell:Creating package descriptor '/home/krumsvik/workspaces/ros2_ws/install/py_pubsub/share/py_pubsub/package.dsv'
[1.286s] INFO:colcon.colcon_core.shell:Creating package script '/home/krumsvik/workspaces/ros2_ws/install/py_pubsub/share/py_pubsub/package.sh'
[1.287s] INFO:colcon.colcon_core.shell:Creating package script '/home/krumsvik/workspaces/ros2_ws/install/py_pubsub/share/py_pubsub/package.bash'
[1.287s] INFO:colcon.colcon_core.shell:Creating package script '/home/krumsvik/workspaces/ros2_ws/install/py_pubsub/share/py_pubsub/package.zsh'
[1.287s] Level 1:colcon.colcon_core.environment:create_file_with_runtime_dependencies(/home/krumsvik/workspaces/ros2_ws/install/py_pubsub/share/colcon-core/packages/py_pubsub)
[1.289s] Level 1:colcon.colcon_core.environment:checking '/home/krumsvik/workspaces/ros2_ws/install/cv2_contour' for CMake module files
[1.290s] DEBUG:colcon.colcon_core.event_handler.log_command:Invoked command in '/home/krumsvik/workspaces/ros2_ws/src/cv2_contour' returned '0': PYTHONPATH=/home/krumsvik/workspaces/ros2_ws/build/cv2_contour/prefix_override:/home/krumsvik/workspaces/ros2_ws/install/cv2_contour/lib/python3.10/site-packages:${PYTHONPATH} /usr/bin/python3 -W ignore:setup.py install is deprecated setup.py egg_info --egg-base ../../build/cv2_contour build --build-base /home/krumsvik/workspaces/ros2_ws/build/cv2_contour/build install --record /home/krumsvik/workspaces/ros2_ws/build/cv2_contour/install.log --single-version-externally-managed install_data
[1.290s] Level 1:colcon.colcon_core.environment:checking '/home/krumsvik/workspaces/ros2_ws/install/cv2_contour' for CMake config files
[1.290s] Level 1:colcon.colcon_core.environment:checking '/home/krumsvik/workspaces/ros2_ws/install/cv2_contour/lib'
[1.290s] Level 1:colcon.colcon_core.environment:checking '/home/krumsvik/workspaces/ros2_ws/install/cv2_contour/bin'
[1.290s] Level 1:colcon.colcon_core.environment:checking '/home/krumsvik/workspaces/ros2_ws/install/cv2_contour/lib/pkgconfig/cv2_contour.pc'
[1.290s] Level 1:colcon.colcon_core.environment:checking '/home/krumsvik/workspaces/ros2_ws/install/cv2_contour/lib/python3.10/site-packages'
[1.290s] Level 1:colcon.colcon_core.shell:create_environment_hook('cv2_contour', 'pythonpath')
[1.291s] INFO:colcon.colcon_core.shell:Creating environment hook '/home/krumsvik/workspaces/ros2_ws/install/cv2_contour/share/cv2_contour/hook/pythonpath.ps1'
[1.291s] INFO:colcon.colcon_core.shell:Creating environment descriptor '/home/krumsvik/workspaces/ros2_ws/install/cv2_contour/share/cv2_contour/hook/pythonpath.dsv'
[1.291s] INFO:colcon.colcon_core.shell:Creating environment hook '/home/krumsvik/workspaces/ros2_ws/install/cv2_contour/share/cv2_contour/hook/pythonpath.sh'
[1.292s] Level 1:colcon.colcon_core.environment:checking '/home/krumsvik/workspaces/ros2_ws/install/cv2_contour/bin'
[1.292s] Level 1:colcon.colcon_core.environment:create_environment_scripts_only(cv2_contour)
[1.292s] INFO:colcon.colcon_core.shell:Creating package script '/home/krumsvik/workspaces/ros2_ws/install/cv2_contour/share/cv2_contour/package.ps1'
[1.292s] INFO:colcon.colcon_core.shell:Creating package descriptor '/home/krumsvik/workspaces/ros2_ws/install/cv2_contour/share/cv2_contour/package.dsv'
[1.292s] INFO:colcon.colcon_core.shell:Creating package script '/home/krumsvik/workspaces/ros2_ws/install/cv2_contour/share/cv2_contour/package.sh'
[1.293s] INFO:colcon.colcon_core.shell:Creating package script '/home/krumsvik/workspaces/ros2_ws/install/cv2_contour/share/cv2_contour/package.bash'
[1.293s] INFO:colcon.colcon_core.shell:Creating package script '/home/krumsvik/workspaces/ros2_ws/install/cv2_contour/share/cv2_contour/package.zsh'
[1.293s] Level 1:colcon.colcon_core.environment:create_file_with_runtime_dependencies(/home/krumsvik/workspaces/ros2_ws/install/cv2_contour/share/colcon-core/packages/cv2_contour)
[1.293s] DEBUG:colcon.colcon_parallel_executor.executor.parallel:closing loop
[1.293s] DEBUG:colcon.colcon_parallel_executor.executor.parallel:loop closed
[1.293s] DEBUG:colcon.colcon_parallel_executor.executor.parallel:run_until_complete finished with '0'
[1.294s] DEBUG:colcon.colcon_core.event_reactor:joining thread
[1.297s] INFO:colcon.colcon_core.plugin_system:Skipping extension 'colcon_notification.desktop_notification.terminal_notifier': Not used on non-Darwin systems
[1.297s] INFO:colcon.colcon_core.plugin_system:Skipping extension 'colcon_notification.desktop_notification.win32': Not used on non-Windows systems
[1.297s] INFO:colcon.colcon_notification.desktop_notification:Sending desktop notification using 'notify2'
[1.305s] DEBUG:colcon.colcon_core.event_reactor:joined thread
[1.305s] INFO:colcon.colcon_core.shell:Creating prefix script '/home/krumsvik/workspaces/ros2_ws/install/local_setup.ps1'
[1.306s] INFO:colcon.colcon_core.shell:Creating prefix util module '/home/krumsvik/workspaces/ros2_ws/install/_local_setup_util_ps1.py'
[1.307s] INFO:colcon.colcon_core.shell:Creating prefix chain script '/home/krumsvik/workspaces/ros2_ws/install/setup.ps1'
[1.307s] INFO:colcon.colcon_core.shell:Creating prefix script '/home/krumsvik/workspaces/ros2_ws/install/local_setup.sh'
[1.308s] INFO:colcon.colcon_core.shell:Creating prefix util module '/home/krumsvik/workspaces/ros2_ws/install/_local_setup_util_sh.py'
[1.308s] INFO:colcon.colcon_core.shell:Creating prefix chain script '/home/krumsvik/workspaces/ros2_ws/install/setup.sh'
[1.309s] INFO:colcon.colcon_core.shell:Creating prefix script '/home/krumsvik/workspaces/ros2_ws/install/local_setup.bash'
[1.309s] INFO:colcon.colcon_core.shell:Creating prefix chain script '/home/krumsvik/workspaces/ros2_ws/install/setup.bash'
[1.310s] INFO:colcon.colcon_core.shell:Creating prefix script '/home/krumsvik/workspaces/ros2_ws/install/local_setup.zsh'
[1.310s] INFO:colcon.colcon_core.shell:Creating prefix chain script '/home/krumsvik/workspaces/ros2_ws/install/setup.zsh'
