running egg_info
writing ../../build/canny_edge/canny_edge.egg-info/PKG-INFO
writing dependency_links to ../../build/canny_edge/canny_edge.egg-info/dependency_links.txt
writing entry points to ../../build/canny_edge/canny_edge.egg-info/entry_points.txt
writing requirements to ../../build/canny_edge/canny_edge.egg-info/requires.txt
writing top-level names to ../../build/canny_edge/canny_edge.egg-info/top_level.txt
reading manifest file '../../build/canny_edge/canny_edge.egg-info/SOURCES.txt'
writing manifest file '../../build/canny_edge/canny_edge.egg-info/SOURCES.txt'
running build
running build_py
copying canny_edge/canny_edge_node.py -> /home/krumsvik/workspaces/ros2_ws/build/canny_edge/build/lib/canny_edge
running install
running install_lib
copying /home/krumsvik/workspaces/ros2_ws/build/canny_edge/build/lib/canny_edge/canny_edge_node.py -> /home/krumsvik/workspaces/ros2_ws/install/canny_edge/lib/python3.10/site-packages/canny_edge
byte-compiling /home/krumsvik/workspaces/ros2_ws/install/canny_edge/lib/python3.10/site-packages/canny_edge/canny_edge_node.py to canny_edge_node.cpython-310.pyc
running install_data
running install_egg_info
removing '/home/krumsvik/workspaces/ros2_ws/install/canny_edge/lib/python3.10/site-packages/canny_edge-0.0.0-py3.10.egg-info' (and everything under it)
Copying ../../build/canny_edge/canny_edge.egg-info to /home/krumsvik/workspaces/ros2_ws/install/canny_edge/lib/python3.10/site-packages/canny_edge-0.0.0-py3.10.egg-info
running install_scripts
Installing canny_edge_node script to /home/krumsvik/workspaces/ros2_ws/install/canny_edge/lib/canny_edge
writing list of installed files to '/home/krumsvik/workspaces/ros2_ws/build/canny_edge/install.log'
