[0.887s] Invoking command in '/home/krumsvik/workspaces/ros2_ws/src/canny_edge': PYTHONPATH=/home/krumsvik/workspaces/ros2_ws/build/canny_edge/prefix_override:/home/krumsvik/workspaces/ros2_ws/install/canny_edge/lib/python3.10/site-packages:${PYTHONPATH} /usr/bin/python3 -W ignore:setup.py install is deprecated setup.py egg_info --egg-base ../../build/canny_edge build --build-base /home/krumsvik/workspaces/ros2_ws/build/canny_edge/build install --record /home/krumsvik/workspaces/ros2_ws/build/canny_edge/install.log --single-version-externally-managed install_data
[1.040s] running egg_info
[1.041s] writing ../../build/canny_edge/canny_edge.egg-info/PKG-INFO
[1.041s] writing dependency_links to ../../build/canny_edge/canny_edge.egg-info/dependency_links.txt
[1.041s] writing entry points to ../../build/canny_edge/canny_edge.egg-info/entry_points.txt
[1.041s] writing requirements to ../../build/canny_edge/canny_edge.egg-info/requires.txt
[1.041s] writing top-level names to ../../build/canny_edge/canny_edge.egg-info/top_level.txt
[1.042s] reading manifest file '../../build/canny_edge/canny_edge.egg-info/SOURCES.txt'
[1.043s] writing manifest file '../../build/canny_edge/canny_edge.egg-info/SOURCES.txt'
[1.043s] running build
[1.043s] running build_py
[1.043s] copying canny_edge/canny_edge_node.py -> /home/krumsvik/workspaces/ros2_ws/build/canny_edge/build/lib/canny_edge
[1.043s] running install
[1.043s] running install_lib
[1.044s] copying /home/krumsvik/workspaces/ros2_ws/build/canny_edge/build/lib/canny_edge/canny_edge_node.py -> /home/krumsvik/workspaces/ros2_ws/install/canny_edge/lib/python3.10/site-packages/canny_edge
[1.044s] byte-compiling /home/krumsvik/workspaces/ros2_ws/install/canny_edge/lib/python3.10/site-packages/canny_edge/canny_edge_node.py to canny_edge_node.cpython-310.pyc
[1.044s] running install_data
[1.045s] running install_egg_info
[1.046s] removing '/home/krumsvik/workspaces/ros2_ws/install/canny_edge/lib/python3.10/site-packages/canny_edge-0.0.0-py3.10.egg-info' (and everything under it)
[1.046s] Copying ../../build/canny_edge/canny_edge.egg-info to /home/krumsvik/workspaces/ros2_ws/install/canny_edge/lib/python3.10/site-packages/canny_edge-0.0.0-py3.10.egg-info
[1.046s] running install_scripts
[1.061s] Installing canny_edge_node script to /home/krumsvik/workspaces/ros2_ws/install/canny_edge/lib/canny_edge
[1.061s] writing list of installed files to '/home/krumsvik/workspaces/ros2_ws/build/canny_edge/install.log'
[1.088s] Invoked command in '/home/krumsvik/workspaces/ros2_ws/src/canny_edge' returned '0': PYTHONPATH=/home/krumsvik/workspaces/ros2_ws/build/canny_edge/prefix_override:/home/krumsvik/workspaces/ros2_ws/install/canny_edge/lib/python3.10/site-packages:${PYTHONPATH} /usr/bin/python3 -W ignore:setup.py install is deprecated setup.py egg_info --egg-base ../../build/canny_edge build --build-base /home/krumsvik/workspaces/ros2_ws/build/canny_edge/build install --record /home/krumsvik/workspaces/ros2_ws/build/canny_edge/install.log --single-version-externally-managed install_data
