[0.064s] DEBUG:colcon:Command line arguments: ['/usr/bin/colcon', 'build']
[0.064s] DEBUG:colcon:Parsed command line arguments: Namespace(log_base=None, log_level=None, verb_name='build', build_base='build', install_base='install', merge_install=False, symlink_install=False, test_result_base=None, continue_on_error=False, executor='parallel', parallel_workers=16, event_handlers=None, ignore_user_meta=False, metas=['./colcon.meta'], base_paths=['.'], packages_ignore=None, packages_ignore_regex=None, paths=None, packages_up_to=None, packages_up_to_regex=None, packages_above=None, packages_above_and_dependencies=None, packages_above_depth=None, packages_select_by_dep=None, packages_skip_by_dep=None, packages_skip_up_to=None, packages_select_build_failed=False, packages_skip_build_finished=False, packages_select_test_failures=False, packages_skip_test_passed=False, packages_select=None, packages_skip=None, packages_select_regex=None, packages_skip_regex=None, packages_start=None, packages_end=None, allow_overriding=[], cmake_args=None, cmake_target=None, cmake_target_skip_unavailable=False, cmake_clean_cache=False, cmake_clean_first=False, cmake_force_configure=False, ament_cmake_args=None, catkin_cmake_args=None, catkin_skip_building_tests=False, mixin_files=None, mixin=None, verb_parser=<colcon_mixin.mixin.mixin_argument.MixinArgumentDecorator object at 0x7fb296a3dd20>, verb_extension=<colcon_core.verb.build.BuildVerb object at 0x7fb296a3d300>, main=<bound method BuildVerb.main of <colcon_core.verb.build.BuildVerb object at 0x7fb296a3d300>>, mixin_verb=('build',))
[0.159s] Level 1:colcon.colcon_core.package_discovery:discover_packages(colcon_meta) check parameters
[0.159s] Level 1:colcon.colcon_core.package_discovery:discover_packages(recursive) check parameters
[0.159s] Level 1:colcon.colcon_core.package_discovery:discover_packages(ignore) check parameters
[0.159s] Level 1:colcon.colcon_core.package_discovery:discover_packages(path) check parameters
[0.159s] Level 1:colcon.colcon_core.package_discovery:discover_packages(colcon_meta) discover
[0.159s] Level 1:colcon.colcon_core.package_discovery:discover_packages(recursive) discover
[0.159s] INFO:colcon.colcon_core.package_discovery:Crawling recursively for packages in '/home/krumsvik/workspaces/ros2_ws/src'
[0.159s] Level 1:colcon.colcon_core.package_identification:_identify(.) by extensions ['ignore', 'ignore_ament_install']
[0.159s] Level 1:colcon.colcon_core.package_identification:_identify(.) by extension 'ignore'
[0.159s] Level 1:colcon.colcon_core.package_identification:_identify(.) by extension 'ignore_ament_install'
[0.159s] Level 1:colcon.colcon_core.package_identification:_identify(.) by extensions ['colcon_pkg']
[0.159s] Level 1:colcon.colcon_core.package_identification:_identify(.) by extension 'colcon_pkg'
[0.159s] Level 1:colcon.colcon_core.package_identification:_identify(.) by extensions ['colcon_meta']
[0.159s] Level 1:colcon.colcon_core.package_identification:_identify(.) by extension 'colcon_meta'
[0.159s] Level 1:colcon.colcon_core.package_identification:_identify(.) by extensions ['ros']
[0.159s] Level 1:colcon.colcon_core.package_identification:_identify(.) by extension 'ros'
[0.166s] Level 1:colcon.colcon_core.package_identification:_identify(.) by extensions ['cmake', 'python']
[0.166s] Level 1:colcon.colcon_core.package_identification:_identify(.) by extension 'cmake'
[0.166s] Level 1:colcon.colcon_core.package_identification:_identify(.) by extension 'python'
[0.166s] Level 1:colcon.colcon_core.package_identification:_identify(.) by extensions ['python_setup_py']
[0.166s] Level 1:colcon.colcon_core.package_identification:_identify(.) by extension 'python_setup_py'
[0.166s] Level 1:colcon.colcon_core.package_identification:_identify(build) by extensions ['ignore', 'ignore_ament_install']
[0.166s] Level 1:colcon.colcon_core.package_identification:_identify(build) by extension 'ignore'
[0.166s] Level 1:colcon.colcon_core.package_identification:_identify(build) ignored
[0.166s] Level 1:colcon.colcon_core.package_identification:_identify(gaussian_blur) by extensions ['ignore', 'ignore_ament_install']
[0.166s] Level 1:colcon.colcon_core.package_identification:_identify(gaussian_blur) by extension 'ignore'
[0.166s] Level 1:colcon.colcon_core.package_identification:_identify(gaussian_blur) by extension 'ignore_ament_install'
[0.166s] Level 1:colcon.colcon_core.package_identification:_identify(gaussian_blur) by extensions ['colcon_pkg']
[0.166s] Level 1:colcon.colcon_core.package_identification:_identify(gaussian_blur) by extension 'colcon_pkg'
[0.166s] Level 1:colcon.colcon_core.package_identification:_identify(gaussian_blur) by extensions ['colcon_meta']
[0.166s] Level 1:colcon.colcon_core.package_identification:_identify(gaussian_blur) by extension 'colcon_meta'
[0.166s] Level 1:colcon.colcon_core.package_identification:_identify(gaussian_blur) by extensions ['ros']
[0.166s] Level 1:colcon.colcon_core.package_identification:_identify(gaussian_blur) by extension 'ros'
[0.168s] DEBUG:colcon.colcon_core.package_identification:Package 'gaussian_blur' with type 'ros.ament_python' and name 'gaussian_blur'
[0.168s] Level 1:colcon.colcon_core.package_identification:_identify(install) by extensions ['ignore', 'ignore_ament_install']
[0.168s] Level 1:colcon.colcon_core.package_identification:_identify(install) by extension 'ignore'
[0.168s] Level 1:colcon.colcon_core.package_identification:_identify(install) ignored
[0.168s] Level 1:colcon.colcon_core.package_identification:_identify(log) by extensions ['ignore', 'ignore_ament_install']
[0.168s] Level 1:colcon.colcon_core.package_identification:_identify(log) by extension 'ignore'
[0.168s] Level 1:colcon.colcon_core.package_identification:_identify(log) ignored
[0.168s] Level 1:colcon.colcon_core.package_identification:_identify(py_pubsub) by extensions ['ignore', 'ignore_ament_install']
[0.168s] Level 1:colcon.colcon_core.package_identification:_identify(py_pubsub) by extension 'ignore'
[0.168s] Level 1:colcon.colcon_core.package_identification:_identify(py_pubsub) by extension 'ignore_ament_install'
[0.168s] Level 1:colcon.colcon_core.package_identification:_identify(py_pubsub) by extensions ['colcon_pkg']
[0.168s] Level 1:colcon.colcon_core.package_identification:_identify(py_pubsub) by extension 'colcon_pkg'
[0.168s] Level 1:colcon.colcon_core.package_identification:_identify(py_pubsub) by extensions ['colcon_meta']
[0.168s] Level 1:colcon.colcon_core.package_identification:_identify(py_pubsub) by extension 'colcon_meta'
[0.168s] Level 1:colcon.colcon_core.package_identification:_identify(py_pubsub) by extensions ['ros']
[0.168s] Level 1:colcon.colcon_core.package_identification:_identify(py_pubsub) by extension 'ros'
[0.169s] DEBUG:colcon.colcon_core.package_identification:Package 'py_pubsub' with type 'ros.ament_python' and name 'py_pubsub'
[0.169s] Level 1:colcon.colcon_core.package_discovery:discover_packages(recursive) using defaults
[0.169s] Level 1:colcon.colcon_core.package_discovery:discover_packages(ignore) discover
[0.169s] Level 1:colcon.colcon_core.package_discovery:discover_packages(ignore) using defaults
[0.169s] Level 1:colcon.colcon_core.package_discovery:discover_packages(path) discover
[0.169s] Level 1:colcon.colcon_core.package_discovery:discover_packages(path) using defaults
[0.181s] Level 1:colcon.colcon_core.package_discovery:discover_packages(prefix_path) check parameters
[0.181s] Level 1:colcon.colcon_core.package_discovery:discover_packages(prefix_path) discover
[0.182s] DEBUG:colcon.colcon_installed_package_information.package_discovery:Found 277 installed packages in /opt/ros/humble
[0.188s] Level 1:colcon.colcon_core.package_discovery:discover_packages(prefix_path) using defaults
[0.210s] Level 5:colcon.colcon_core.verb:set package 'gaussian_blur' build argument 'cmake_args' from command line to 'None'
[0.210s] Level 5:colcon.colcon_core.verb:set package 'gaussian_blur' build argument 'cmake_target' from command line to 'None'
[0.210s] Level 5:colcon.colcon_core.verb:set package 'gaussian_blur' build argument 'cmake_target_skip_unavailable' from command line to 'False'
[0.210s] Level 5:colcon.colcon_core.verb:set package 'gaussian_blur' build argument 'cmake_clean_cache' from command line to 'False'
[0.210s] Level 5:colcon.colcon_core.verb:set package 'gaussian_blur' build argument 'cmake_clean_first' from command line to 'False'
[0.210s] Level 5:colcon.colcon_core.verb:set package 'gaussian_blur' build argument 'cmake_force_configure' from command line to 'False'
[0.210s] Level 5:colcon.colcon_core.verb:set package 'gaussian_blur' build argument 'ament_cmake_args' from command line to 'None'
[0.210s] Level 5:colcon.colcon_core.verb:set package 'gaussian_blur' build argument 'catkin_cmake_args' from command line to 'None'
[0.210s] Level 5:colcon.colcon_core.verb:set package 'gaussian_blur' build argument 'catkin_skip_building_tests' from command line to 'False'
[0.210s] DEBUG:colcon.colcon_core.verb:Building package 'gaussian_blur' with the following arguments: {'ament_cmake_args': None, 'build_base': '/home/krumsvik/workspaces/ros2_ws/src/build/gaussian_blur', 'catkin_cmake_args': None, 'catkin_skip_building_tests': False, 'cmake_args': None, 'cmake_clean_cache': False, 'cmake_clean_first': False, 'cmake_force_configure': False, 'cmake_target': None, 'cmake_target_skip_unavailable': False, 'install_base': '/home/krumsvik/workspaces/ros2_ws/src/install/gaussian_blur', 'merge_install': False, 'path': '/home/krumsvik/workspaces/ros2_ws/src/gaussian_blur', 'symlink_install': False, 'test_result_base': None}
[0.210s] Level 5:colcon.colcon_core.verb:set package 'py_pubsub' build argument 'cmake_args' from command line to 'None'
[0.210s] Level 5:colcon.colcon_core.verb:set package 'py_pubsub' build argument 'cmake_target' from command line to 'None'
[0.210s] Level 5:colcon.colcon_core.verb:set package 'py_pubsub' build argument 'cmake_target_skip_unavailable' from command line to 'False'
[0.210s] Level 5:colcon.colcon_core.verb:set package 'py_pubsub' build argument 'cmake_clean_cache' from command line to 'False'
[0.210s] Level 5:colcon.colcon_core.verb:set package 'py_pubsub' build argument 'cmake_clean_first' from command line to 'False'
[0.210s] Level 5:colcon.colcon_core.verb:set package 'py_pubsub' build argument 'cmake_force_configure' from command line to 'False'
[0.210s] Level 5:colcon.colcon_core.verb:set package 'py_pubsub' build argument 'ament_cmake_args' from command line to 'None'
[0.210s] Level 5:colcon.colcon_core.verb:set package 'py_pubsub' build argument 'catkin_cmake_args' from command line to 'None'
[0.210s] Level 5:colcon.colcon_core.verb:set package 'py_pubsub' build argument 'catkin_skip_building_tests' from command line to 'False'
[0.210s] DEBUG:colcon.colcon_core.verb:Building package 'py_pubsub' with the following arguments: {'ament_cmake_args': None, 'build_base': '/home/krumsvik/workspaces/ros2_ws/src/build/py_pubsub', 'catkin_cmake_args': None, 'catkin_skip_building_tests': False, 'cmake_args': None, 'cmake_clean_cache': False, 'cmake_clean_first': False, 'cmake_force_configure': False, 'cmake_target': None, 'cmake_target_skip_unavailable': False, 'install_base': '/home/krumsvik/workspaces/ros2_ws/src/install/py_pubsub', 'merge_install': False, 'path': '/home/krumsvik/workspaces/ros2_ws/src/py_pubsub', 'symlink_install': False, 'test_result_base': None}
[0.210s] INFO:colcon.colcon_core.executor:Executing jobs using 'parallel' executor
[0.211s] DEBUG:colcon.colcon_parallel_executor.executor.parallel:run_until_complete
[0.211s] INFO:colcon.colcon_ros.task.ament_python.build:Building ROS package in '/home/krumsvik/workspaces/ros2_ws/src/gaussian_blur' with build type 'ament_python'
[0.211s] Level 1:colcon.colcon_core.shell:create_environment_hook('gaussian_blur', 'ament_prefix_path')
[0.212s] INFO:colcon.colcon_core.plugin_system:Skipping extension 'colcon_core.shell.bat': Not used on non-Windows systems
[0.212s] INFO:colcon.colcon_core.shell:Creating environment hook '/home/krumsvik/workspaces/ros2_ws/src/install/gaussian_blur/share/gaussian_blur/hook/ament_prefix_path.ps1'
[0.213s] INFO:colcon.colcon_core.shell:Creating environment descriptor '/home/krumsvik/workspaces/ros2_ws/src/install/gaussian_blur/share/gaussian_blur/hook/ament_prefix_path.dsv'
[0.213s] INFO:colcon.colcon_core.shell:Creating environment hook '/home/krumsvik/workspaces/ros2_ws/src/install/gaussian_blur/share/gaussian_blur/hook/ament_prefix_path.sh'
[0.213s] INFO:colcon.colcon_core.shell:Skip shell extension 'powershell' for command environment: Not usable outside of PowerShell
[0.213s] DEBUG:colcon.colcon_core.shell:Skip shell extension 'dsv' for command environment
[0.215s] INFO:colcon.colcon_ros.task.ament_python.build:Building ROS package in '/home/krumsvik/workspaces/ros2_ws/src/py_pubsub' with build type 'ament_python'
[0.215s] Level 1:colcon.colcon_core.shell:create_environment_hook('py_pubsub', 'ament_prefix_path')
[0.215s] INFO:colcon.colcon_core.shell:Creating environment hook '/home/krumsvik/workspaces/ros2_ws/src/install/py_pubsub/share/py_pubsub/hook/ament_prefix_path.ps1'
[0.216s] INFO:colcon.colcon_core.shell:Creating environment descriptor '/home/krumsvik/workspaces/ros2_ws/src/install/py_pubsub/share/py_pubsub/hook/ament_prefix_path.dsv'
[0.216s] INFO:colcon.colcon_core.shell:Creating environment hook '/home/krumsvik/workspaces/ros2_ws/src/install/py_pubsub/share/py_pubsub/hook/ament_prefix_path.sh'
[0.216s] INFO:colcon.colcon_core.shell:Skip shell extension 'powershell' for command environment: Not usable outside of PowerShell
[0.216s] DEBUG:colcon.colcon_core.shell:Skip shell extension 'dsv' for command environment
[0.363s] INFO:colcon.colcon_core.task.python.build:Building Python package in '/home/krumsvik/workspaces/ros2_ws/src/gaussian_blur'
[0.363s] INFO:colcon.colcon_core.shell:Skip shell extension 'powershell' for command environment: Not usable outside of PowerShell
[0.363s] DEBUG:colcon.colcon_core.shell:Skip shell extension 'dsv' for command environment
[0.509s] INFO:colcon.colcon_core.task.python.build:Building Python package in '/home/krumsvik/workspaces/ros2_ws/src/py_pubsub'
[0.509s] INFO:colcon.colcon_core.shell:Skip shell extension 'powershell' for command environment: Not usable outside of PowerShell
[0.509s] DEBUG:colcon.colcon_core.shell:Skip shell extension 'dsv' for command environment
[0.706s] DEBUG:colcon.colcon_core.event_handler.log_command:Invoking command in '/home/krumsvik/workspaces/ros2_ws/src/py_pubsub': PYTHONPATH=/home/krumsvik/workspaces/ros2_ws/src/build/py_pubsub/prefix_override:/home/krumsvik/workspaces/ros2_ws/src/install/py_pubsub/lib/python3.10/site-packages:${PYTHONPATH} /usr/bin/python3 -W ignore:setup.py install is deprecated setup.py egg_info --egg-base ../build/py_pubsub build --build-base /home/krumsvik/workspaces/ros2_ws/src/build/py_pubsub/build install --record /home/krumsvik/workspaces/ros2_ws/src/build/py_pubsub/install.log --single-version-externally-managed install_data
[0.711s] DEBUG:colcon.colcon_core.event_handler.log_command:Invoking command in '/home/krumsvik/workspaces/ros2_ws/src/gaussian_blur': PYTHONPATH=/home/krumsvik/workspaces/ros2_ws/src/build/gaussian_blur/prefix_override:/home/krumsvik/workspaces/ros2_ws/src/install/gaussian_blur/lib/python3.10/site-packages:${PYTHONPATH} /usr/bin/python3 -W ignore:setup.py install is deprecated setup.py egg_info --egg-base ../build/gaussian_blur build --build-base /home/krumsvik/workspaces/ros2_ws/src/build/gaussian_blur/build install --record /home/krumsvik/workspaces/ros2_ws/src/build/gaussian_blur/install.log --single-version-externally-managed install_data
[0.886s] DEBUG:colcon.colcon_core.event_handler.log_command:Invoked command in '/home/krumsvik/workspaces/ros2_ws/src/gaussian_blur' returned '0': PYTHONPATH=/home/krumsvik/workspaces/ros2_ws/src/build/gaussian_blur/prefix_override:/home/krumsvik/workspaces/ros2_ws/src/install/gaussian_blur/lib/python3.10/site-packages:${PYTHONPATH} /usr/bin/python3 -W ignore:setup.py install is deprecated setup.py egg_info --egg-base ../build/gaussian_blur build --build-base /home/krumsvik/workspaces/ros2_ws/src/build/gaussian_blur/build install --record /home/krumsvik/workspaces/ros2_ws/src/build/gaussian_blur/install.log --single-version-externally-managed install_data
[0.888s] Level 1:colcon.colcon_core.environment:checking '/home/krumsvik/workspaces/ros2_ws/src/install/gaussian_blur' for CMake module files
[0.888s] Level 1:colcon.colcon_core.environment:checking '/home/krumsvik/workspaces/ros2_ws/src/install/gaussian_blur' for CMake config files
[0.888s] Level 1:colcon.colcon_core.environment:checking '/home/krumsvik/workspaces/ros2_ws/src/install/gaussian_blur/lib'
[0.888s] Level 1:colcon.colcon_core.environment:checking '/home/krumsvik/workspaces/ros2_ws/src/install/gaussian_blur/bin'
[0.889s] Level 1:colcon.colcon_core.environment:checking '/home/krumsvik/workspaces/ros2_ws/src/install/gaussian_blur/lib/pkgconfig/gaussian_blur.pc'
[0.889s] Level 1:colcon.colcon_core.environment:checking '/home/krumsvik/workspaces/ros2_ws/src/install/gaussian_blur/lib/python3.10/site-packages'
[0.889s] Level 1:colcon.colcon_core.shell:create_environment_hook('gaussian_blur', 'pythonpath')
[0.889s] INFO:colcon.colcon_core.shell:Creating environment hook '/home/krumsvik/workspaces/ros2_ws/src/install/gaussian_blur/share/gaussian_blur/hook/pythonpath.ps1'
[0.889s] INFO:colcon.colcon_core.shell:Creating environment descriptor '/home/krumsvik/workspaces/ros2_ws/src/install/gaussian_blur/share/gaussian_blur/hook/pythonpath.dsv'
[0.889s] INFO:colcon.colcon_core.shell:Creating environment hook '/home/krumsvik/workspaces/ros2_ws/src/install/gaussian_blur/share/gaussian_blur/hook/pythonpath.sh'
[0.890s] Level 1:colcon.colcon_core.environment:checking '/home/krumsvik/workspaces/ros2_ws/src/install/gaussian_blur/bin'
[0.890s] Level 1:colcon.colcon_core.environment:create_environment_scripts_only(gaussian_blur)
[0.890s] INFO:colcon.colcon_core.shell:Creating package script '/home/krumsvik/workspaces/ros2_ws/src/install/gaussian_blur/share/gaussian_blur/package.ps1'
[0.890s] INFO:colcon.colcon_core.shell:Creating package descriptor '/home/krumsvik/workspaces/ros2_ws/src/install/gaussian_blur/share/gaussian_blur/package.dsv'
[0.891s] INFO:colcon.colcon_core.shell:Creating package script '/home/krumsvik/workspaces/ros2_ws/src/install/gaussian_blur/share/gaussian_blur/package.sh'
[0.891s] INFO:colcon.colcon_core.shell:Creating package script '/home/krumsvik/workspaces/ros2_ws/src/install/gaussian_blur/share/gaussian_blur/package.bash'
[0.891s] INFO:colcon.colcon_core.shell:Creating package script '/home/krumsvik/workspaces/ros2_ws/src/install/gaussian_blur/share/gaussian_blur/package.zsh'
[0.892s] Level 1:colcon.colcon_core.environment:create_file_with_runtime_dependencies(/home/krumsvik/workspaces/ros2_ws/src/install/gaussian_blur/share/colcon-core/packages/gaussian_blur)
[0.892s] Level 1:colcon.colcon_core.environment:checking '/home/krumsvik/workspaces/ros2_ws/src/install/py_pubsub' for CMake module files
[0.893s] DEBUG:colcon.colcon_core.event_handler.log_command:Invoked command in '/home/krumsvik/workspaces/ros2_ws/src/py_pubsub' returned '0': PYTHONPATH=/home/krumsvik/workspaces/ros2_ws/src/build/py_pubsub/prefix_override:/home/krumsvik/workspaces/ros2_ws/src/install/py_pubsub/lib/python3.10/site-packages:${PYTHONPATH} /usr/bin/python3 -W ignore:setup.py install is deprecated setup.py egg_info --egg-base ../build/py_pubsub build --build-base /home/krumsvik/workspaces/ros2_ws/src/build/py_pubsub/build install --record /home/krumsvik/workspaces/ros2_ws/src/build/py_pubsub/install.log --single-version-externally-managed install_data
[0.893s] Level 1:colcon.colcon_core.environment:checking '/home/krumsvik/workspaces/ros2_ws/src/install/py_pubsub' for CMake config files
[0.893s] Level 1:colcon.colcon_core.environment:checking '/home/krumsvik/workspaces/ros2_ws/src/install/py_pubsub/lib'
[0.893s] Level 1:colcon.colcon_core.environment:checking '/home/krumsvik/workspaces/ros2_ws/src/install/py_pubsub/bin'
[0.893s] Level 1:colcon.colcon_core.environment:checking '/home/krumsvik/workspaces/ros2_ws/src/install/py_pubsub/lib/pkgconfig/py_pubsub.pc'
[0.893s] Level 1:colcon.colcon_core.environment:checking '/home/krumsvik/workspaces/ros2_ws/src/install/py_pubsub/lib/python3.10/site-packages'
[0.893s] Level 1:colcon.colcon_core.shell:create_environment_hook('py_pubsub', 'pythonpath')
[0.894s] INFO:colcon.colcon_core.shell:Creating environment hook '/home/krumsvik/workspaces/ros2_ws/src/install/py_pubsub/share/py_pubsub/hook/pythonpath.ps1'
[0.894s] INFO:colcon.colcon_core.shell:Creating environment descriptor '/home/krumsvik/workspaces/ros2_ws/src/install/py_pubsub/share/py_pubsub/hook/pythonpath.dsv'
[0.894s] INFO:colcon.colcon_core.shell:Creating environment hook '/home/krumsvik/workspaces/ros2_ws/src/install/py_pubsub/share/py_pubsub/hook/pythonpath.sh'
[0.894s] Level 1:colcon.colcon_core.environment:checking '/home/krumsvik/workspaces/ros2_ws/src/install/py_pubsub/bin'
[0.894s] Level 1:colcon.colcon_core.environment:create_environment_scripts_only(py_pubsub)
[0.894s] INFO:colcon.colcon_core.shell:Creating package script '/home/krumsvik/workspaces/ros2_ws/src/install/py_pubsub/share/py_pubsub/package.ps1'
[0.895s] INFO:colcon.colcon_core.shell:Creating package descriptor '/home/krumsvik/workspaces/ros2_ws/src/install/py_pubsub/share/py_pubsub/package.dsv'
[0.895s] INFO:colcon.colcon_core.shell:Creating package script '/home/krumsvik/workspaces/ros2_ws/src/install/py_pubsub/share/py_pubsub/package.sh'
[0.895s] INFO:colcon.colcon_core.shell:Creating package script '/home/krumsvik/workspaces/ros2_ws/src/install/py_pubsub/share/py_pubsub/package.bash'
[0.895s] INFO:colcon.colcon_core.shell:Creating package script '/home/krumsvik/workspaces/ros2_ws/src/install/py_pubsub/share/py_pubsub/package.zsh'
[0.895s] Level 1:colcon.colcon_core.environment:create_file_with_runtime_dependencies(/home/krumsvik/workspaces/ros2_ws/src/install/py_pubsub/share/colcon-core/packages/py_pubsub)
[0.896s] DEBUG:colcon.colcon_parallel_executor.executor.parallel:closing loop
[0.896s] DEBUG:colcon.colcon_parallel_executor.executor.parallel:loop closed
[0.896s] DEBUG:colcon.colcon_parallel_executor.executor.parallel:run_until_complete finished with '0'
[0.896s] DEBUG:colcon.colcon_core.event_reactor:joining thread
[0.899s] INFO:colcon.colcon_core.plugin_system:Skipping extension 'colcon_notification.desktop_notification.terminal_notifier': Not used on non-Darwin systems
[0.899s] INFO:colcon.colcon_core.plugin_system:Skipping extension 'colcon_notification.desktop_notification.win32': Not used on non-Windows systems
[0.899s] INFO:colcon.colcon_notification.desktop_notification:Sending desktop notification using 'notify2'
[0.907s] DEBUG:colcon.colcon_core.event_reactor:joined thread
[0.908s] INFO:colcon.colcon_core.shell:Creating prefix script '/home/krumsvik/workspaces/ros2_ws/src/install/local_setup.ps1'
[0.908s] INFO:colcon.colcon_core.shell:Creating prefix util module '/home/krumsvik/workspaces/ros2_ws/src/install/_local_setup_util_ps1.py'
[0.909s] INFO:colcon.colcon_core.shell:Creating prefix chain script '/home/krumsvik/workspaces/ros2_ws/src/install/setup.ps1'
[0.910s] INFO:colcon.colcon_core.shell:Creating prefix script '/home/krumsvik/workspaces/ros2_ws/src/install/local_setup.sh'
[0.911s] INFO:colcon.colcon_core.shell:Creating prefix util module '/home/krumsvik/workspaces/ros2_ws/src/install/_local_setup_util_sh.py'
[0.911s] INFO:colcon.colcon_core.shell:Creating prefix chain script '/home/krumsvik/workspaces/ros2_ws/src/install/setup.sh'
[0.912s] INFO:colcon.colcon_core.shell:Creating prefix script '/home/krumsvik/workspaces/ros2_ws/src/install/local_setup.bash'
[0.912s] INFO:colcon.colcon_core.shell:Creating prefix chain script '/home/krumsvik/workspaces/ros2_ws/src/install/setup.bash'
[0.912s] INFO:colcon.colcon_core.shell:Creating prefix script '/home/krumsvik/workspaces/ros2_ws/src/install/local_setup.zsh'
[0.913s] INFO:colcon.colcon_core.shell:Creating prefix chain script '/home/krumsvik/workspaces/ros2_ws/src/install/setup.zsh'
