[0.996s] Invoking command in '/home/krumsvik/workspaces/ros2_ws/src/cv2_contour': PYTHONPATH=/home/krumsvik/workspaces/ros2_ws/src/build/cv2_contour/prefix_override:/home/krumsvik/workspaces/ros2_ws/src/install/cv2_contour/lib/python3.10/site-packages:${PYTHONPATH} /usr/bin/python3 -W ignore:setup.py install is deprecated setup.py egg_info --egg-base ../build/cv2_contour build --build-base /home/krumsvik/workspaces/ros2_ws/src/build/cv2_contour/build install --record /home/krumsvik/workspaces/ros2_ws/src/build/cv2_contour/install.log --single-version-externally-managed install_data
[1.169s] running egg_info
[1.169s] creating ../build/cv2_contour/cv2_contour.egg-info
[1.169s] writing ../build/cv2_contour/cv2_contour.egg-info/PKG-INFO
[1.169s] writing dependency_links to ../build/cv2_contour/cv2_contour.egg-info/dependency_links.txt
[1.169s] writing entry points to ../build/cv2_contour/cv2_contour.egg-info/entry_points.txt
[1.169s] writing requirements to ../build/cv2_contour/cv2_contour.egg-info/requires.txt
[1.170s] writing top-level names to ../build/cv2_contour/cv2_contour.egg-info/top_level.txt
[1.170s] writing manifest file '../build/cv2_contour/cv2_contour.egg-info/SOURCES.txt'
[1.171s] reading manifest file '../build/cv2_contour/cv2_contour.egg-info/SOURCES.txt'
[1.171s] writing manifest file '../build/cv2_contour/cv2_contour.egg-info/SOURCES.txt'
[1.171s] running build
[1.171s] running build_py
[1.171s] creating /home/krumsvik/workspaces/ros2_ws/src/build/cv2_contour/build
[1.172s] creating /home/krumsvik/workspaces/ros2_ws/src/build/cv2_contour/build/lib
[1.172s] creating /home/krumsvik/workspaces/ros2_ws/src/build/cv2_contour/build/lib/cv2_contour
[1.172s] copying cv2_contour/__init__.py -> /home/krumsvik/workspaces/ros2_ws/src/build/cv2_contour/build/lib/cv2_contour
[1.172s] copying cv2_contour/cv2_contour_node.py -> /home/krumsvik/workspaces/ros2_ws/src/build/cv2_contour/build/lib/cv2_contour
[1.172s] running install
[1.172s] running install_lib
[1.173s] creating /home/krumsvik/workspaces/ros2_ws/src/install/cv2_contour/lib/python3.10/site-packages/cv2_contour
[1.173s] copying /home/krumsvik/workspaces/ros2_ws/src/build/cv2_contour/build/lib/cv2_contour/__init__.py -> /home/krumsvik/workspaces/ros2_ws/src/install/cv2_contour/lib/python3.10/site-packages/cv2_contour
[1.173s] copying /home/krumsvik/workspaces/ros2_ws/src/build/cv2_contour/build/lib/cv2_contour/cv2_contour_node.py -> /home/krumsvik/workspaces/ros2_ws/src/install/cv2_contour/lib/python3.10/site-packages/cv2_contour
[1.173s] byte-compiling /home/krumsvik/workspaces/ros2_ws/src/install/cv2_contour/lib/python3.10/site-packages/cv2_contour/__init__.py to __init__.cpython-310.pyc
[1.173s] byte-compiling /home/krumsvik/workspaces/ros2_ws/src/install/cv2_contour/lib/python3.10/site-packages/cv2_contour/cv2_contour_node.py to cv2_contour_node.cpython-310.pyc
[1.174s] running install_data
[1.174s] creating /home/krumsvik/workspaces/ros2_ws/src/install/cv2_contour/share/ament_index
[1.174s] creating /home/krumsvik/workspaces/ros2_ws/src/install/cv2_contour/share/ament_index/resource_index
[1.174s] creating /home/krumsvik/workspaces/ros2_ws/src/install/cv2_contour/share/ament_index/resource_index/packages
[1.174s] copying resource/cv2_contour -> /home/krumsvik/workspaces/ros2_ws/src/install/cv2_contour/share/ament_index/resource_index/packages
[1.174s] copying package.xml -> /home/krumsvik/workspaces/ros2_ws/src/install/cv2_contour/share/cv2_contour
[1.174s] running install_egg_info
[1.176s] Copying ../build/cv2_contour/cv2_contour.egg-info to /home/krumsvik/workspaces/ros2_ws/src/install/cv2_contour/lib/python3.10/site-packages/cv2_contour-0.0.0-py3.10.egg-info
[1.176s] running install_scripts
[1.191s] Installing cv2_contour_node script to /home/krumsvik/workspaces/ros2_ws/src/install/cv2_contour/lib/cv2_contour
[1.191s] writing list of installed files to '/home/krumsvik/workspaces/ros2_ws/src/build/cv2_contour/install.log'
[1.208s] Invoked command in '/home/krumsvik/workspaces/ros2_ws/src/cv2_contour' returned '0': PYTHONPATH=/home/krumsvik/workspaces/ros2_ws/src/build/cv2_contour/prefix_override:/home/krumsvik/workspaces/ros2_ws/src/install/cv2_contour/lib/python3.10/site-packages:${PYTHONPATH} /usr/bin/python3 -W ignore:setup.py install is deprecated setup.py egg_info --egg-base ../build/cv2_contour build --build-base /home/krumsvik/workspaces/ros2_ws/src/build/cv2_contour/build install --record /home/krumsvik/workspaces/ros2_ws/src/build/cv2_contour/install.log --single-version-externally-managed install_data
