[0.073s] DEBUG:colcon:Command line arguments: ['/usr/bin/colcon', 'build']
[0.073s] DEBUG:colcon:Parsed command line arguments: Namespace(log_base=None, log_level=None, verb_name='build', build_base='build', install_base='install', merge_install=False, symlink_install=False, test_result_base=None, continue_on_error=False, executor='parallel', parallel_workers=16, event_handlers=None, ignore_user_meta=False, metas=['./colcon.meta'], base_paths=['.'], packages_ignore=None, packages_ignore_regex=None, paths=None, packages_up_to=None, packages_up_to_regex=None, packages_above=None, packages_above_and_dependencies=None, packages_above_depth=None, packages_select_by_dep=None, packages_skip_by_dep=None, packages_skip_up_to=None, packages_select_build_failed=False, packages_skip_build_finished=False, packages_select_test_failures=False, packages_skip_test_passed=False, packages_select=None, packages_skip=None, packages_select_regex=None, packages_skip_regex=None, packages_start=None, packages_end=None, allow_overriding=[], cmake_args=None, cmake_target=None, cmake_target_skip_unavailable=False, cmake_clean_cache=False, cmake_clean_first=False, cmake_force_configure=False, ament_cmake_args=None, catkin_cmake_args=None, catkin_skip_building_tests=False, mixin_files=None, mixin=None, verb_parser=<colcon_mixin.mixin.mixin_argument.MixinArgumentDecorator object at 0x7f0484932260>, verb_extension=<colcon_core.verb.build.BuildVerb object at 0x7f0484931840>, main=<bound method BuildVerb.main of <colcon_core.verb.build.BuildVerb object at 0x7f0484931840>>, mixin_verb=('build',))
[0.178s] Level 1:colcon.colcon_core.package_discovery:discover_packages(colcon_meta) check parameters
[0.178s] Level 1:colcon.colcon_core.package_discovery:discover_packages(recursive) check parameters
[0.178s] Level 1:colcon.colcon_core.package_discovery:discover_packages(ignore) check parameters
[0.178s] Level 1:colcon.colcon_core.package_discovery:discover_packages(path) check parameters
[0.178s] Level 1:colcon.colcon_core.package_discovery:discover_packages(colcon_meta) discover
[0.178s] Level 1:colcon.colcon_core.package_discovery:discover_packages(recursive) discover
[0.178s] INFO:colcon.colcon_core.package_discovery:Crawling recursively for packages in '/home/krumsvik/workspaces/ros2_ws'
[0.178s] Level 1:colcon.colcon_core.package_identification:_identify(.) by extensions ['ignore', 'ignore_ament_install']
[0.178s] Level 1:colcon.colcon_core.package_identification:_identify(.) by extension 'ignore'
[0.178s] Level 1:colcon.colcon_core.package_identification:_identify(.) by extension 'ignore_ament_install'
[0.178s] Level 1:colcon.colcon_core.package_identification:_identify(.) by extensions ['colcon_pkg']
[0.179s] Level 1:colcon.colcon_core.package_identification:_identify(.) by extension 'colcon_pkg'
[0.179s] Level 1:colcon.colcon_core.package_identification:_identify(.) by extensions ['colcon_meta']
[0.179s] Level 1:colcon.colcon_core.package_identification:_identify(.) by extension 'colcon_meta'
[0.179s] Level 1:colcon.colcon_core.package_identification:_identify(.) by extensions ['ros']
[0.179s] Level 1:colcon.colcon_core.package_identification:_identify(.) by extension 'ros'
[0.186s] Level 1:colcon.colcon_core.package_identification:_identify(.) by extensions ['cmake', 'python']
[0.186s] Level 1:colcon.colcon_core.package_identification:_identify(.) by extension 'cmake'
[0.186s] Level 1:colcon.colcon_core.package_identification:_identify(.) by extension 'python'
[0.186s] Level 1:colcon.colcon_core.package_identification:_identify(.) by extensions ['python_setup_py']
[0.186s] Level 1:colcon.colcon_core.package_identification:_identify(.) by extension 'python_setup_py'
[0.186s] Level 1:colcon.colcon_core.package_identification:_identify(build) by extensions ['ignore', 'ignore_ament_install']
[0.186s] Level 1:colcon.colcon_core.package_identification:_identify(build) by extension 'ignore'
[0.186s] Level 1:colcon.colcon_core.package_identification:_identify(build) ignored
[0.186s] Level 1:colcon.colcon_core.package_identification:_identify(install) by extensions ['ignore', 'ignore_ament_install']
[0.186s] Level 1:colcon.colcon_core.package_identification:_identify(install) by extension 'ignore'
[0.186s] Level 1:colcon.colcon_core.package_identification:_identify(install) ignored
[0.186s] Level 1:colcon.colcon_core.package_identification:_identify(log) by extensions ['ignore', 'ignore_ament_install']
[0.186s] Level 1:colcon.colcon_core.package_identification:_identify(log) by extension 'ignore'
[0.186s] Level 1:colcon.colcon_core.package_identification:_identify(log) ignored
[0.186s] Level 1:colcon.colcon_core.package_identification:_identify(src) by extensions ['ignore', 'ignore_ament_install']
[0.186s] Level 1:colcon.colcon_core.package_identification:_identify(src) by extension 'ignore'
[0.186s] Level 1:colcon.colcon_core.package_identification:_identify(src) by extension 'ignore_ament_install'
[0.186s] Level 1:colcon.colcon_core.package_identification:_identify(src) by extensions ['colcon_pkg']
[0.186s] Level 1:colcon.colcon_core.package_identification:_identify(src) by extension 'colcon_pkg'
[0.186s] Level 1:colcon.colcon_core.package_identification:_identify(src) by extensions ['colcon_meta']
[0.186s] Level 1:colcon.colcon_core.package_identification:_identify(src) by extension 'colcon_meta'
[0.186s] Level 1:colcon.colcon_core.package_identification:_identify(src) by extensions ['ros']
[0.186s] Level 1:colcon.colcon_core.package_identification:_identify(src) by extension 'ros'
[0.187s] Level 1:colcon.colcon_core.package_identification:_identify(src) by extensions ['cmake', 'python']
[0.187s] Level 1:colcon.colcon_core.package_identification:_identify(src) by extension 'cmake'
[0.187s] Level 1:colcon.colcon_core.package_identification:_identify(src) by extension 'python'
[0.187s] Level 1:colcon.colcon_core.package_identification:_identify(src) by extensions ['python_setup_py']
[0.187s] Level 1:colcon.colcon_core.package_identification:_identify(src) by extension 'python_setup_py'
[0.187s] Level 1:colcon.colcon_core.package_identification:_identify(src/build) by extensions ['ignore', 'ignore_ament_install']
[0.187s] Level 1:colcon.colcon_core.package_identification:_identify(src/build) by extension 'ignore'
[0.187s] Level 1:colcon.colcon_core.package_identification:_identify(src/build) ignored
[0.187s] Level 1:colcon.colcon_core.package_identification:_identify(src/canny_edge) by extensions ['ignore', 'ignore_ament_install']
[0.187s] Level 1:colcon.colcon_core.package_identification:_identify(src/canny_edge) by extension 'ignore'
[0.187s] Level 1:colcon.colcon_core.package_identification:_identify(src/canny_edge) by extension 'ignore_ament_install'
[0.187s] Level 1:colcon.colcon_core.package_identification:_identify(src/canny_edge) by extensions ['colcon_pkg']
[0.187s] Level 1:colcon.colcon_core.package_identification:_identify(src/canny_edge) by extension 'colcon_pkg'
[0.187s] Level 1:colcon.colcon_core.package_identification:_identify(src/canny_edge) by extensions ['colcon_meta']
[0.187s] Level 1:colcon.colcon_core.package_identification:_identify(src/canny_edge) by extension 'colcon_meta'
[0.187s] Level 1:colcon.colcon_core.package_identification:_identify(src/canny_edge) by extensions ['ros']
[0.187s] Level 1:colcon.colcon_core.package_identification:_identify(src/canny_edge) by extension 'ros'
[0.188s] DEBUG:colcon.colcon_core.package_identification:Package 'src/canny_edge' with type 'ros.ament_python' and name 'canny_edge'
[0.189s] Level 1:colcon.colcon_core.package_identification:_identify(src/cv2_contour) by extensions ['ignore', 'ignore_ament_install']
[0.189s] Level 1:colcon.colcon_core.package_identification:_identify(src/cv2_contour) by extension 'ignore'
[0.189s] Level 1:colcon.colcon_core.package_identification:_identify(src/cv2_contour) by extension 'ignore_ament_install'
[0.189s] Level 1:colcon.colcon_core.package_identification:_identify(src/cv2_contour) by extensions ['colcon_pkg']
[0.189s] Level 1:colcon.colcon_core.package_identification:_identify(src/cv2_contour) by extension 'colcon_pkg'
[0.189s] Level 1:colcon.colcon_core.package_identification:_identify(src/cv2_contour) by extensions ['colcon_meta']
[0.189s] Level 1:colcon.colcon_core.package_identification:_identify(src/cv2_contour) by extension 'colcon_meta'
[0.189s] Level 1:colcon.colcon_core.package_identification:_identify(src/cv2_contour) by extensions ['ros']
[0.189s] Level 1:colcon.colcon_core.package_identification:_identify(src/cv2_contour) by extension 'ros'
[0.189s] DEBUG:colcon.colcon_core.package_identification:Package 'src/cv2_contour' with type 'ros.ament_python' and name 'cv2_contour'
[0.189s] Level 1:colcon.colcon_core.package_identification:_identify(src/gaussian_blur) by extensions ['ignore', 'ignore_ament_install']
[0.189s] Level 1:colcon.colcon_core.package_identification:_identify(src/gaussian_blur) by extension 'ignore'
[0.189s] Level 1:colcon.colcon_core.package_identification:_identify(src/gaussian_blur) by extension 'ignore_ament_install'
[0.189s] Level 1:colcon.colcon_core.package_identification:_identify(src/gaussian_blur) by extensions ['colcon_pkg']
[0.189s] Level 1:colcon.colcon_core.package_identification:_identify(src/gaussian_blur) by extension 'colcon_pkg'
[0.189s] Level 1:colcon.colcon_core.package_identification:_identify(src/gaussian_blur) by extensions ['colcon_meta']
[0.189s] Level 1:colcon.colcon_core.package_identification:_identify(src/gaussian_blur) by extension 'colcon_meta'
[0.189s] Level 1:colcon.colcon_core.package_identification:_identify(src/gaussian_blur) by extensions ['ros']
[0.189s] Level 1:colcon.colcon_core.package_identification:_identify(src/gaussian_blur) by extension 'ros'
[0.190s] DEBUG:colcon.colcon_core.package_identification:Package 'src/gaussian_blur' with type 'ros.ament_python' and name 'gaussian_blur'
[0.190s] Level 1:colcon.colcon_core.package_identification:_identify(src/install) by extensions ['ignore', 'ignore_ament_install']
[0.190s] Level 1:colcon.colcon_core.package_identification:_identify(src/install) by extension 'ignore'
[0.190s] Level 1:colcon.colcon_core.package_identification:_identify(src/install) ignored
[0.190s] Level 1:colcon.colcon_core.package_identification:_identify(src/log) by extensions ['ignore', 'ignore_ament_install']
[0.190s] Level 1:colcon.colcon_core.package_identification:_identify(src/log) by extension 'ignore'
[0.190s] Level 1:colcon.colcon_core.package_identification:_identify(src/log) ignored
[0.190s] Level 1:colcon.colcon_core.package_identification:_identify(src/py_pubsub) by extensions ['ignore', 'ignore_ament_install']
[0.190s] Level 1:colcon.colcon_core.package_identification:_identify(src/py_pubsub) by extension 'ignore'
[0.190s] Level 1:colcon.colcon_core.package_identification:_identify(src/py_pubsub) by extension 'ignore_ament_install'
[0.190s] Level 1:colcon.colcon_core.package_identification:_identify(src/py_pubsub) by extensions ['colcon_pkg']
[0.190s] Level 1:colcon.colcon_core.package_identification:_identify(src/py_pubsub) by extension 'colcon_pkg'
[0.190s] Level 1:colcon.colcon_core.package_identification:_identify(src/py_pubsub) by extensions ['colcon_meta']
[0.190s] Level 1:colcon.colcon_core.package_identification:_identify(src/py_pubsub) by extension 'colcon_meta'
[0.190s] Level 1:colcon.colcon_core.package_identification:_identify(src/py_pubsub) by extensions ['ros']
[0.190s] Level 1:colcon.colcon_core.package_identification:_identify(src/py_pubsub) by extension 'ros'
[0.190s] DEBUG:colcon.colcon_core.package_identification:Package 'src/py_pubsub' with type 'ros.ament_python' and name 'py_pubsub'
[0.190s] Level 1:colcon.colcon_core.package_identification:_identify(src/undistort_image) by extensions ['ignore', 'ignore_ament_install']
[0.191s] Level 1:colcon.colcon_core.package_identification:_identify(src/undistort_image) by extension 'ignore'
[0.191s] Level 1:colcon.colcon_core.package_identification:_identify(src/undistort_image) by extension 'ignore_ament_install'
[0.191s] Level 1:colcon.colcon_core.package_identification:_identify(src/undistort_image) by extensions ['colcon_pkg']
[0.191s] Level 1:colcon.colcon_core.package_identification:_identify(src/undistort_image) by extension 'colcon_pkg'
[0.191s] Level 1:colcon.colcon_core.package_identification:_identify(src/undistort_image) by extensions ['colcon_meta']
[0.191s] Level 1:colcon.colcon_core.package_identification:_identify(src/undistort_image) by extension 'colcon_meta'
[0.191s] Level 1:colcon.colcon_core.package_identification:_identify(src/undistort_image) by extensions ['ros']
[0.191s] Level 1:colcon.colcon_core.package_identification:_identify(src/undistort_image) by extension 'ros'
[0.191s] DEBUG:colcon.colcon_core.package_identification:Package 'src/undistort_image' with type 'ros.ament_python' and name 'undistort_image'
[0.191s] Level 1:colcon.colcon_core.package_discovery:discover_packages(recursive) using defaults
[0.191s] Level 1:colcon.colcon_core.package_discovery:discover_packages(ignore) discover
[0.191s] Level 1:colcon.colcon_core.package_discovery:discover_packages(ignore) using defaults
[0.191s] Level 1:colcon.colcon_core.package_discovery:discover_packages(path) discover
[0.191s] Level 1:colcon.colcon_core.package_discovery:discover_packages(path) using defaults
[0.212s] Level 1:colcon.colcon_core.package_discovery:discover_packages(prefix_path) check parameters
[0.212s] Level 1:colcon.colcon_core.package_discovery:discover_packages(prefix_path) discover
[0.213s] DEBUG:colcon.colcon_installed_package_information.package_discovery:Found 5 installed packages in /home/krumsvik/workspaces/ros2_ws/install
[0.214s] DEBUG:colcon.colcon_installed_package_information.package_discovery:Found 278 installed packages in /opt/ros/humble
[0.215s] Level 1:colcon.colcon_core.package_discovery:discover_packages(prefix_path) using defaults
[0.239s] Level 5:colcon.colcon_core.verb:set package 'canny_edge' build argument 'cmake_args' from command line to 'None'
[0.239s] Level 5:colcon.colcon_core.verb:set package 'canny_edge' build argument 'cmake_target' from command line to 'None'
[0.239s] Level 5:colcon.colcon_core.verb:set package 'canny_edge' build argument 'cmake_target_skip_unavailable' from command line to 'False'
[0.239s] Level 5:colcon.colcon_core.verb:set package 'canny_edge' build argument 'cmake_clean_cache' from command line to 'False'
[0.239s] Level 5:colcon.colcon_core.verb:set package 'canny_edge' build argument 'cmake_clean_first' from command line to 'False'
[0.239s] Level 5:colcon.colcon_core.verb:set package 'canny_edge' build argument 'cmake_force_configure' from command line to 'False'
[0.239s] Level 5:colcon.colcon_core.verb:set package 'canny_edge' build argument 'ament_cmake_args' from command line to 'None'
[0.239s] Level 5:colcon.colcon_core.verb:set package 'canny_edge' build argument 'catkin_cmake_args' from command line to 'None'
[0.239s] Level 5:colcon.colcon_core.verb:set package 'canny_edge' build argument 'catkin_skip_building_tests' from command line to 'False'
[0.239s] DEBUG:colcon.colcon_core.verb:Building package 'canny_edge' with the following arguments: {'ament_cmake_args': None, 'build_base': '/home/krumsvik/workspaces/ros2_ws/build/canny_edge', 'catkin_cmake_args': None, 'catkin_skip_building_tests': False, 'cmake_args': None, 'cmake_clean_cache': False, 'cmake_clean_first': False, 'cmake_force_configure': False, 'cmake_target': None, 'cmake_target_skip_unavailable': False, 'install_base': '/home/krumsvik/workspaces/ros2_ws/install/canny_edge', 'merge_install': False, 'path': '/home/krumsvik/workspaces/ros2_ws/src/canny_edge', 'symlink_install': False, 'test_result_base': None}
[0.239s] Level 5:colcon.colcon_core.verb:set package 'cv2_contour' build argument 'cmake_args' from command line to 'None'
[0.239s] Level 5:colcon.colcon_core.verb:set package 'cv2_contour' build argument 'cmake_target' from command line to 'None'
[0.239s] Level 5:colcon.colcon_core.verb:set package 'cv2_contour' build argument 'cmake_target_skip_unavailable' from command line to 'False'
[0.239s] Level 5:colcon.colcon_core.verb:set package 'cv2_contour' build argument 'cmake_clean_cache' from command line to 'False'
[0.239s] Level 5:colcon.colcon_core.verb:set package 'cv2_contour' build argument 'cmake_clean_first' from command line to 'False'
[0.239s] Level 5:colcon.colcon_core.verb:set package 'cv2_contour' build argument 'cmake_force_configure' from command line to 'False'
[0.239s] Level 5:colcon.colcon_core.verb:set package 'cv2_contour' build argument 'ament_cmake_args' from command line to 'None'
[0.239s] Level 5:colcon.colcon_core.verb:set package 'cv2_contour' build argument 'catkin_cmake_args' from command line to 'None'
[0.239s] Level 5:colcon.colcon_core.verb:set package 'cv2_contour' build argument 'catkin_skip_building_tests' from command line to 'False'
[0.239s] DEBUG:colcon.colcon_core.verb:Building package 'cv2_contour' with the following arguments: {'ament_cmake_args': None, 'build_base': '/home/krumsvik/workspaces/ros2_ws/build/cv2_contour', 'catkin_cmake_args': None, 'catkin_skip_building_tests': False, 'cmake_args': None, 'cmake_clean_cache': False, 'cmake_clean_first': False, 'cmake_force_configure': False, 'cmake_target': None, 'cmake_target_skip_unavailable': False, 'install_base': '/home/krumsvik/workspaces/ros2_ws/install/cv2_contour', 'merge_install': False, 'path': '/home/krumsvik/workspaces/ros2_ws/src/cv2_contour', 'symlink_install': False, 'test_result_base': None}
[0.239s] Level 5:colcon.colcon_core.verb:set package 'gaussian_blur' build argument 'cmake_args' from command line to 'None'
[0.239s] Level 5:colcon.colcon_core.verb:set package 'gaussian_blur' build argument 'cmake_target' from command line to 'None'
[0.239s] Level 5:colcon.colcon_core.verb:set package 'gaussian_blur' build argument 'cmake_target_skip_unavailable' from command line to 'False'
[0.239s] Level 5:colcon.colcon_core.verb:set package 'gaussian_blur' build argument 'cmake_clean_cache' from command line to 'False'
[0.240s] Level 5:colcon.colcon_core.verb:set package 'gaussian_blur' build argument 'cmake_clean_first' from command line to 'False'
[0.240s] Level 5:colcon.colcon_core.verb:set package 'gaussian_blur' build argument 'cmake_force_configure' from command line to 'False'
[0.240s] Level 5:colcon.colcon_core.verb:set package 'gaussian_blur' build argument 'ament_cmake_args' from command line to 'None'
[0.240s] Level 5:colcon.colcon_core.verb:set package 'gaussian_blur' build argument 'catkin_cmake_args' from command line to 'None'
[0.240s] Level 5:colcon.colcon_core.verb:set package 'gaussian_blur' build argument 'catkin_skip_building_tests' from command line to 'False'
[0.240s] DEBUG:colcon.colcon_core.verb:Building package 'gaussian_blur' with the following arguments: {'ament_cmake_args': None, 'build_base': '/home/krumsvik/workspaces/ros2_ws/build/gaussian_blur', 'catkin_cmake_args': None, 'catkin_skip_building_tests': False, 'cmake_args': None, 'cmake_clean_cache': False, 'cmake_clean_first': False, 'cmake_force_configure': False, 'cmake_target': None, 'cmake_target_skip_unavailable': False, 'install_base': '/home/krumsvik/workspaces/ros2_ws/install/gaussian_blur', 'merge_install': False, 'path': '/home/krumsvik/workspaces/ros2_ws/src/gaussian_blur', 'symlink_install': False, 'test_result_base': None}
[0.240s] Level 5:colcon.colcon_core.verb:set package 'py_pubsub' build argument 'cmake_args' from command line to 'None'
[0.240s] Level 5:colcon.colcon_core.verb:set package 'py_pubsub' build argument 'cmake_target' from command line to 'None'
[0.240s] Level 5:colcon.colcon_core.verb:set package 'py_pubsub' build argument 'cmake_target_skip_unavailable' from command line to 'False'
[0.240s] Level 5:colcon.colcon_core.verb:set package 'py_pubsub' build argument 'cmake_clean_cache' from command line to 'False'
[0.240s] Level 5:colcon.colcon_core.verb:set package 'py_pubsub' build argument 'cmake_clean_first' from command line to 'False'
[0.240s] Level 5:colcon.colcon_core.verb:set package 'py_pubsub' build argument 'cmake_force_configure' from command line to 'False'
[0.240s] Level 5:colcon.colcon_core.verb:set package 'py_pubsub' build argument 'ament_cmake_args' from command line to 'None'
[0.240s] Level 5:colcon.colcon_core.verb:set package 'py_pubsub' build argument 'catkin_cmake_args' from command line to 'None'
[0.240s] Level 5:colcon.colcon_core.verb:set package 'py_pubsub' build argument 'catkin_skip_building_tests' from command line to 'False'
[0.240s] DEBUG:colcon.colcon_core.verb:Building package 'py_pubsub' with the following arguments: {'ament_cmake_args': None, 'build_base': '/home/krumsvik/workspaces/ros2_ws/build/py_pubsub', 'catkin_cmake_args': None, 'catkin_skip_building_tests': False, 'cmake_args': None, 'cmake_clean_cache': False, 'cmake_clean_first': False, 'cmake_force_configure': False, 'cmake_target': None, 'cmake_target_skip_unavailable': False, 'install_base': '/home/krumsvik/workspaces/ros2_ws/install/py_pubsub', 'merge_install': False, 'path': '/home/krumsvik/workspaces/ros2_ws/src/py_pubsub', 'symlink_install': False, 'test_result_base': None}
[0.240s] Level 5:colcon.colcon_core.verb:set package 'undistort_image' build argument 'cmake_args' from command line to 'None'
[0.240s] Level 5:colcon.colcon_core.verb:set package 'undistort_image' build argument 'cmake_target' from command line to 'None'
[0.240s] Level 5:colcon.colcon_core.verb:set package 'undistort_image' build argument 'cmake_target_skip_unavailable' from command line to 'False'
[0.240s] Level 5:colcon.colcon_core.verb:set package 'undistort_image' build argument 'cmake_clean_cache' from command line to 'False'
[0.240s] Level 5:colcon.colcon_core.verb:set package 'undistort_image' build argument 'cmake_clean_first' from command line to 'False'
[0.240s] Level 5:colcon.colcon_core.verb:set package 'undistort_image' build argument 'cmake_force_configure' from command line to 'False'
[0.240s] Level 5:colcon.colcon_core.verb:set package 'undistort_image' build argument 'ament_cmake_args' from command line to 'None'
[0.240s] Level 5:colcon.colcon_core.verb:set package 'undistort_image' build argument 'catkin_cmake_args' from command line to 'None'
[0.240s] Level 5:colcon.colcon_core.verb:set package 'undistort_image' build argument 'catkin_skip_building_tests' from command line to 'False'
[0.240s] DEBUG:colcon.colcon_core.verb:Building package 'undistort_image' with the following arguments: {'ament_cmake_args': None, 'build_base': '/home/krumsvik/workspaces/ros2_ws/build/undistort_image', 'catkin_cmake_args': None, 'catkin_skip_building_tests': False, 'cmake_args': None, 'cmake_clean_cache': False, 'cmake_clean_first': False, 'cmake_force_configure': False, 'cmake_target': None, 'cmake_target_skip_unavailable': False, 'install_base': '/home/krumsvik/workspaces/ros2_ws/install/undistort_image', 'merge_install': False, 'path': '/home/krumsvik/workspaces/ros2_ws/src/undistort_image', 'symlink_install': False, 'test_result_base': None}
[0.240s] INFO:colcon.colcon_core.executor:Executing jobs using 'parallel' executor
[0.241s] DEBUG:colcon.colcon_parallel_executor.executor.parallel:run_until_complete
[0.241s] INFO:colcon.colcon_ros.task.ament_python.build:Building ROS package in '/home/krumsvik/workspaces/ros2_ws/src/canny_edge' with build type 'ament_python'
[0.241s] Level 1:colcon.colcon_core.shell:create_environment_hook('canny_edge', 'ament_prefix_path')
[0.243s] INFO:colcon.colcon_core.plugin_system:Skipping extension 'colcon_core.shell.bat': Not used on non-Windows systems
[0.243s] INFO:colcon.colcon_core.shell:Creating environment hook '/home/krumsvik/workspaces/ros2_ws/install/canny_edge/share/canny_edge/hook/ament_prefix_path.ps1'
[0.243s] INFO:colcon.colcon_core.shell:Creating environment descriptor '/home/krumsvik/workspaces/ros2_ws/install/canny_edge/share/canny_edge/hook/ament_prefix_path.dsv'
[0.243s] INFO:colcon.colcon_core.shell:Creating environment hook '/home/krumsvik/workspaces/ros2_ws/install/canny_edge/share/canny_edge/hook/ament_prefix_path.sh'
[0.244s] INFO:colcon.colcon_core.shell:Skip shell extension 'powershell' for command environment: Not usable outside of PowerShell
[0.244s] DEBUG:colcon.colcon_core.shell:Skip shell extension 'dsv' for command environment
[0.246s] INFO:colcon.colcon_ros.task.ament_python.build:Building ROS package in '/home/krumsvik/workspaces/ros2_ws/src/cv2_contour' with build type 'ament_python'
[0.246s] Level 1:colcon.colcon_core.shell:create_environment_hook('cv2_contour', 'ament_prefix_path')
[0.246s] INFO:colcon.colcon_core.shell:Creating environment hook '/home/krumsvik/workspaces/ros2_ws/install/cv2_contour/share/cv2_contour/hook/ament_prefix_path.ps1'
[0.247s] INFO:colcon.colcon_core.shell:Creating environment descriptor '/home/krumsvik/workspaces/ros2_ws/install/cv2_contour/share/cv2_contour/hook/ament_prefix_path.dsv'
[0.247s] INFO:colcon.colcon_core.shell:Creating environment hook '/home/krumsvik/workspaces/ros2_ws/install/cv2_contour/share/cv2_contour/hook/ament_prefix_path.sh'
[0.247s] INFO:colcon.colcon_core.shell:Skip shell extension 'powershell' for command environment: Not usable outside of PowerShell
[0.247s] DEBUG:colcon.colcon_core.shell:Skip shell extension 'dsv' for command environment
[0.249s] INFO:colcon.colcon_ros.task.ament_python.build:Building ROS package in '/home/krumsvik/workspaces/ros2_ws/src/gaussian_blur' with build type 'ament_python'
[0.249s] Level 1:colcon.colcon_core.shell:create_environment_hook('gaussian_blur', 'ament_prefix_path')
[0.249s] INFO:colcon.colcon_core.shell:Creating environment hook '/home/krumsvik/workspaces/ros2_ws/install/gaussian_blur/share/gaussian_blur/hook/ament_prefix_path.ps1'
[0.249s] INFO:colcon.colcon_core.shell:Creating environment descriptor '/home/krumsvik/workspaces/ros2_ws/install/gaussian_blur/share/gaussian_blur/hook/ament_prefix_path.dsv'
[0.250s] INFO:colcon.colcon_core.shell:Creating environment hook '/home/krumsvik/workspaces/ros2_ws/install/gaussian_blur/share/gaussian_blur/hook/ament_prefix_path.sh'
[0.250s] INFO:colcon.colcon_core.shell:Skip shell extension 'powershell' for command environment: Not usable outside of PowerShell
[0.250s] DEBUG:colcon.colcon_core.shell:Skip shell extension 'dsv' for command environment
[0.253s] INFO:colcon.colcon_ros.task.ament_python.build:Building ROS package in '/home/krumsvik/workspaces/ros2_ws/src/py_pubsub' with build type 'ament_python'
[0.253s] Level 1:colcon.colcon_core.shell:create_environment_hook('py_pubsub', 'ament_prefix_path')
[0.253s] INFO:colcon.colcon_core.shell:Creating environment hook '/home/krumsvik/workspaces/ros2_ws/install/py_pubsub/share/py_pubsub/hook/ament_prefix_path.ps1'
[0.253s] INFO:colcon.colcon_core.shell:Creating environment descriptor '/home/krumsvik/workspaces/ros2_ws/install/py_pubsub/share/py_pubsub/hook/ament_prefix_path.dsv'
[0.253s] INFO:colcon.colcon_core.shell:Creating environment hook '/home/krumsvik/workspaces/ros2_ws/install/py_pubsub/share/py_pubsub/hook/ament_prefix_path.sh'
[0.254s] INFO:colcon.colcon_core.shell:Skip shell extension 'powershell' for command environment: Not usable outside of PowerShell
[0.254s] DEBUG:colcon.colcon_core.shell:Skip shell extension 'dsv' for command environment
[0.256s] INFO:colcon.colcon_ros.task.ament_python.build:Building ROS package in '/home/krumsvik/workspaces/ros2_ws/src/undistort_image' with build type 'ament_python'
[0.256s] Level 1:colcon.colcon_core.shell:create_environment_hook('undistort_image', 'ament_prefix_path')
[0.256s] INFO:colcon.colcon_core.shell:Creating environment hook '/home/krumsvik/workspaces/ros2_ws/install/undistort_image/share/undistort_image/hook/ament_prefix_path.ps1'
[0.257s] INFO:colcon.colcon_core.shell:Creating environment descriptor '/home/krumsvik/workspaces/ros2_ws/install/undistort_image/share/undistort_image/hook/ament_prefix_path.dsv'
[0.257s] INFO:colcon.colcon_core.shell:Creating environment hook '/home/krumsvik/workspaces/ros2_ws/install/undistort_image/share/undistort_image/hook/ament_prefix_path.sh'
[0.257s] INFO:colcon.colcon_core.shell:Skip shell extension 'powershell' for command environment: Not usable outside of PowerShell
[0.257s] DEBUG:colcon.colcon_core.shell:Skip shell extension 'dsv' for command environment
[0.444s] INFO:colcon.colcon_core.task.python.build:Building Python package in '/home/krumsvik/workspaces/ros2_ws/src/canny_edge'
[0.444s] INFO:colcon.colcon_core.shell:Skip shell extension 'powershell' for command environment: Not usable outside of PowerShell
[0.444s] DEBUG:colcon.colcon_core.shell:Skip shell extension 'dsv' for command environment
[0.610s] INFO:colcon.colcon_core.task.python.build:Building Python package in '/home/krumsvik/workspaces/ros2_ws/src/cv2_contour'
[0.610s] INFO:colcon.colcon_core.shell:Skip shell extension 'powershell' for command environment: Not usable outside of PowerShell
[0.610s] DEBUG:colcon.colcon_core.shell:Skip shell extension 'dsv' for command environment
[0.783s] INFO:colcon.colcon_core.task.python.build:Building Python package in '/home/krumsvik/workspaces/ros2_ws/src/gaussian_blur'
[0.783s] INFO:colcon.colcon_core.shell:Skip shell extension 'powershell' for command environment: Not usable outside of PowerShell
[0.783s] DEBUG:colcon.colcon_core.shell:Skip shell extension 'dsv' for command environment
[0.948s] INFO:colcon.colcon_core.task.python.build:Building Python package in '/home/krumsvik/workspaces/ros2_ws/src/py_pubsub'
[0.949s] INFO:colcon.colcon_core.shell:Skip shell extension 'powershell' for command environment: Not usable outside of PowerShell
[0.949s] DEBUG:colcon.colcon_core.shell:Skip shell extension 'dsv' for command environment
[1.113s] INFO:colcon.colcon_core.task.python.build:Building Python package in '/home/krumsvik/workspaces/ros2_ws/src/undistort_image'
[1.113s] INFO:colcon.colcon_core.shell:Skip shell extension 'powershell' for command environment: Not usable outside of PowerShell
[1.113s] DEBUG:colcon.colcon_core.shell:Skip shell extension 'dsv' for command environment
[1.352s] DEBUG:colcon.colcon_core.event_handler.log_command:Invoking command in '/home/krumsvik/workspaces/ros2_ws/src/gaussian_blur': PYTHONPATH=/home/krumsvik/workspaces/ros2_ws/build/gaussian_blur/prefix_override:/home/krumsvik/workspaces/ros2_ws/install/gaussian_blur/lib/python3.10/site-packages:${PYTHONPATH} /usr/bin/python3 -W ignore:setup.py install is deprecated setup.py egg_info --egg-base ../../build/gaussian_blur build --build-base /home/krumsvik/workspaces/ros2_ws/build/gaussian_blur/build install --record /home/krumsvik/workspaces/ros2_ws/build/gaussian_blur/install.log --single-version-externally-managed install_data
[1.355s] DEBUG:colcon.colcon_core.event_handler.log_command:Invoking command in '/home/krumsvik/workspaces/ros2_ws/src/canny_edge': PYTHONPATH=/home/krumsvik/workspaces/ros2_ws/build/canny_edge/prefix_override:/home/krumsvik/workspaces/ros2_ws/install/canny_edge/lib/python3.10/site-packages:${PYTHONPATH} /usr/bin/python3 -W ignore:setup.py install is deprecated setup.py egg_info --egg-base ../../build/canny_edge build --build-base /home/krumsvik/workspaces/ros2_ws/build/canny_edge/build install --record /home/krumsvik/workspaces/ros2_ws/build/canny_edge/install.log --single-version-externally-managed install_data
[1.358s] DEBUG:colcon.colcon_core.event_handler.log_command:Invoking command in '/home/krumsvik/workspaces/ros2_ws/src/py_pubsub': PYTHONPATH=/home/krumsvik/workspaces/ros2_ws/build/py_pubsub/prefix_override:/home/krumsvik/workspaces/ros2_ws/install/py_pubsub/lib/python3.10/site-packages:${PYTHONPATH} /usr/bin/python3 -W ignore:setup.py install is deprecated setup.py egg_info --egg-base ../../build/py_pubsub build --build-base /home/krumsvik/workspaces/ros2_ws/build/py_pubsub/build install --record /home/krumsvik/workspaces/ros2_ws/build/py_pubsub/install.log --single-version-externally-managed install_data
[1.361s] DEBUG:colcon.colcon_core.event_handler.log_command:Invoking command in '/home/krumsvik/workspaces/ros2_ws/src/undistort_image': PYTHONPATH=/home/krumsvik/workspaces/ros2_ws/build/undistort_image/prefix_override:/home/krumsvik/workspaces/ros2_ws/install/undistort_image/lib/python3.10/site-packages:${PYTHONPATH} /usr/bin/python3 -W ignore:setup.py install is deprecated setup.py egg_info --egg-base ../../build/undistort_image build --build-base /home/krumsvik/workspaces/ros2_ws/build/undistort_image/build install --record /home/krumsvik/workspaces/ros2_ws/build/undistort_image/install.log --single-version-externally-managed install_data
[1.363s] DEBUG:colcon.colcon_core.event_handler.log_command:Invoking command in '/home/krumsvik/workspaces/ros2_ws/src/cv2_contour': PYTHONPATH=/home/krumsvik/workspaces/ros2_ws/build/cv2_contour/prefix_override:/home/krumsvik/workspaces/ros2_ws/install/cv2_contour/lib/python3.10/site-packages:${PYTHONPATH} /usr/bin/python3 -W ignore:setup.py install is deprecated setup.py egg_info --egg-base ../../build/cv2_contour build --build-base /home/krumsvik/workspaces/ros2_ws/build/cv2_contour/build install --record /home/krumsvik/workspaces/ros2_ws/build/cv2_contour/install.log --single-version-externally-managed install_data
[1.560s] DEBUG:colcon.colcon_core.event_handler.log_command:Invoked command in '/home/krumsvik/workspaces/ros2_ws/src/gaussian_blur' returned '0': PYTHONPATH=/home/krumsvik/workspaces/ros2_ws/build/gaussian_blur/prefix_override:/home/krumsvik/workspaces/ros2_ws/install/gaussian_blur/lib/python3.10/site-packages:${PYTHONPATH} /usr/bin/python3 -W ignore:setup.py install is deprecated setup.py egg_info --egg-base ../../build/gaussian_blur build --build-base /home/krumsvik/workspaces/ros2_ws/build/gaussian_blur/build install --record /home/krumsvik/workspaces/ros2_ws/build/gaussian_blur/install.log --single-version-externally-managed install_data
[1.563s] Level 1:colcon.colcon_core.environment:checking '/home/krumsvik/workspaces/ros2_ws/install/gaussian_blur' for CMake module files
[1.563s] Level 1:colcon.colcon_core.environment:checking '/home/krumsvik/workspaces/ros2_ws/install/gaussian_blur' for CMake config files
[1.564s] Level 1:colcon.colcon_core.environment:checking '/home/krumsvik/workspaces/ros2_ws/install/gaussian_blur/lib'
[1.565s] Level 1:colcon.colcon_core.environment:checking '/home/krumsvik/workspaces/ros2_ws/install/gaussian_blur/bin'
[1.565s] Level 1:colcon.colcon_core.environment:checking '/home/krumsvik/workspaces/ros2_ws/install/gaussian_blur/lib/pkgconfig/gaussian_blur.pc'
[1.565s] Level 1:colcon.colcon_core.environment:checking '/home/krumsvik/workspaces/ros2_ws/install/gaussian_blur/lib/python3.10/site-packages'
[1.565s] Level 1:colcon.colcon_core.shell:create_environment_hook('gaussian_blur', 'pythonpath')
[1.565s] INFO:colcon.colcon_core.shell:Creating environment hook '/home/krumsvik/workspaces/ros2_ws/install/gaussian_blur/share/gaussian_blur/hook/pythonpath.ps1'
[1.566s] INFO:colcon.colcon_core.shell:Creating environment descriptor '/home/krumsvik/workspaces/ros2_ws/install/gaussian_blur/share/gaussian_blur/hook/pythonpath.dsv'
[1.566s] INFO:colcon.colcon_core.shell:Creating environment hook '/home/krumsvik/workspaces/ros2_ws/install/gaussian_blur/share/gaussian_blur/hook/pythonpath.sh'
[1.567s] Level 1:colcon.colcon_core.environment:checking '/home/krumsvik/workspaces/ros2_ws/install/gaussian_blur/bin'
[1.567s] Level 1:colcon.colcon_core.environment:create_environment_scripts_only(gaussian_blur)
[1.567s] INFO:colcon.colcon_core.shell:Creating package script '/home/krumsvik/workspaces/ros2_ws/install/gaussian_blur/share/gaussian_blur/package.ps1'
[1.568s] INFO:colcon.colcon_core.shell:Creating package descriptor '/home/krumsvik/workspaces/ros2_ws/install/gaussian_blur/share/gaussian_blur/package.dsv'
[1.569s] INFO:colcon.colcon_core.shell:Creating package script '/home/krumsvik/workspaces/ros2_ws/install/gaussian_blur/share/gaussian_blur/package.sh'
[1.570s] INFO:colcon.colcon_core.shell:Creating package script '/home/krumsvik/workspaces/ros2_ws/install/gaussian_blur/share/gaussian_blur/package.bash'
[1.570s] INFO:colcon.colcon_core.shell:Creating package script '/home/krumsvik/workspaces/ros2_ws/install/gaussian_blur/share/gaussian_blur/package.zsh'
[1.571s] Level 1:colcon.colcon_core.environment:create_file_with_runtime_dependencies(/home/krumsvik/workspaces/ros2_ws/install/gaussian_blur/share/colcon-core/packages/gaussian_blur)
[1.572s] Level 1:colcon.colcon_core.environment:checking '/home/krumsvik/workspaces/ros2_ws/install/cv2_contour' for CMake module files
[1.573s] DEBUG:colcon.colcon_core.event_handler.log_command:Invoked command in '/home/krumsvik/workspaces/ros2_ws/src/cv2_contour' returned '0': PYTHONPATH=/home/krumsvik/workspaces/ros2_ws/build/cv2_contour/prefix_override:/home/krumsvik/workspaces/ros2_ws/install/cv2_contour/lib/python3.10/site-packages:${PYTHONPATH} /usr/bin/python3 -W ignore:setup.py install is deprecated setup.py egg_info --egg-base ../../build/cv2_contour build --build-base /home/krumsvik/workspaces/ros2_ws/build/cv2_contour/build install --record /home/krumsvik/workspaces/ros2_ws/build/cv2_contour/install.log --single-version-externally-managed install_data
[1.573s] Level 1:colcon.colcon_core.environment:checking '/home/krumsvik/workspaces/ros2_ws/install/cv2_contour' for CMake config files
[1.574s] Level 1:colcon.colcon_core.environment:checking '/home/krumsvik/workspaces/ros2_ws/install/cv2_contour/lib'
[1.574s] Level 1:colcon.colcon_core.environment:checking '/home/krumsvik/workspaces/ros2_ws/install/cv2_contour/bin'
[1.574s] Level 1:colcon.colcon_core.environment:checking '/home/krumsvik/workspaces/ros2_ws/install/cv2_contour/lib/pkgconfig/cv2_contour.pc'
[1.574s] Level 1:colcon.colcon_core.environment:checking '/home/krumsvik/workspaces/ros2_ws/install/cv2_contour/lib/python3.10/site-packages'
[1.574s] Level 1:colcon.colcon_core.shell:create_environment_hook('cv2_contour', 'pythonpath')
[1.574s] INFO:colcon.colcon_core.shell:Creating environment hook '/home/krumsvik/workspaces/ros2_ws/install/cv2_contour/share/cv2_contour/hook/pythonpath.ps1'
[1.574s] INFO:colcon.colcon_core.shell:Creating environment descriptor '/home/krumsvik/workspaces/ros2_ws/install/cv2_contour/share/cv2_contour/hook/pythonpath.dsv'
[1.575s] INFO:colcon.colcon_core.shell:Creating environment hook '/home/krumsvik/workspaces/ros2_ws/install/cv2_contour/share/cv2_contour/hook/pythonpath.sh'
[1.575s] Level 1:colcon.colcon_core.environment:checking '/home/krumsvik/workspaces/ros2_ws/install/cv2_contour/bin'
[1.575s] Level 1:colcon.colcon_core.environment:create_environment_scripts_only(cv2_contour)
[1.575s] INFO:colcon.colcon_core.shell:Creating package script '/home/krumsvik/workspaces/ros2_ws/install/cv2_contour/share/cv2_contour/package.ps1'
[1.575s] INFO:colcon.colcon_core.shell:Creating package descriptor '/home/krumsvik/workspaces/ros2_ws/install/cv2_contour/share/cv2_contour/package.dsv'
[1.576s] INFO:colcon.colcon_core.shell:Creating package script '/home/krumsvik/workspaces/ros2_ws/install/cv2_contour/share/cv2_contour/package.sh'
[1.576s] INFO:colcon.colcon_core.shell:Creating package script '/home/krumsvik/workspaces/ros2_ws/install/cv2_contour/share/cv2_contour/package.bash'
[1.576s] INFO:colcon.colcon_core.shell:Creating package script '/home/krumsvik/workspaces/ros2_ws/install/cv2_contour/share/cv2_contour/package.zsh'
[1.576s] Level 1:colcon.colcon_core.environment:create_file_with_runtime_dependencies(/home/krumsvik/workspaces/ros2_ws/install/cv2_contour/share/colcon-core/packages/cv2_contour)
[1.576s] Level 1:colcon.colcon_core.environment:checking '/home/krumsvik/workspaces/ros2_ws/install/undistort_image' for CMake module files
[1.577s] Level 1:colcon.colcon_core.environment:checking '/home/krumsvik/workspaces/ros2_ws/install/undistort_image' for CMake config files
[1.577s] DEBUG:colcon.colcon_core.event_handler.log_command:Invoked command in '/home/krumsvik/workspaces/ros2_ws/src/undistort_image' returned '0': PYTHONPATH=/home/krumsvik/workspaces/ros2_ws/build/undistort_image/prefix_override:/home/krumsvik/workspaces/ros2_ws/install/undistort_image/lib/python3.10/site-packages:${PYTHONPATH} /usr/bin/python3 -W ignore:setup.py install is deprecated setup.py egg_info --egg-base ../../build/undistort_image build --build-base /home/krumsvik/workspaces/ros2_ws/build/undistort_image/build install --record /home/krumsvik/workspaces/ros2_ws/build/undistort_image/install.log --single-version-externally-managed install_data
[1.578s] Level 1:colcon.colcon_core.environment:checking '/home/krumsvik/workspaces/ros2_ws/install/undistort_image/lib'
[1.578s] Level 1:colcon.colcon_core.environment:checking '/home/krumsvik/workspaces/ros2_ws/install/undistort_image/bin'
[1.578s] Level 1:colcon.colcon_core.environment:checking '/home/krumsvik/workspaces/ros2_ws/install/undistort_image/lib/pkgconfig/undistort_image.pc'
[1.578s] Level 1:colcon.colcon_core.environment:checking '/home/krumsvik/workspaces/ros2_ws/install/undistort_image/lib/python3.10/site-packages'
[1.578s] Level 1:colcon.colcon_core.shell:create_environment_hook('undistort_image', 'pythonpath')
[1.578s] INFO:colcon.colcon_core.shell:Creating environment hook '/home/krumsvik/workspaces/ros2_ws/install/undistort_image/share/undistort_image/hook/pythonpath.ps1'
[1.578s] INFO:colcon.colcon_core.shell:Creating environment descriptor '/home/krumsvik/workspaces/ros2_ws/install/undistort_image/share/undistort_image/hook/pythonpath.dsv'
[1.579s] INFO:colcon.colcon_core.shell:Creating environment hook '/home/krumsvik/workspaces/ros2_ws/install/undistort_image/share/undistort_image/hook/pythonpath.sh'
[1.579s] Level 1:colcon.colcon_core.environment:checking '/home/krumsvik/workspaces/ros2_ws/install/undistort_image/bin'
[1.579s] Level 1:colcon.colcon_core.environment:create_environment_scripts_only(undistort_image)
[1.579s] INFO:colcon.colcon_core.shell:Creating package script '/home/krumsvik/workspaces/ros2_ws/install/undistort_image/share/undistort_image/package.ps1'
[1.580s] INFO:colcon.colcon_core.shell:Creating package descriptor '/home/krumsvik/workspaces/ros2_ws/install/undistort_image/share/undistort_image/package.dsv'
[1.580s] INFO:colcon.colcon_core.shell:Creating package script '/home/krumsvik/workspaces/ros2_ws/install/undistort_image/share/undistort_image/package.sh'
[1.580s] INFO:colcon.colcon_core.shell:Creating package script '/home/krumsvik/workspaces/ros2_ws/install/undistort_image/share/undistort_image/package.bash'
[1.580s] INFO:colcon.colcon_core.shell:Creating package script '/home/krumsvik/workspaces/ros2_ws/install/undistort_image/share/undistort_image/package.zsh'
[1.581s] Level 1:colcon.colcon_core.environment:create_file_with_runtime_dependencies(/home/krumsvik/workspaces/ros2_ws/install/undistort_image/share/colcon-core/packages/undistort_image)
[1.582s] Level 1:colcon.colcon_core.environment:checking '/home/krumsvik/workspaces/ros2_ws/install/canny_edge' for CMake module files
[1.582s] DEBUG:colcon.colcon_core.event_handler.log_command:Invoked command in '/home/krumsvik/workspaces/ros2_ws/src/canny_edge' returned '0': PYTHONPATH=/home/krumsvik/workspaces/ros2_ws/build/canny_edge/prefix_override:/home/krumsvik/workspaces/ros2_ws/install/canny_edge/lib/python3.10/site-packages:${PYTHONPATH} /usr/bin/python3 -W ignore:setup.py install is deprecated setup.py egg_info --egg-base ../../build/canny_edge build --build-base /home/krumsvik/workspaces/ros2_ws/build/canny_edge/build install --record /home/krumsvik/workspaces/ros2_ws/build/canny_edge/install.log --single-version-externally-managed install_data
[1.582s] Level 1:colcon.colcon_core.environment:checking '/home/krumsvik/workspaces/ros2_ws/install/canny_edge' for CMake config files
[1.583s] Level 1:colcon.colcon_core.environment:checking '/home/krumsvik/workspaces/ros2_ws/install/canny_edge/lib'
[1.583s] Level 1:colcon.colcon_core.environment:checking '/home/krumsvik/workspaces/ros2_ws/install/canny_edge/bin'
[1.583s] Level 1:colcon.colcon_core.environment:checking '/home/krumsvik/workspaces/ros2_ws/install/canny_edge/lib/pkgconfig/canny_edge.pc'
[1.583s] Level 1:colcon.colcon_core.environment:checking '/home/krumsvik/workspaces/ros2_ws/install/canny_edge/lib/python3.10/site-packages'
[1.583s] Level 1:colcon.colcon_core.shell:create_environment_hook('canny_edge', 'pythonpath')
[1.583s] INFO:colcon.colcon_core.shell:Creating environment hook '/home/krumsvik/workspaces/ros2_ws/install/canny_edge/share/canny_edge/hook/pythonpath.ps1'
[1.584s] INFO:colcon.colcon_core.shell:Creating environment descriptor '/home/krumsvik/workspaces/ros2_ws/install/canny_edge/share/canny_edge/hook/pythonpath.dsv'
[1.584s] INFO:colcon.colcon_core.shell:Creating environment hook '/home/krumsvik/workspaces/ros2_ws/install/canny_edge/share/canny_edge/hook/pythonpath.sh'
[1.584s] Level 1:colcon.colcon_core.environment:checking '/home/krumsvik/workspaces/ros2_ws/install/canny_edge/bin'
[1.584s] Level 1:colcon.colcon_core.environment:create_environment_scripts_only(canny_edge)
[1.585s] INFO:colcon.colcon_core.shell:Creating package script '/home/krumsvik/workspaces/ros2_ws/install/canny_edge/share/canny_edge/package.ps1'
[1.585s] INFO:colcon.colcon_core.shell:Creating package descriptor '/home/krumsvik/workspaces/ros2_ws/install/canny_edge/share/canny_edge/package.dsv'
[1.586s] INFO:colcon.colcon_core.shell:Creating package script '/home/krumsvik/workspaces/ros2_ws/install/canny_edge/share/canny_edge/package.sh'
[1.586s] INFO:colcon.colcon_core.shell:Creating package script '/home/krumsvik/workspaces/ros2_ws/install/canny_edge/share/canny_edge/package.bash'
[1.586s] INFO:colcon.colcon_core.shell:Creating package script '/home/krumsvik/workspaces/ros2_ws/install/canny_edge/share/canny_edge/package.zsh'
[1.586s] Level 1:colcon.colcon_core.environment:create_file_with_runtime_dependencies(/home/krumsvik/workspaces/ros2_ws/install/canny_edge/share/colcon-core/packages/canny_edge)
[1.587s] Level 1:colcon.colcon_core.environment:checking '/home/krumsvik/workspaces/ros2_ws/install/py_pubsub' for CMake module files
[1.587s] DEBUG:colcon.colcon_core.event_handler.log_command:Invoked command in '/home/krumsvik/workspaces/ros2_ws/src/py_pubsub' returned '0': PYTHONPATH=/home/krumsvik/workspaces/ros2_ws/build/py_pubsub/prefix_override:/home/krumsvik/workspaces/ros2_ws/install/py_pubsub/lib/python3.10/site-packages:${PYTHONPATH} /usr/bin/python3 -W ignore:setup.py install is deprecated setup.py egg_info --egg-base ../../build/py_pubsub build --build-base /home/krumsvik/workspaces/ros2_ws/build/py_pubsub/build install --record /home/krumsvik/workspaces/ros2_ws/build/py_pubsub/install.log --single-version-externally-managed install_data
[1.587s] Level 1:colcon.colcon_core.environment:checking '/home/krumsvik/workspaces/ros2_ws/install/py_pubsub' for CMake config files
[1.588s] Level 1:colcon.colcon_core.environment:checking '/home/krumsvik/workspaces/ros2_ws/install/py_pubsub/lib'
[1.588s] Level 1:colcon.colcon_core.environment:checking '/home/krumsvik/workspaces/ros2_ws/install/py_pubsub/bin'
[1.588s] Level 1:colcon.colcon_core.environment:checking '/home/krumsvik/workspaces/ros2_ws/install/py_pubsub/lib/pkgconfig/py_pubsub.pc'
[1.588s] Level 1:colcon.colcon_core.environment:checking '/home/krumsvik/workspaces/ros2_ws/install/py_pubsub/lib/python3.10/site-packages'
[1.588s] Level 1:colcon.colcon_core.shell:create_environment_hook('py_pubsub', 'pythonpath')
[1.588s] INFO:colcon.colcon_core.shell:Creating environment hook '/home/krumsvik/workspaces/ros2_ws/install/py_pubsub/share/py_pubsub/hook/pythonpath.ps1'
[1.588s] INFO:colcon.colcon_core.shell:Creating environment descriptor '/home/krumsvik/workspaces/ros2_ws/install/py_pubsub/share/py_pubsub/hook/pythonpath.dsv'
[1.588s] INFO:colcon.colcon_core.shell:Creating environment hook '/home/krumsvik/workspaces/ros2_ws/install/py_pubsub/share/py_pubsub/hook/pythonpath.sh'
[1.589s] Level 1:colcon.colcon_core.environment:checking '/home/krumsvik/workspaces/ros2_ws/install/py_pubsub/bin'
[1.589s] Level 1:colcon.colcon_core.environment:create_environment_scripts_only(py_pubsub)
[1.589s] INFO:colcon.colcon_core.shell:Creating package script '/home/krumsvik/workspaces/ros2_ws/install/py_pubsub/share/py_pubsub/package.ps1'
[1.589s] INFO:colcon.colcon_core.shell:Creating package descriptor '/home/krumsvik/workspaces/ros2_ws/install/py_pubsub/share/py_pubsub/package.dsv'
[1.589s] INFO:colcon.colcon_core.shell:Creating package script '/home/krumsvik/workspaces/ros2_ws/install/py_pubsub/share/py_pubsub/package.sh'
[1.590s] INFO:colcon.colcon_core.shell:Creating package script '/home/krumsvik/workspaces/ros2_ws/install/py_pubsub/share/py_pubsub/package.bash'
[1.590s] INFO:colcon.colcon_core.shell:Creating package script '/home/krumsvik/workspaces/ros2_ws/install/py_pubsub/share/py_pubsub/package.zsh'
[1.590s] Level 1:colcon.colcon_core.environment:create_file_with_runtime_dependencies(/home/krumsvik/workspaces/ros2_ws/install/py_pubsub/share/colcon-core/packages/py_pubsub)
[1.590s] DEBUG:colcon.colcon_parallel_executor.executor.parallel:closing loop
[1.590s] DEBUG:colcon.colcon_parallel_executor.executor.parallel:loop closed
[1.590s] DEBUG:colcon.colcon_parallel_executor.executor.parallel:run_until_complete finished with '0'
[1.591s] DEBUG:colcon.colcon_core.event_reactor:joining thread
[1.594s] INFO:colcon.colcon_core.plugin_system:Skipping extension 'colcon_notification.desktop_notification.terminal_notifier': Not used on non-Darwin systems
[1.594s] INFO:colcon.colcon_core.plugin_system:Skipping extension 'colcon_notification.desktop_notification.win32': Not used on non-Windows systems
[1.594s] INFO:colcon.colcon_notification.desktop_notification:Sending desktop notification using 'notify2'
[1.602s] DEBUG:colcon.colcon_core.event_reactor:joined thread
[1.603s] INFO:colcon.colcon_core.shell:Creating prefix script '/home/krumsvik/workspaces/ros2_ws/install/local_setup.ps1'
[1.603s] INFO:colcon.colcon_core.shell:Creating prefix util module '/home/krumsvik/workspaces/ros2_ws/install/_local_setup_util_ps1.py'
[1.604s] INFO:colcon.colcon_core.shell:Creating prefix chain script '/home/krumsvik/workspaces/ros2_ws/install/setup.ps1'
[1.605s] INFO:colcon.colcon_core.shell:Creating prefix script '/home/krumsvik/workspaces/ros2_ws/install/local_setup.sh'
[1.605s] INFO:colcon.colcon_core.shell:Creating prefix util module '/home/krumsvik/workspaces/ros2_ws/install/_local_setup_util_sh.py'
[1.605s] INFO:colcon.colcon_core.shell:Creating prefix chain script '/home/krumsvik/workspaces/ros2_ws/install/setup.sh'
[1.606s] INFO:colcon.colcon_core.shell:Creating prefix script '/home/krumsvik/workspaces/ros2_ws/install/local_setup.bash'
[1.606s] INFO:colcon.colcon_core.shell:Creating prefix chain script '/home/krumsvik/workspaces/ros2_ws/install/setup.bash'
[1.607s] INFO:colcon.colcon_core.shell:Creating prefix script '/home/krumsvik/workspaces/ros2_ws/install/local_setup.zsh'
[1.607s] INFO:colcon.colcon_core.shell:Creating prefix chain script '/home/krumsvik/workspaces/ros2_ws/install/setup.zsh'
