[1.000s] Invoking command in '/home/krumsvik/workspaces/ros2_ws/src/undistort_image': PYTHONPATH=/home/krumsvik/workspaces/ros2_ws/src/build/undistort_image/prefix_override:/home/krumsvik/workspaces/ros2_ws/src/install/undistort_image/lib/python3.10/site-packages:${PYTHONPATH} /usr/bin/python3 -W ignore:setup.py install is deprecated setup.py egg_info --egg-base ../build/undistort_image build --build-base /home/krumsvik/workspaces/ros2_ws/src/build/undistort_image/build install --record /home/krumsvik/workspaces/ros2_ws/src/build/undistort_image/install.log --single-version-externally-managed install_data
[1.150s] running egg_info
[1.150s] writing ../build/undistort_image/undistort_image.egg-info/PKG-INFO
[1.150s] writing dependency_links to ../build/undistort_image/undistort_image.egg-info/dependency_links.txt
[1.150s] writing entry points to ../build/undistort_image/undistort_image.egg-info/entry_points.txt
[1.150s] writing requirements to ../build/undistort_image/undistort_image.egg-info/requires.txt
[1.151s] writing top-level names to ../build/undistort_image/undistort_image.egg-info/top_level.txt
[1.152s] reading manifest file '../build/undistort_image/undistort_image.egg-info/SOURCES.txt'
[1.152s] writing manifest file '../build/undistort_image/undistort_image.egg-info/SOURCES.txt'
[1.152s] running build
[1.153s] running build_py
[1.153s] running install
[1.153s] running install_lib
[1.154s] running install_data
[1.154s] running install_egg_info
[1.155s] removing '/home/krumsvik/workspaces/ros2_ws/src/install/undistort_image/lib/python3.10/site-packages/undistort_image-0.0.0-py3.10.egg-info' (and everything under it)
[1.155s] Copying ../build/undistort_image/undistort_image.egg-info to /home/krumsvik/workspaces/ros2_ws/src/install/undistort_image/lib/python3.10/site-packages/undistort_image-0.0.0-py3.10.egg-info
[1.156s] running install_scripts
[1.169s] Installing undistort_image_node script to /home/krumsvik/workspaces/ros2_ws/src/install/undistort_image/lib/undistort_image
[1.170s] writing list of installed files to '/home/krumsvik/workspaces/ros2_ws/src/build/undistort_image/install.log'
[1.205s] Invoked command in '/home/krumsvik/workspaces/ros2_ws/src/undistort_image' returned '0': PYTHONPATH=/home/krumsvik/workspaces/ros2_ws/src/build/undistort_image/prefix_override:/home/krumsvik/workspaces/ros2_ws/src/install/undistort_image/lib/python3.10/site-packages:${PYTHONPATH} /usr/bin/python3 -W ignore:setup.py install is deprecated setup.py egg_info --egg-base ../build/undistort_image build --build-base /home/krumsvik/workspaces/ros2_ws/src/build/undistort_image/build install --record /home/krumsvik/workspaces/ros2_ws/src/build/undistort_image/install.log --single-version-externally-managed install_data
