[0.500s] Invoking command in '/home/krumsvik/workspaces/ros2_ws/src/gaussian_blur': PYTHONPATH=/home/krumsvik/workspaces/ros2_ws/src/build/gaussian_blur/prefix_override:/home/krumsvik/workspaces/ros2_ws/src/install/gaussian_blur/lib/python3.10/site-packages:${PYTHONPATH} /usr/bin/python3 -W ignore:setup.py install is deprecated setup.py egg_info --egg-base ../build/gaussian_blur build --build-base /home/krumsvik/workspaces/ros2_ws/src/build/gaussian_blur/build install --record /home/krumsvik/workspaces/ros2_ws/src/build/gaussian_blur/install.log --single-version-externally-managed install_data
[0.639s] running egg_info
[0.639s] creating ../build/gaussian_blur/gaussian_blur.egg-info
[0.639s] writing ../build/gaussian_blur/gaussian_blur.egg-info/PKG-INFO
[0.639s] writing dependency_links to ../build/gaussian_blur/gaussian_blur.egg-info/dependency_links.txt
[0.640s] writing entry points to ../build/gaussian_blur/gaussian_blur.egg-info/entry_points.txt
[0.640s] writing requirements to ../build/gaussian_blur/gaussian_blur.egg-info/requires.txt
[0.640s] writing top-level names to ../build/gaussian_blur/gaussian_blur.egg-info/top_level.txt
[0.640s] writing manifest file '../build/gaussian_blur/gaussian_blur.egg-info/SOURCES.txt'
[0.640s] reading manifest file '../build/gaussian_blur/gaussian_blur.egg-info/SOURCES.txt'
[0.641s] writing manifest file '../build/gaussian_blur/gaussian_blur.egg-info/SOURCES.txt'
[0.641s] running build
[0.641s] running build_py
[0.641s] creating /home/krumsvik/workspaces/ros2_ws/src/build/gaussian_blur/build
[0.641s] creating /home/krumsvik/workspaces/ros2_ws/src/build/gaussian_blur/build/lib
[0.641s] creating /home/krumsvik/workspaces/ros2_ws/src/build/gaussian_blur/build/lib/gaussian_blur
[0.641s] copying gaussian_blur/__init__.py -> /home/krumsvik/workspaces/ros2_ws/src/build/gaussian_blur/build/lib/gaussian_blur
[0.641s] copying gaussian_blur/gaussian_blur_node.py -> /home/krumsvik/workspaces/ros2_ws/src/build/gaussian_blur/build/lib/gaussian_blur
[0.641s] running install
[0.642s] running install_lib
[0.642s] creating /home/krumsvik/workspaces/ros2_ws/src/install/gaussian_blur/lib/python3.10/site-packages/gaussian_blur
[0.642s] copying /home/krumsvik/workspaces/ros2_ws/src/build/gaussian_blur/build/lib/gaussian_blur/__init__.py -> /home/krumsvik/workspaces/ros2_ws/src/install/gaussian_blur/lib/python3.10/site-packages/gaussian_blur
[0.642s] copying /home/krumsvik/workspaces/ros2_ws/src/build/gaussian_blur/build/lib/gaussian_blur/gaussian_blur_node.py -> /home/krumsvik/workspaces/ros2_ws/src/install/gaussian_blur/lib/python3.10/site-packages/gaussian_blur
[0.642s] byte-compiling /home/krumsvik/workspaces/ros2_ws/src/install/gaussian_blur/lib/python3.10/site-packages/gaussian_blur/__init__.py to __init__.cpython-310.pyc
[0.643s] byte-compiling /home/krumsvik/workspaces/ros2_ws/src/install/gaussian_blur/lib/python3.10/site-packages/gaussian_blur/gaussian_blur_node.py to gaussian_blur_node.cpython-310.pyc
[0.643s] running install_data
[0.643s] creating /home/krumsvik/workspaces/ros2_ws/src/install/gaussian_blur/share/ament_index
[0.643s] creating /home/krumsvik/workspaces/ros2_ws/src/install/gaussian_blur/share/ament_index/resource_index
[0.643s] creating /home/krumsvik/workspaces/ros2_ws/src/install/gaussian_blur/share/ament_index/resource_index/packages
[0.643s] copying resource/gaussian_blur -> /home/krumsvik/workspaces/ros2_ws/src/install/gaussian_blur/share/ament_index/resource_index/packages
[0.643s] copying package.xml -> /home/krumsvik/workspaces/ros2_ws/src/install/gaussian_blur/share/gaussian_blur
[0.643s] running install_egg_info
[0.644s] Copying ../build/gaussian_blur/gaussian_blur.egg-info to /home/krumsvik/workspaces/ros2_ws/src/install/gaussian_blur/lib/python3.10/site-packages/gaussian_blur-0.0.0-py3.10.egg-info
[0.645s] running install_scripts
[0.658s] Installing gaussian_blur_node script to /home/krumsvik/workspaces/ros2_ws/src/install/gaussian_blur/lib/gaussian_blur
[0.658s] writing list of installed files to '/home/krumsvik/workspaces/ros2_ws/src/build/gaussian_blur/install.log'
[0.675s] Invoked command in '/home/krumsvik/workspaces/ros2_ws/src/gaussian_blur' returned '0': PYTHONPATH=/home/krumsvik/workspaces/ros2_ws/src/build/gaussian_blur/prefix_override:/home/krumsvik/workspaces/ros2_ws/src/install/gaussian_blur/lib/python3.10/site-packages:${PYTHONPATH} /usr/bin/python3 -W ignore:setup.py install is deprecated setup.py egg_info --egg-base ../build/gaussian_blur build --build-base /home/krumsvik/workspaces/ros2_ws/src/build/gaussian_blur/build install --record /home/krumsvik/workspaces/ros2_ws/src/build/gaussian_blur/install.log --single-version-externally-managed install_data
