[0.649s] Invoking command in '/home/krumsvik/workspaces/ros2_ws/src/py_pubsub': PYTHONPATH=/home/krumsvik/workspaces/ros2_ws/build/py_pubsub/prefix_override:/home/krumsvik/workspaces/ros2_ws/install/py_pubsub/lib/python3.10/site-packages:${PYTHONPATH} /usr/bin/python3 -W ignore:setup.py install is deprecated setup.py egg_info --egg-base ../../build/py_pubsub build --build-base /home/krumsvik/workspaces/ros2_ws/build/py_pubsub/build install --record /home/krumsvik/workspaces/ros2_ws/build/py_pubsub/install.log --single-version-externally-managed install_data
[0.793s] running egg_info
[0.794s] writing ../../build/py_pubsub/py_pubsub.egg-info/PKG-INFO
[0.794s] writing dependency_links to ../../build/py_pubsub/py_pubsub.egg-info/dependency_links.txt
[0.794s] writing entry points to ../../build/py_pubsub/py_pubsub.egg-info/entry_points.txt
[0.794s] writing requirements to ../../build/py_pubsub/py_pubsub.egg-info/requires.txt
[0.794s] writing top-level names to ../../build/py_pubsub/py_pubsub.egg-info/top_level.txt
[0.795s] reading manifest file '../../build/py_pubsub/py_pubsub.egg-info/SOURCES.txt'
[0.795s] writing manifest file '../../build/py_pubsub/py_pubsub.egg-info/SOURCES.txt'
[0.796s] running build
[0.796s] running build_py
[0.796s] running install
[0.796s] running install_lib
[0.797s] running install_data
[0.797s] running install_egg_info
[0.798s] removing '/home/krumsvik/workspaces/ros2_ws/install/py_pubsub/lib/python3.10/site-packages/py_pubsub-0.0.0-py3.10.egg-info' (and everything under it)
[0.798s] Copying ../../build/py_pubsub/py_pubsub.egg-info to /home/krumsvik/workspaces/ros2_ws/install/py_pubsub/lib/python3.10/site-packages/py_pubsub-0.0.0-py3.10.egg-info
[0.798s] running install_scripts
[0.813s] Installing listener script to /home/krumsvik/workspaces/ros2_ws/install/py_pubsub/lib/py_pubsub
[0.813s] Installing talker script to /home/krumsvik/workspaces/ros2_ws/install/py_pubsub/lib/py_pubsub
[0.813s] writing list of installed files to '/home/krumsvik/workspaces/ros2_ws/build/py_pubsub/install.log'
[0.835s] Invoked command in '/home/krumsvik/workspaces/ros2_ws/src/py_pubsub' returned '0': PYTHONPATH=/home/krumsvik/workspaces/ros2_ws/build/py_pubsub/prefix_override:/home/krumsvik/workspaces/ros2_ws/install/py_pubsub/lib/python3.10/site-packages:${PYTHONPATH} /usr/bin/python3 -W ignore:setup.py install is deprecated setup.py egg_info --egg-base ../../build/py_pubsub build --build-base /home/krumsvik/workspaces/ros2_ws/build/py_pubsub/build install --record /home/krumsvik/workspaces/ros2_ws/build/py_pubsub/install.log --single-version-externally-managed install_data
