[0.065s] DEBUG:colcon:Command line arguments: ['/usr/bin/colcon', 'build']
[0.065s] DEBUG:colcon:Parsed command line arguments: Namespace(log_base=None, log_level=None, verb_name='build', build_base='build', install_base='install', merge_install=False, symlink_install=False, test_result_base=None, continue_on_error=False, executor='parallel', parallel_workers=16, event_handlers=None, ignore_user_meta=False, metas=['./colcon.meta'], base_paths=['.'], packages_ignore=None, packages_ignore_regex=None, paths=None, packages_up_to=None, packages_up_to_regex=None, packages_above=None, packages_above_and_dependencies=None, packages_above_depth=None, packages_select_by_dep=None, packages_skip_by_dep=None, packages_skip_up_to=None, packages_select_build_failed=False, packages_skip_build_finished=False, packages_select_test_failures=False, packages_skip_test_passed=False, packages_select=None, packages_skip=None, packages_select_regex=None, packages_skip_regex=None, packages_start=None, packages_end=None, allow_overriding=[], cmake_args=None, cmake_target=None, cmake_target_skip_unavailable=False, cmake_clean_cache=False, cmake_clean_first=False, cmake_force_configure=False, ament_cmake_args=None, catkin_cmake_args=None, catkin_skip_building_tests=False, mixin_files=None, mixin=None, verb_parser=<colcon_mixin.mixin.mixin_argument.MixinArgumentDecorator object at 0x7bbfeb546260>, verb_extension=<colcon_core.verb.build.BuildVerb object at 0x7bbfeb545840>, main=<bound method BuildVerb.main of <colcon_core.verb.build.BuildVerb object at 0x7bbfeb545840>>, mixin_verb=('build',))
[0.163s] Level 1:colcon.colcon_core.package_discovery:discover_packages(colcon_meta) check parameters
[0.164s] Level 1:colcon.colcon_core.package_discovery:discover_packages(recursive) check parameters
[0.164s] Level 1:colcon.colcon_core.package_discovery:discover_packages(ignore) check parameters
[0.164s] Level 1:colcon.colcon_core.package_discovery:discover_packages(path) check parameters
[0.164s] Level 1:colcon.colcon_core.package_discovery:discover_packages(colcon_meta) discover
[0.164s] Level 1:colcon.colcon_core.package_discovery:discover_packages(recursive) discover
[0.164s] INFO:colcon.colcon_core.package_discovery:Crawling recursively for packages in '/home/krumsvik/workspaces/ros2_ws/src'
[0.164s] Level 1:colcon.colcon_core.package_identification:_identify(.) by extensions ['ignore', 'ignore_ament_install']
[0.164s] Level 1:colcon.colcon_core.package_identification:_identify(.) by extension 'ignore'
[0.164s] Level 1:colcon.colcon_core.package_identification:_identify(.) by extension 'ignore_ament_install'
[0.164s] Level 1:colcon.colcon_core.package_identification:_identify(.) by extensions ['colcon_pkg']
[0.164s] Level 1:colcon.colcon_core.package_identification:_identify(.) by extension 'colcon_pkg'
[0.164s] Level 1:colcon.colcon_core.package_identification:_identify(.) by extensions ['colcon_meta']
[0.164s] Level 1:colcon.colcon_core.package_identification:_identify(.) by extension 'colcon_meta'
[0.164s] Level 1:colcon.colcon_core.package_identification:_identify(.) by extensions ['ros']
[0.164s] Level 1:colcon.colcon_core.package_identification:_identify(.) by extension 'ros'
[0.171s] Level 1:colcon.colcon_core.package_identification:_identify(.) by extensions ['cmake', 'python']
[0.171s] Level 1:colcon.colcon_core.package_identification:_identify(.) by extension 'cmake'
[0.171s] Level 1:colcon.colcon_core.package_identification:_identify(.) by extension 'python'
[0.171s] Level 1:colcon.colcon_core.package_identification:_identify(.) by extensions ['python_setup_py']
[0.171s] Level 1:colcon.colcon_core.package_identification:_identify(.) by extension 'python_setup_py'
[0.171s] Level 1:colcon.colcon_core.package_identification:_identify(build) by extensions ['ignore', 'ignore_ament_install']
[0.171s] Level 1:colcon.colcon_core.package_identification:_identify(build) by extension 'ignore'
[0.171s] Level 1:colcon.colcon_core.package_identification:_identify(build) ignored
[0.171s] Level 1:colcon.colcon_core.package_identification:_identify(canny_edge) by extensions ['ignore', 'ignore_ament_install']
[0.171s] Level 1:colcon.colcon_core.package_identification:_identify(canny_edge) by extension 'ignore'
[0.171s] Level 1:colcon.colcon_core.package_identification:_identify(canny_edge) by extension 'ignore_ament_install'
[0.171s] Level 1:colcon.colcon_core.package_identification:_identify(canny_edge) by extensions ['colcon_pkg']
[0.171s] Level 1:colcon.colcon_core.package_identification:_identify(canny_edge) by extension 'colcon_pkg'
[0.171s] Level 1:colcon.colcon_core.package_identification:_identify(canny_edge) by extensions ['colcon_meta']
[0.171s] Level 1:colcon.colcon_core.package_identification:_identify(canny_edge) by extension 'colcon_meta'
[0.171s] Level 1:colcon.colcon_core.package_identification:_identify(canny_edge) by extensions ['ros']
[0.171s] Level 1:colcon.colcon_core.package_identification:_identify(canny_edge) by extension 'ros'
[0.173s] DEBUG:colcon.colcon_core.package_identification:Package 'canny_edge' with type 'ros.ament_python' and name 'canny_edge'
[0.173s] Level 1:colcon.colcon_core.package_identification:_identify(cv2_contour) by extensions ['ignore', 'ignore_ament_install']
[0.173s] Level 1:colcon.colcon_core.package_identification:_identify(cv2_contour) by extension 'ignore'
[0.173s] Level 1:colcon.colcon_core.package_identification:_identify(cv2_contour) by extension 'ignore_ament_install'
[0.173s] Level 1:colcon.colcon_core.package_identification:_identify(cv2_contour) by extensions ['colcon_pkg']
[0.173s] Level 1:colcon.colcon_core.package_identification:_identify(cv2_contour) by extension 'colcon_pkg'
[0.173s] Level 1:colcon.colcon_core.package_identification:_identify(cv2_contour) by extensions ['colcon_meta']
[0.173s] Level 1:colcon.colcon_core.package_identification:_identify(cv2_contour) by extension 'colcon_meta'
[0.173s] Level 1:colcon.colcon_core.package_identification:_identify(cv2_contour) by extensions ['ros']
[0.173s] Level 1:colcon.colcon_core.package_identification:_identify(cv2_contour) by extension 'ros'
[0.173s] DEBUG:colcon.colcon_core.package_identification:Package 'cv2_contour' with type 'ros.ament_python' and name 'cv2_contour'
[0.173s] Level 1:colcon.colcon_core.package_identification:_identify(gaussian_blur) by extensions ['ignore', 'ignore_ament_install']
[0.173s] Level 1:colcon.colcon_core.package_identification:_identify(gaussian_blur) by extension 'ignore'
[0.173s] Level 1:colcon.colcon_core.package_identification:_identify(gaussian_blur) by extension 'ignore_ament_install'
[0.173s] Level 1:colcon.colcon_core.package_identification:_identify(gaussian_blur) by extensions ['colcon_pkg']
[0.173s] Level 1:colcon.colcon_core.package_identification:_identify(gaussian_blur) by extension 'colcon_pkg'
[0.173s] Level 1:colcon.colcon_core.package_identification:_identify(gaussian_blur) by extensions ['colcon_meta']
[0.173s] Level 1:colcon.colcon_core.package_identification:_identify(gaussian_blur) by extension 'colcon_meta'
[0.173s] Level 1:colcon.colcon_core.package_identification:_identify(gaussian_blur) by extensions ['ros']
[0.173s] Level 1:colcon.colcon_core.package_identification:_identify(gaussian_blur) by extension 'ros'
[0.174s] DEBUG:colcon.colcon_core.package_identification:Package 'gaussian_blur' with type 'ros.ament_python' and name 'gaussian_blur'
[0.174s] Level 1:colcon.colcon_core.package_identification:_identify(install) by extensions ['ignore', 'ignore_ament_install']
[0.174s] Level 1:colcon.colcon_core.package_identification:_identify(install) by extension 'ignore'
[0.174s] Level 1:colcon.colcon_core.package_identification:_identify(install) ignored
[0.174s] Level 1:colcon.colcon_core.package_identification:_identify(log) by extensions ['ignore', 'ignore_ament_install']
[0.174s] Level 1:colcon.colcon_core.package_identification:_identify(log) by extension 'ignore'
[0.174s] Level 1:colcon.colcon_core.package_identification:_identify(log) ignored
[0.174s] Level 1:colcon.colcon_core.package_identification:_identify(py_pubsub) by extensions ['ignore', 'ignore_ament_install']
[0.174s] Level 1:colcon.colcon_core.package_identification:_identify(py_pubsub) by extension 'ignore'
[0.174s] Level 1:colcon.colcon_core.package_identification:_identify(py_pubsub) by extension 'ignore_ament_install'
[0.174s] Level 1:colcon.colcon_core.package_identification:_identify(py_pubsub) by extensions ['colcon_pkg']
[0.174s] Level 1:colcon.colcon_core.package_identification:_identify(py_pubsub) by extension 'colcon_pkg'
[0.174s] Level 1:colcon.colcon_core.package_identification:_identify(py_pubsub) by extensions ['colcon_meta']
[0.174s] Level 1:colcon.colcon_core.package_identification:_identify(py_pubsub) by extension 'colcon_meta'
[0.174s] Level 1:colcon.colcon_core.package_identification:_identify(py_pubsub) by extensions ['ros']
[0.174s] Level 1:colcon.colcon_core.package_identification:_identify(py_pubsub) by extension 'ros'
[0.175s] DEBUG:colcon.colcon_core.package_identification:Package 'py_pubsub' with type 'ros.ament_python' and name 'py_pubsub'
[0.175s] Level 1:colcon.colcon_core.package_identification:_identify(undistort_image) by extensions ['ignore', 'ignore_ament_install']
[0.175s] Level 1:colcon.colcon_core.package_identification:_identify(undistort_image) by extension 'ignore'
[0.175s] Level 1:colcon.colcon_core.package_identification:_identify(undistort_image) by extension 'ignore_ament_install'
[0.175s] Level 1:colcon.colcon_core.package_identification:_identify(undistort_image) by extensions ['colcon_pkg']
[0.175s] Level 1:colcon.colcon_core.package_identification:_identify(undistort_image) by extension 'colcon_pkg'
[0.175s] Level 1:colcon.colcon_core.package_identification:_identify(undistort_image) by extensions ['colcon_meta']
[0.175s] Level 1:colcon.colcon_core.package_identification:_identify(undistort_image) by extension 'colcon_meta'
[0.175s] Level 1:colcon.colcon_core.package_identification:_identify(undistort_image) by extensions ['ros']
[0.175s] Level 1:colcon.colcon_core.package_identification:_identify(undistort_image) by extension 'ros'
[0.175s] DEBUG:colcon.colcon_core.package_identification:Package 'undistort_image' with type 'ros.ament_python' and name 'undistort_image'
[0.175s] Level 1:colcon.colcon_core.package_discovery:discover_packages(recursive) using defaults
[0.175s] Level 1:colcon.colcon_core.package_discovery:discover_packages(ignore) discover
[0.175s] Level 1:colcon.colcon_core.package_discovery:discover_packages(ignore) using defaults
[0.175s] Level 1:colcon.colcon_core.package_discovery:discover_packages(path) discover
[0.175s] Level 1:colcon.colcon_core.package_discovery:discover_packages(path) using defaults
[0.193s] Level 1:colcon.colcon_core.package_discovery:discover_packages(prefix_path) check parameters
[0.193s] Level 1:colcon.colcon_core.package_discovery:discover_packages(prefix_path) discover
[0.194s] DEBUG:colcon.colcon_installed_package_information.package_discovery:Found 5 installed packages in /home/krumsvik/workspaces/ros2_ws/src/install
[0.195s] DEBUG:colcon.colcon_installed_package_information.package_discovery:Found 278 installed packages in /opt/ros/humble
[0.196s] Level 1:colcon.colcon_core.package_discovery:discover_packages(prefix_path) using defaults
[0.217s] Level 5:colcon.colcon_core.verb:set package 'canny_edge' build argument 'cmake_args' from command line to 'None'
[0.217s] Level 5:colcon.colcon_core.verb:set package 'canny_edge' build argument 'cmake_target' from command line to 'None'
[0.217s] Level 5:colcon.colcon_core.verb:set package 'canny_edge' build argument 'cmake_target_skip_unavailable' from command line to 'False'
[0.218s] Level 5:colcon.colcon_core.verb:set package 'canny_edge' build argument 'cmake_clean_cache' from command line to 'False'
[0.218s] Level 5:colcon.colcon_core.verb:set package 'canny_edge' build argument 'cmake_clean_first' from command line to 'False'
[0.218s] Level 5:colcon.colcon_core.verb:set package 'canny_edge' build argument 'cmake_force_configure' from command line to 'False'
[0.218s] Level 5:colcon.colcon_core.verb:set package 'canny_edge' build argument 'ament_cmake_args' from command line to 'None'
[0.218s] Level 5:colcon.colcon_core.verb:set package 'canny_edge' build argument 'catkin_cmake_args' from command line to 'None'
[0.218s] Level 5:colcon.colcon_core.verb:set package 'canny_edge' build argument 'catkin_skip_building_tests' from command line to 'False'
[0.218s] DEBUG:colcon.colcon_core.verb:Building package 'canny_edge' with the following arguments: {'ament_cmake_args': None, 'build_base': '/home/krumsvik/workspaces/ros2_ws/src/build/canny_edge', 'catkin_cmake_args': None, 'catkin_skip_building_tests': False, 'cmake_args': None, 'cmake_clean_cache': False, 'cmake_clean_first': False, 'cmake_force_configure': False, 'cmake_target': None, 'cmake_target_skip_unavailable': False, 'install_base': '/home/krumsvik/workspaces/ros2_ws/src/install/canny_edge', 'merge_install': False, 'path': '/home/krumsvik/workspaces/ros2_ws/src/canny_edge', 'symlink_install': False, 'test_result_base': None}
[0.218s] Level 5:colcon.colcon_core.verb:set package 'cv2_contour' build argument 'cmake_args' from command line to 'None'
[0.218s] Level 5:colcon.colcon_core.verb:set package 'cv2_contour' build argument 'cmake_target' from command line to 'None'
[0.218s] Level 5:colcon.colcon_core.verb:set package 'cv2_contour' build argument 'cmake_target_skip_unavailable' from command line to 'False'
[0.218s] Level 5:colcon.colcon_core.verb:set package 'cv2_contour' build argument 'cmake_clean_cache' from command line to 'False'
[0.218s] Level 5:colcon.colcon_core.verb:set package 'cv2_contour' build argument 'cmake_clean_first' from command line to 'False'
[0.218s] Level 5:colcon.colcon_core.verb:set package 'cv2_contour' build argument 'cmake_force_configure' from command line to 'False'
[0.218s] Level 5:colcon.colcon_core.verb:set package 'cv2_contour' build argument 'ament_cmake_args' from command line to 'None'
[0.218s] Level 5:colcon.colcon_core.verb:set package 'cv2_contour' build argument 'catkin_cmake_args' from command line to 'None'
[0.218s] Level 5:colcon.colcon_core.verb:set package 'cv2_contour' build argument 'catkin_skip_building_tests' from command line to 'False'
[0.218s] DEBUG:colcon.colcon_core.verb:Building package 'cv2_contour' with the following arguments: {'ament_cmake_args': None, 'build_base': '/home/krumsvik/workspaces/ros2_ws/src/build/cv2_contour', 'catkin_cmake_args': None, 'catkin_skip_building_tests': False, 'cmake_args': None, 'cmake_clean_cache': False, 'cmake_clean_first': False, 'cmake_force_configure': False, 'cmake_target': None, 'cmake_target_skip_unavailable': False, 'install_base': '/home/krumsvik/workspaces/ros2_ws/src/install/cv2_contour', 'merge_install': False, 'path': '/home/krumsvik/workspaces/ros2_ws/src/cv2_contour', 'symlink_install': False, 'test_result_base': None}
[0.218s] Level 5:colcon.colcon_core.verb:set package 'gaussian_blur' build argument 'cmake_args' from command line to 'None'
[0.218s] Level 5:colcon.colcon_core.verb:set package 'gaussian_blur' build argument 'cmake_target' from command line to 'None'
[0.218s] Level 5:colcon.colcon_core.verb:set package 'gaussian_blur' build argument 'cmake_target_skip_unavailable' from command line to 'False'
[0.218s] Level 5:colcon.colcon_core.verb:set package 'gaussian_blur' build argument 'cmake_clean_cache' from command line to 'False'
[0.218s] Level 5:colcon.colcon_core.verb:set package 'gaussian_blur' build argument 'cmake_clean_first' from command line to 'False'
[0.218s] Level 5:colcon.colcon_core.verb:set package 'gaussian_blur' build argument 'cmake_force_configure' from command line to 'False'
[0.218s] Level 5:colcon.colcon_core.verb:set package 'gaussian_blur' build argument 'ament_cmake_args' from command line to 'None'
[0.218s] Level 5:colcon.colcon_core.verb:set package 'gaussian_blur' build argument 'catkin_cmake_args' from command line to 'None'
[0.218s] Level 5:colcon.colcon_core.verb:set package 'gaussian_blur' build argument 'catkin_skip_building_tests' from command line to 'False'
[0.218s] DEBUG:colcon.colcon_core.verb:Building package 'gaussian_blur' with the following arguments: {'ament_cmake_args': None, 'build_base': '/home/krumsvik/workspaces/ros2_ws/src/build/gaussian_blur', 'catkin_cmake_args': None, 'catkin_skip_building_tests': False, 'cmake_args': None, 'cmake_clean_cache': False, 'cmake_clean_first': False, 'cmake_force_configure': False, 'cmake_target': None, 'cmake_target_skip_unavailable': False, 'install_base': '/home/krumsvik/workspaces/ros2_ws/src/install/gaussian_blur', 'merge_install': False, 'path': '/home/krumsvik/workspaces/ros2_ws/src/gaussian_blur', 'symlink_install': False, 'test_result_base': None}
[0.218s] Level 5:colcon.colcon_core.verb:set package 'py_pubsub' build argument 'cmake_args' from command line to 'None'
[0.218s] Level 5:colcon.colcon_core.verb:set package 'py_pubsub' build argument 'cmake_target' from command line to 'None'
[0.219s] Level 5:colcon.colcon_core.verb:set package 'py_pubsub' build argument 'cmake_target_skip_unavailable' from command line to 'False'
[0.219s] Level 5:colcon.colcon_core.verb:set package 'py_pubsub' build argument 'cmake_clean_cache' from command line to 'False'
[0.219s] Level 5:colcon.colcon_core.verb:set package 'py_pubsub' build argument 'cmake_clean_first' from command line to 'False'
[0.219s] Level 5:colcon.colcon_core.verb:set package 'py_pubsub' build argument 'cmake_force_configure' from command line to 'False'
[0.219s] Level 5:colcon.colcon_core.verb:set package 'py_pubsub' build argument 'ament_cmake_args' from command line to 'None'
[0.219s] Level 5:colcon.colcon_core.verb:set package 'py_pubsub' build argument 'catkin_cmake_args' from command line to 'None'
[0.219s] Level 5:colcon.colcon_core.verb:set package 'py_pubsub' build argument 'catkin_skip_building_tests' from command line to 'False'
[0.219s] DEBUG:colcon.colcon_core.verb:Building package 'py_pubsub' with the following arguments: {'ament_cmake_args': None, 'build_base': '/home/krumsvik/workspaces/ros2_ws/src/build/py_pubsub', 'catkin_cmake_args': None, 'catkin_skip_building_tests': False, 'cmake_args': None, 'cmake_clean_cache': False, 'cmake_clean_first': False, 'cmake_force_configure': False, 'cmake_target': None, 'cmake_target_skip_unavailable': False, 'install_base': '/home/krumsvik/workspaces/ros2_ws/src/install/py_pubsub', 'merge_install': False, 'path': '/home/krumsvik/workspaces/ros2_ws/src/py_pubsub', 'symlink_install': False, 'test_result_base': None}
[0.219s] Level 5:colcon.colcon_core.verb:set package 'undistort_image' build argument 'cmake_args' from command line to 'None'
[0.219s] Level 5:colcon.colcon_core.verb:set package 'undistort_image' build argument 'cmake_target' from command line to 'None'
[0.219s] Level 5:colcon.colcon_core.verb:set package 'undistort_image' build argument 'cmake_target_skip_unavailable' from command line to 'False'
[0.219s] Level 5:colcon.colcon_core.verb:set package 'undistort_image' build argument 'cmake_clean_cache' from command line to 'False'
[0.219s] Level 5:colcon.colcon_core.verb:set package 'undistort_image' build argument 'cmake_clean_first' from command line to 'False'
[0.219s] Level 5:colcon.colcon_core.verb:set package 'undistort_image' build argument 'cmake_force_configure' from command line to 'False'
[0.219s] Level 5:colcon.colcon_core.verb:set package 'undistort_image' build argument 'ament_cmake_args' from command line to 'None'
[0.219s] Level 5:colcon.colcon_core.verb:set package 'undistort_image' build argument 'catkin_cmake_args' from command line to 'None'
[0.219s] Level 5:colcon.colcon_core.verb:set package 'undistort_image' build argument 'catkin_skip_building_tests' from command line to 'False'
[0.219s] DEBUG:colcon.colcon_core.verb:Building package 'undistort_image' with the following arguments: {'ament_cmake_args': None, 'build_base': '/home/krumsvik/workspaces/ros2_ws/src/build/undistort_image', 'catkin_cmake_args': None, 'catkin_skip_building_tests': False, 'cmake_args': None, 'cmake_clean_cache': False, 'cmake_clean_first': False, 'cmake_force_configure': False, 'cmake_target': None, 'cmake_target_skip_unavailable': False, 'install_base': '/home/krumsvik/workspaces/ros2_ws/src/install/undistort_image', 'merge_install': False, 'path': '/home/krumsvik/workspaces/ros2_ws/src/undistort_image', 'symlink_install': False, 'test_result_base': None}
[0.219s] INFO:colcon.colcon_core.executor:Executing jobs using 'parallel' executor
[0.220s] DEBUG:colcon.colcon_parallel_executor.executor.parallel:run_until_complete
[0.220s] INFO:colcon.colcon_ros.task.ament_python.build:Building ROS package in '/home/krumsvik/workspaces/ros2_ws/src/canny_edge' with build type 'ament_python'
[0.220s] Level 1:colcon.colcon_core.shell:create_environment_hook('canny_edge', 'ament_prefix_path')
[0.221s] INFO:colcon.colcon_core.plugin_system:Skipping extension 'colcon_core.shell.bat': Not used on non-Windows systems
[0.221s] INFO:colcon.colcon_core.shell:Creating environment hook '/home/krumsvik/workspaces/ros2_ws/src/install/canny_edge/share/canny_edge/hook/ament_prefix_path.ps1'
[0.222s] INFO:colcon.colcon_core.shell:Creating environment descriptor '/home/krumsvik/workspaces/ros2_ws/src/install/canny_edge/share/canny_edge/hook/ament_prefix_path.dsv'
[0.222s] INFO:colcon.colcon_core.shell:Creating environment hook '/home/krumsvik/workspaces/ros2_ws/src/install/canny_edge/share/canny_edge/hook/ament_prefix_path.sh'
[0.222s] INFO:colcon.colcon_core.shell:Skip shell extension 'powershell' for command environment: Not usable outside of PowerShell
[0.222s] DEBUG:colcon.colcon_core.shell:Skip shell extension 'dsv' for command environment
[0.225s] INFO:colcon.colcon_ros.task.ament_python.build:Building ROS package in '/home/krumsvik/workspaces/ros2_ws/src/cv2_contour' with build type 'ament_python'
[0.225s] Level 1:colcon.colcon_core.shell:create_environment_hook('cv2_contour', 'ament_prefix_path')
[0.225s] INFO:colcon.colcon_core.shell:Creating environment hook '/home/krumsvik/workspaces/ros2_ws/src/install/cv2_contour/share/cv2_contour/hook/ament_prefix_path.ps1'
[0.225s] INFO:colcon.colcon_core.shell:Creating environment descriptor '/home/krumsvik/workspaces/ros2_ws/src/install/cv2_contour/share/cv2_contour/hook/ament_prefix_path.dsv'
[0.225s] INFO:colcon.colcon_core.shell:Creating environment hook '/home/krumsvik/workspaces/ros2_ws/src/install/cv2_contour/share/cv2_contour/hook/ament_prefix_path.sh'
[0.226s] INFO:colcon.colcon_core.shell:Skip shell extension 'powershell' for command environment: Not usable outside of PowerShell
[0.226s] DEBUG:colcon.colcon_core.shell:Skip shell extension 'dsv' for command environment
[0.227s] INFO:colcon.colcon_ros.task.ament_python.build:Building ROS package in '/home/krumsvik/workspaces/ros2_ws/src/gaussian_blur' with build type 'ament_python'
[0.228s] Level 1:colcon.colcon_core.shell:create_environment_hook('gaussian_blur', 'ament_prefix_path')
[0.228s] INFO:colcon.colcon_core.shell:Creating environment hook '/home/krumsvik/workspaces/ros2_ws/src/install/gaussian_blur/share/gaussian_blur/hook/ament_prefix_path.ps1'
[0.229s] INFO:colcon.colcon_core.shell:Creating environment descriptor '/home/krumsvik/workspaces/ros2_ws/src/install/gaussian_blur/share/gaussian_blur/hook/ament_prefix_path.dsv'
[0.230s] INFO:colcon.colcon_core.shell:Creating environment hook '/home/krumsvik/workspaces/ros2_ws/src/install/gaussian_blur/share/gaussian_blur/hook/ament_prefix_path.sh'
[0.230s] INFO:colcon.colcon_core.shell:Skip shell extension 'powershell' for command environment: Not usable outside of PowerShell
[0.230s] DEBUG:colcon.colcon_core.shell:Skip shell extension 'dsv' for command environment
[0.232s] INFO:colcon.colcon_ros.task.ament_python.build:Building ROS package in '/home/krumsvik/workspaces/ros2_ws/src/py_pubsub' with build type 'ament_python'
[0.232s] Level 1:colcon.colcon_core.shell:create_environment_hook('py_pubsub', 'ament_prefix_path')
[0.232s] INFO:colcon.colcon_core.shell:Creating environment hook '/home/krumsvik/workspaces/ros2_ws/src/install/py_pubsub/share/py_pubsub/hook/ament_prefix_path.ps1'
[0.233s] INFO:colcon.colcon_core.shell:Creating environment descriptor '/home/krumsvik/workspaces/ros2_ws/src/install/py_pubsub/share/py_pubsub/hook/ament_prefix_path.dsv'
[0.233s] INFO:colcon.colcon_core.shell:Creating environment hook '/home/krumsvik/workspaces/ros2_ws/src/install/py_pubsub/share/py_pubsub/hook/ament_prefix_path.sh'
[0.233s] INFO:colcon.colcon_core.shell:Skip shell extension 'powershell' for command environment: Not usable outside of PowerShell
[0.233s] DEBUG:colcon.colcon_core.shell:Skip shell extension 'dsv' for command environment
[0.236s] INFO:colcon.colcon_ros.task.ament_python.build:Building ROS package in '/home/krumsvik/workspaces/ros2_ws/src/undistort_image' with build type 'ament_python'
[0.236s] Level 1:colcon.colcon_core.shell:create_environment_hook('undistort_image', 'ament_prefix_path')
[0.236s] INFO:colcon.colcon_core.shell:Creating environment hook '/home/krumsvik/workspaces/ros2_ws/src/install/undistort_image/share/undistort_image/hook/ament_prefix_path.ps1'
[0.236s] INFO:colcon.colcon_core.shell:Creating environment descriptor '/home/krumsvik/workspaces/ros2_ws/src/install/undistort_image/share/undistort_image/hook/ament_prefix_path.dsv'
[0.236s] INFO:colcon.colcon_core.shell:Creating environment hook '/home/krumsvik/workspaces/ros2_ws/src/install/undistort_image/share/undistort_image/hook/ament_prefix_path.sh'
[0.237s] INFO:colcon.colcon_core.shell:Skip shell extension 'powershell' for command environment: Not usable outside of PowerShell
[0.237s] DEBUG:colcon.colcon_core.shell:Skip shell extension 'dsv' for command environment
[0.400s] INFO:colcon.colcon_core.task.python.build:Building Python package in '/home/krumsvik/workspaces/ros2_ws/src/canny_edge'
[0.400s] INFO:colcon.colcon_core.shell:Skip shell extension 'powershell' for command environment: Not usable outside of PowerShell
[0.400s] DEBUG:colcon.colcon_core.shell:Skip shell extension 'dsv' for command environment
[0.551s] INFO:colcon.colcon_core.task.python.build:Building Python package in '/home/krumsvik/workspaces/ros2_ws/src/cv2_contour'
[0.551s] INFO:colcon.colcon_core.shell:Skip shell extension 'powershell' for command environment: Not usable outside of PowerShell
[0.551s] DEBUG:colcon.colcon_core.shell:Skip shell extension 'dsv' for command environment
[0.704s] INFO:colcon.colcon_core.task.python.build:Building Python package in '/home/krumsvik/workspaces/ros2_ws/src/gaussian_blur'
[0.705s] INFO:colcon.colcon_core.shell:Skip shell extension 'powershell' for command environment: Not usable outside of PowerShell
[0.705s] DEBUG:colcon.colcon_core.shell:Skip shell extension 'dsv' for command environment
[0.859s] INFO:colcon.colcon_core.task.python.build:Building Python package in '/home/krumsvik/workspaces/ros2_ws/src/py_pubsub'
[0.859s] INFO:colcon.colcon_core.shell:Skip shell extension 'powershell' for command environment: Not usable outside of PowerShell
[0.859s] DEBUG:colcon.colcon_core.shell:Skip shell extension 'dsv' for command environment
[1.012s] INFO:colcon.colcon_core.task.python.build:Building Python package in '/home/krumsvik/workspaces/ros2_ws/src/undistort_image'
[1.012s] INFO:colcon.colcon_core.shell:Skip shell extension 'powershell' for command environment: Not usable outside of PowerShell
[1.012s] DEBUG:colcon.colcon_core.shell:Skip shell extension 'dsv' for command environment
[1.233s] DEBUG:colcon.colcon_core.event_handler.log_command:Invoking command in '/home/krumsvik/workspaces/ros2_ws/src/cv2_contour': PYTHONPATH=/home/krumsvik/workspaces/ros2_ws/src/build/cv2_contour/prefix_override:/home/krumsvik/workspaces/ros2_ws/src/install/cv2_contour/lib/python3.10/site-packages:${PYTHONPATH} /usr/bin/python3 -W ignore:setup.py install is deprecated setup.py egg_info --egg-base ../build/cv2_contour build --build-base /home/krumsvik/workspaces/ros2_ws/src/build/cv2_contour/build install --record /home/krumsvik/workspaces/ros2_ws/src/build/cv2_contour/install.log --single-version-externally-managed install_data
[1.234s] DEBUG:colcon.colcon_core.event_handler.log_command:Invoking command in '/home/krumsvik/workspaces/ros2_ws/src/gaussian_blur': PYTHONPATH=/home/krumsvik/workspaces/ros2_ws/src/build/gaussian_blur/prefix_override:/home/krumsvik/workspaces/ros2_ws/src/install/gaussian_blur/lib/python3.10/site-packages:${PYTHONPATH} /usr/bin/python3 -W ignore:setup.py install is deprecated setup.py egg_info --egg-base ../build/gaussian_blur build --build-base /home/krumsvik/workspaces/ros2_ws/src/build/gaussian_blur/build install --record /home/krumsvik/workspaces/ros2_ws/src/build/gaussian_blur/install.log --single-version-externally-managed install_data
[1.236s] DEBUG:colcon.colcon_core.event_handler.log_command:Invoking command in '/home/krumsvik/workspaces/ros2_ws/src/undistort_image': PYTHONPATH=/home/krumsvik/workspaces/ros2_ws/src/build/undistort_image/prefix_override:/home/krumsvik/workspaces/ros2_ws/src/install/undistort_image/lib/python3.10/site-packages:${PYTHONPATH} /usr/bin/python3 -W ignore:setup.py install is deprecated setup.py egg_info --egg-base ../build/undistort_image build --build-base /home/krumsvik/workspaces/ros2_ws/src/build/undistort_image/build install --record /home/krumsvik/workspaces/ros2_ws/src/build/undistort_image/install.log --single-version-externally-managed install_data
[1.237s] DEBUG:colcon.colcon_core.event_handler.log_command:Invoking command in '/home/krumsvik/workspaces/ros2_ws/src/canny_edge': PYTHONPATH=/home/krumsvik/workspaces/ros2_ws/src/build/canny_edge/prefix_override:/home/krumsvik/workspaces/ros2_ws/src/install/canny_edge/lib/python3.10/site-packages:${PYTHONPATH} /usr/bin/python3 -W ignore:setup.py install is deprecated setup.py egg_info --egg-base ../build/canny_edge build --build-base /home/krumsvik/workspaces/ros2_ws/src/build/canny_edge/build install --record /home/krumsvik/workspaces/ros2_ws/src/build/canny_edge/install.log --single-version-externally-managed install_data
[1.238s] DEBUG:colcon.colcon_core.event_handler.log_command:Invoking command in '/home/krumsvik/workspaces/ros2_ws/src/py_pubsub': PYTHONPATH=/home/krumsvik/workspaces/ros2_ws/src/build/py_pubsub/prefix_override:/home/krumsvik/workspaces/ros2_ws/src/install/py_pubsub/lib/python3.10/site-packages:${PYTHONPATH} /usr/bin/python3 -W ignore:setup.py install is deprecated setup.py egg_info --egg-base ../build/py_pubsub build --build-base /home/krumsvik/workspaces/ros2_ws/src/build/py_pubsub/build install --record /home/krumsvik/workspaces/ros2_ws/src/build/py_pubsub/install.log --single-version-externally-managed install_data
[1.425s] DEBUG:colcon.colcon_core.event_handler.log_command:Invoked command in '/home/krumsvik/workspaces/ros2_ws/src/gaussian_blur' returned '0': PYTHONPATH=/home/krumsvik/workspaces/ros2_ws/src/build/gaussian_blur/prefix_override:/home/krumsvik/workspaces/ros2_ws/src/install/gaussian_blur/lib/python3.10/site-packages:${PYTHONPATH} /usr/bin/python3 -W ignore:setup.py install is deprecated setup.py egg_info --egg-base ../build/gaussian_blur build --build-base /home/krumsvik/workspaces/ros2_ws/src/build/gaussian_blur/build install --record /home/krumsvik/workspaces/ros2_ws/src/build/gaussian_blur/install.log --single-version-externally-managed install_data
[1.426s] Level 1:colcon.colcon_core.environment:checking '/home/krumsvik/workspaces/ros2_ws/src/install/gaussian_blur' for CMake module files
[1.427s] Level 1:colcon.colcon_core.environment:checking '/home/krumsvik/workspaces/ros2_ws/src/install/gaussian_blur' for CMake config files
[1.427s] Level 1:colcon.colcon_core.environment:checking '/home/krumsvik/workspaces/ros2_ws/src/install/gaussian_blur/lib'
[1.427s] Level 1:colcon.colcon_core.environment:checking '/home/krumsvik/workspaces/ros2_ws/src/install/gaussian_blur/bin'
[1.427s] Level 1:colcon.colcon_core.environment:checking '/home/krumsvik/workspaces/ros2_ws/src/install/gaussian_blur/lib/pkgconfig/gaussian_blur.pc'
[1.427s] Level 1:colcon.colcon_core.environment:checking '/home/krumsvik/workspaces/ros2_ws/src/install/gaussian_blur/lib/python3.10/site-packages'
[1.427s] Level 1:colcon.colcon_core.shell:create_environment_hook('gaussian_blur', 'pythonpath')
[1.428s] INFO:colcon.colcon_core.shell:Creating environment hook '/home/krumsvik/workspaces/ros2_ws/src/install/gaussian_blur/share/gaussian_blur/hook/pythonpath.ps1'
[1.428s] INFO:colcon.colcon_core.shell:Creating environment descriptor '/home/krumsvik/workspaces/ros2_ws/src/install/gaussian_blur/share/gaussian_blur/hook/pythonpath.dsv'
[1.428s] INFO:colcon.colcon_core.shell:Creating environment hook '/home/krumsvik/workspaces/ros2_ws/src/install/gaussian_blur/share/gaussian_blur/hook/pythonpath.sh'
[1.429s] Level 1:colcon.colcon_core.environment:checking '/home/krumsvik/workspaces/ros2_ws/src/install/gaussian_blur/bin'
[1.429s] Level 1:colcon.colcon_core.environment:create_environment_scripts_only(gaussian_blur)
[1.429s] INFO:colcon.colcon_core.shell:Creating package script '/home/krumsvik/workspaces/ros2_ws/src/install/gaussian_blur/share/gaussian_blur/package.ps1'
[1.429s] INFO:colcon.colcon_core.shell:Creating package descriptor '/home/krumsvik/workspaces/ros2_ws/src/install/gaussian_blur/share/gaussian_blur/package.dsv'
[1.430s] INFO:colcon.colcon_core.shell:Creating package script '/home/krumsvik/workspaces/ros2_ws/src/install/gaussian_blur/share/gaussian_blur/package.sh'
[1.430s] INFO:colcon.colcon_core.shell:Creating package script '/home/krumsvik/workspaces/ros2_ws/src/install/gaussian_blur/share/gaussian_blur/package.bash'
[1.430s] INFO:colcon.colcon_core.shell:Creating package script '/home/krumsvik/workspaces/ros2_ws/src/install/gaussian_blur/share/gaussian_blur/package.zsh'
[1.431s] Level 1:colcon.colcon_core.environment:create_file_with_runtime_dependencies(/home/krumsvik/workspaces/ros2_ws/src/install/gaussian_blur/share/colcon-core/packages/gaussian_blur)
[1.432s] Level 1:colcon.colcon_core.environment:checking '/home/krumsvik/workspaces/ros2_ws/src/install/cv2_contour' for CMake module files
[1.433s] DEBUG:colcon.colcon_core.event_handler.log_command:Invoked command in '/home/krumsvik/workspaces/ros2_ws/src/cv2_contour' returned '0': PYTHONPATH=/home/krumsvik/workspaces/ros2_ws/src/build/cv2_contour/prefix_override:/home/krumsvik/workspaces/ros2_ws/src/install/cv2_contour/lib/python3.10/site-packages:${PYTHONPATH} /usr/bin/python3 -W ignore:setup.py install is deprecated setup.py egg_info --egg-base ../build/cv2_contour build --build-base /home/krumsvik/workspaces/ros2_ws/src/build/cv2_contour/build install --record /home/krumsvik/workspaces/ros2_ws/src/build/cv2_contour/install.log --single-version-externally-managed install_data
[1.433s] Level 1:colcon.colcon_core.environment:checking '/home/krumsvik/workspaces/ros2_ws/src/install/cv2_contour' for CMake config files
[1.433s] Level 1:colcon.colcon_core.environment:checking '/home/krumsvik/workspaces/ros2_ws/src/install/cv2_contour/lib'
[1.433s] Level 1:colcon.colcon_core.environment:checking '/home/krumsvik/workspaces/ros2_ws/src/install/cv2_contour/bin'
[1.433s] Level 1:colcon.colcon_core.environment:checking '/home/krumsvik/workspaces/ros2_ws/src/install/cv2_contour/lib/pkgconfig/cv2_contour.pc'
[1.434s] Level 1:colcon.colcon_core.environment:checking '/home/krumsvik/workspaces/ros2_ws/src/install/cv2_contour/lib/python3.10/site-packages'
[1.434s] Level 1:colcon.colcon_core.shell:create_environment_hook('cv2_contour', 'pythonpath')
[1.434s] INFO:colcon.colcon_core.shell:Creating environment hook '/home/krumsvik/workspaces/ros2_ws/src/install/cv2_contour/share/cv2_contour/hook/pythonpath.ps1'
[1.434s] INFO:colcon.colcon_core.shell:Creating environment descriptor '/home/krumsvik/workspaces/ros2_ws/src/install/cv2_contour/share/cv2_contour/hook/pythonpath.dsv'
[1.434s] INFO:colcon.colcon_core.shell:Creating environment hook '/home/krumsvik/workspaces/ros2_ws/src/install/cv2_contour/share/cv2_contour/hook/pythonpath.sh'
[1.435s] Level 1:colcon.colcon_core.environment:checking '/home/krumsvik/workspaces/ros2_ws/src/install/cv2_contour/bin'
[1.435s] Level 1:colcon.colcon_core.environment:create_environment_scripts_only(cv2_contour)
[1.435s] INFO:colcon.colcon_core.shell:Creating package script '/home/krumsvik/workspaces/ros2_ws/src/install/cv2_contour/share/cv2_contour/package.ps1'
[1.435s] INFO:colcon.colcon_core.shell:Creating package descriptor '/home/krumsvik/workspaces/ros2_ws/src/install/cv2_contour/share/cv2_contour/package.dsv'
[1.435s] INFO:colcon.colcon_core.shell:Creating package script '/home/krumsvik/workspaces/ros2_ws/src/install/cv2_contour/share/cv2_contour/package.sh'
[1.436s] INFO:colcon.colcon_core.shell:Creating package script '/home/krumsvik/workspaces/ros2_ws/src/install/cv2_contour/share/cv2_contour/package.bash'
[1.436s] INFO:colcon.colcon_core.shell:Creating package script '/home/krumsvik/workspaces/ros2_ws/src/install/cv2_contour/share/cv2_contour/package.zsh'
[1.436s] Level 1:colcon.colcon_core.environment:create_file_with_runtime_dependencies(/home/krumsvik/workspaces/ros2_ws/src/install/cv2_contour/share/colcon-core/packages/cv2_contour)
[1.436s] Level 1:colcon.colcon_core.environment:checking '/home/krumsvik/workspaces/ros2_ws/src/install/canny_edge' for CMake module files
[1.437s] DEBUG:colcon.colcon_core.event_handler.log_command:Invoked command in '/home/krumsvik/workspaces/ros2_ws/src/canny_edge' returned '0': PYTHONPATH=/home/krumsvik/workspaces/ros2_ws/src/build/canny_edge/prefix_override:/home/krumsvik/workspaces/ros2_ws/src/install/canny_edge/lib/python3.10/site-packages:${PYTHONPATH} /usr/bin/python3 -W ignore:setup.py install is deprecated setup.py egg_info --egg-base ../build/canny_edge build --build-base /home/krumsvik/workspaces/ros2_ws/src/build/canny_edge/build install --record /home/krumsvik/workspaces/ros2_ws/src/build/canny_edge/install.log --single-version-externally-managed install_data
[1.437s] Level 1:colcon.colcon_core.environment:checking '/home/krumsvik/workspaces/ros2_ws/src/install/canny_edge' for CMake config files
[1.437s] Level 1:colcon.colcon_core.environment:checking '/home/krumsvik/workspaces/ros2_ws/src/install/canny_edge/lib'
[1.437s] Level 1:colcon.colcon_core.environment:checking '/home/krumsvik/workspaces/ros2_ws/src/install/canny_edge/bin'
[1.437s] Level 1:colcon.colcon_core.environment:checking '/home/krumsvik/workspaces/ros2_ws/src/install/canny_edge/lib/pkgconfig/canny_edge.pc'
[1.437s] Level 1:colcon.colcon_core.environment:checking '/home/krumsvik/workspaces/ros2_ws/src/install/canny_edge/lib/python3.10/site-packages'
[1.437s] Level 1:colcon.colcon_core.shell:create_environment_hook('canny_edge', 'pythonpath')
[1.438s] INFO:colcon.colcon_core.shell:Creating environment hook '/home/krumsvik/workspaces/ros2_ws/src/install/canny_edge/share/canny_edge/hook/pythonpath.ps1'
[1.438s] INFO:colcon.colcon_core.shell:Creating environment descriptor '/home/krumsvik/workspaces/ros2_ws/src/install/canny_edge/share/canny_edge/hook/pythonpath.dsv'
[1.438s] INFO:colcon.colcon_core.shell:Creating environment hook '/home/krumsvik/workspaces/ros2_ws/src/install/canny_edge/share/canny_edge/hook/pythonpath.sh'
[1.438s] Level 1:colcon.colcon_core.environment:checking '/home/krumsvik/workspaces/ros2_ws/src/install/canny_edge/bin'
[1.438s] Level 1:colcon.colcon_core.environment:create_environment_scripts_only(canny_edge)
[1.439s] INFO:colcon.colcon_core.shell:Creating package script '/home/krumsvik/workspaces/ros2_ws/src/install/canny_edge/share/canny_edge/package.ps1'
[1.439s] INFO:colcon.colcon_core.shell:Creating package descriptor '/home/krumsvik/workspaces/ros2_ws/src/install/canny_edge/share/canny_edge/package.dsv'
[1.439s] INFO:colcon.colcon_core.shell:Creating package script '/home/krumsvik/workspaces/ros2_ws/src/install/canny_edge/share/canny_edge/package.sh'
[1.439s] INFO:colcon.colcon_core.shell:Creating package script '/home/krumsvik/workspaces/ros2_ws/src/install/canny_edge/share/canny_edge/package.bash'
[1.440s] INFO:colcon.colcon_core.shell:Creating package script '/home/krumsvik/workspaces/ros2_ws/src/install/canny_edge/share/canny_edge/package.zsh'
[1.440s] Level 1:colcon.colcon_core.environment:create_file_with_runtime_dependencies(/home/krumsvik/workspaces/ros2_ws/src/install/canny_edge/share/colcon-core/packages/canny_edge)
[1.440s] Level 1:colcon.colcon_core.environment:checking '/home/krumsvik/workspaces/ros2_ws/src/install/undistort_image' for CMake module files
[1.440s] DEBUG:colcon.colcon_core.event_handler.log_command:Invoked command in '/home/krumsvik/workspaces/ros2_ws/src/undistort_image' returned '0': PYTHONPATH=/home/krumsvik/workspaces/ros2_ws/src/build/undistort_image/prefix_override:/home/krumsvik/workspaces/ros2_ws/src/install/undistort_image/lib/python3.10/site-packages:${PYTHONPATH} /usr/bin/python3 -W ignore:setup.py install is deprecated setup.py egg_info --egg-base ../build/undistort_image build --build-base /home/krumsvik/workspaces/ros2_ws/src/build/undistort_image/build install --record /home/krumsvik/workspaces/ros2_ws/src/build/undistort_image/install.log --single-version-externally-managed install_data
[1.441s] Level 1:colcon.colcon_core.environment:checking '/home/krumsvik/workspaces/ros2_ws/src/install/undistort_image' for CMake config files
[1.441s] Level 1:colcon.colcon_core.environment:checking '/home/krumsvik/workspaces/ros2_ws/src/install/undistort_image/lib'
[1.441s] Level 1:colcon.colcon_core.environment:checking '/home/krumsvik/workspaces/ros2_ws/src/install/undistort_image/bin'
[1.441s] Level 1:colcon.colcon_core.environment:checking '/home/krumsvik/workspaces/ros2_ws/src/install/undistort_image/lib/pkgconfig/undistort_image.pc'
[1.441s] Level 1:colcon.colcon_core.environment:checking '/home/krumsvik/workspaces/ros2_ws/src/install/undistort_image/lib/python3.10/site-packages'
[1.441s] Level 1:colcon.colcon_core.shell:create_environment_hook('undistort_image', 'pythonpath')
[1.441s] INFO:colcon.colcon_core.shell:Creating environment hook '/home/krumsvik/workspaces/ros2_ws/src/install/undistort_image/share/undistort_image/hook/pythonpath.ps1'
[1.441s] INFO:colcon.colcon_core.shell:Creating environment descriptor '/home/krumsvik/workspaces/ros2_ws/src/install/undistort_image/share/undistort_image/hook/pythonpath.dsv'
[1.442s] INFO:colcon.colcon_core.shell:Creating environment hook '/home/krumsvik/workspaces/ros2_ws/src/install/undistort_image/share/undistort_image/hook/pythonpath.sh'
[1.442s] Level 1:colcon.colcon_core.environment:checking '/home/krumsvik/workspaces/ros2_ws/src/install/undistort_image/bin'
[1.442s] Level 1:colcon.colcon_core.environment:create_environment_scripts_only(undistort_image)
[1.442s] INFO:colcon.colcon_core.shell:Creating package script '/home/krumsvik/workspaces/ros2_ws/src/install/undistort_image/share/undistort_image/package.ps1'
[1.442s] INFO:colcon.colcon_core.shell:Creating package descriptor '/home/krumsvik/workspaces/ros2_ws/src/install/undistort_image/share/undistort_image/package.dsv'
[1.443s] INFO:colcon.colcon_core.shell:Creating package script '/home/krumsvik/workspaces/ros2_ws/src/install/undistort_image/share/undistort_image/package.sh'
[1.443s] INFO:colcon.colcon_core.shell:Creating package script '/home/krumsvik/workspaces/ros2_ws/src/install/undistort_image/share/undistort_image/package.bash'
[1.443s] INFO:colcon.colcon_core.shell:Creating package script '/home/krumsvik/workspaces/ros2_ws/src/install/undistort_image/share/undistort_image/package.zsh'
[1.443s] Level 1:colcon.colcon_core.environment:create_file_with_runtime_dependencies(/home/krumsvik/workspaces/ros2_ws/src/install/undistort_image/share/colcon-core/packages/undistort_image)
[1.444s] Level 1:colcon.colcon_core.environment:checking '/home/krumsvik/workspaces/ros2_ws/src/install/py_pubsub' for CMake module files
[1.444s] DEBUG:colcon.colcon_core.event_handler.log_command:Invoked command in '/home/krumsvik/workspaces/ros2_ws/src/py_pubsub' returned '0': PYTHONPATH=/home/krumsvik/workspaces/ros2_ws/src/build/py_pubsub/prefix_override:/home/krumsvik/workspaces/ros2_ws/src/install/py_pubsub/lib/python3.10/site-packages:${PYTHONPATH} /usr/bin/python3 -W ignore:setup.py install is deprecated setup.py egg_info --egg-base ../build/py_pubsub build --build-base /home/krumsvik/workspaces/ros2_ws/src/build/py_pubsub/build install --record /home/krumsvik/workspaces/ros2_ws/src/build/py_pubsub/install.log --single-version-externally-managed install_data
[1.444s] Level 1:colcon.colcon_core.environment:checking '/home/krumsvik/workspaces/ros2_ws/src/install/py_pubsub' for CMake config files
[1.445s] Level 1:colcon.colcon_core.environment:checking '/home/krumsvik/workspaces/ros2_ws/src/install/py_pubsub/lib'
[1.445s] Level 1:colcon.colcon_core.environment:checking '/home/krumsvik/workspaces/ros2_ws/src/install/py_pubsub/bin'
[1.445s] Level 1:colcon.colcon_core.environment:checking '/home/krumsvik/workspaces/ros2_ws/src/install/py_pubsub/lib/pkgconfig/py_pubsub.pc'
[1.445s] Level 1:colcon.colcon_core.environment:checking '/home/krumsvik/workspaces/ros2_ws/src/install/py_pubsub/lib/python3.10/site-packages'
[1.445s] Level 1:colcon.colcon_core.shell:create_environment_hook('py_pubsub', 'pythonpath')
[1.445s] INFO:colcon.colcon_core.shell:Creating environment hook '/home/krumsvik/workspaces/ros2_ws/src/install/py_pubsub/share/py_pubsub/hook/pythonpath.ps1'
[1.445s] INFO:colcon.colcon_core.shell:Creating environment descriptor '/home/krumsvik/workspaces/ros2_ws/src/install/py_pubsub/share/py_pubsub/hook/pythonpath.dsv'
[1.446s] INFO:colcon.colcon_core.shell:Creating environment hook '/home/krumsvik/workspaces/ros2_ws/src/install/py_pubsub/share/py_pubsub/hook/pythonpath.sh'
[1.446s] Level 1:colcon.colcon_core.environment:checking '/home/krumsvik/workspaces/ros2_ws/src/install/py_pubsub/bin'
[1.446s] Level 1:colcon.colcon_core.environment:create_environment_scripts_only(py_pubsub)
[1.446s] INFO:colcon.colcon_core.shell:Creating package script '/home/krumsvik/workspaces/ros2_ws/src/install/py_pubsub/share/py_pubsub/package.ps1'
[1.446s] INFO:colcon.colcon_core.shell:Creating package descriptor '/home/krumsvik/workspaces/ros2_ws/src/install/py_pubsub/share/py_pubsub/package.dsv'
[1.447s] INFO:colcon.colcon_core.shell:Creating package script '/home/krumsvik/workspaces/ros2_ws/src/install/py_pubsub/share/py_pubsub/package.sh'
[1.447s] INFO:colcon.colcon_core.shell:Creating package script '/home/krumsvik/workspaces/ros2_ws/src/install/py_pubsub/share/py_pubsub/package.bash'
[1.447s] INFO:colcon.colcon_core.shell:Creating package script '/home/krumsvik/workspaces/ros2_ws/src/install/py_pubsub/share/py_pubsub/package.zsh'
[1.447s] Level 1:colcon.colcon_core.environment:create_file_with_runtime_dependencies(/home/krumsvik/workspaces/ros2_ws/src/install/py_pubsub/share/colcon-core/packages/py_pubsub)
[1.447s] DEBUG:colcon.colcon_parallel_executor.executor.parallel:closing loop
[1.448s] DEBUG:colcon.colcon_parallel_executor.executor.parallel:loop closed
[1.448s] DEBUG:colcon.colcon_parallel_executor.executor.parallel:run_until_complete finished with '0'
[1.448s] DEBUG:colcon.colcon_core.event_reactor:joining thread
[1.451s] INFO:colcon.colcon_core.plugin_system:Skipping extension 'colcon_notification.desktop_notification.terminal_notifier': Not used on non-Darwin systems
[1.452s] INFO:colcon.colcon_core.plugin_system:Skipping extension 'colcon_notification.desktop_notification.win32': Not used on non-Windows systems
[1.452s] INFO:colcon.colcon_notification.desktop_notification:Sending desktop notification using 'notify2'
[1.459s] DEBUG:colcon.colcon_core.event_reactor:joined thread
[1.459s] INFO:colcon.colcon_core.shell:Creating prefix script '/home/krumsvik/workspaces/ros2_ws/src/install/local_setup.ps1'
[1.460s] INFO:colcon.colcon_core.shell:Creating prefix util module '/home/krumsvik/workspaces/ros2_ws/src/install/_local_setup_util_ps1.py'
[1.460s] INFO:colcon.colcon_core.shell:Creating prefix chain script '/home/krumsvik/workspaces/ros2_ws/src/install/setup.ps1'
[1.461s] INFO:colcon.colcon_core.shell:Creating prefix script '/home/krumsvik/workspaces/ros2_ws/src/install/local_setup.sh'
[1.462s] INFO:colcon.colcon_core.shell:Creating prefix util module '/home/krumsvik/workspaces/ros2_ws/src/install/_local_setup_util_sh.py'
[1.462s] INFO:colcon.colcon_core.shell:Creating prefix chain script '/home/krumsvik/workspaces/ros2_ws/src/install/setup.sh'
[1.463s] INFO:colcon.colcon_core.shell:Creating prefix script '/home/krumsvik/workspaces/ros2_ws/src/install/local_setup.bash'
[1.463s] INFO:colcon.colcon_core.shell:Creating prefix chain script '/home/krumsvik/workspaces/ros2_ws/src/install/setup.bash'
[1.464s] INFO:colcon.colcon_core.shell:Creating prefix script '/home/krumsvik/workspaces/ros2_ws/src/install/local_setup.zsh'
[1.464s] INFO:colcon.colcon_core.shell:Creating prefix chain script '/home/krumsvik/workspaces/ros2_ws/src/install/setup.zsh'
